<?xml version="1.0" encoding="UTF-8"?>
<!-- Generated by org.testng.reporters.JUnitXMLReporter -->
<testsuite hostname="火乐乐的电脑" name="s1" tests="62" failures="3" timestamp="17 Dec 2017 03:12:00 GMT" time="1260.366" errors="0">
  <testcase name="testLogin" time="13.379" classname="test.Login"/>
  <testcase name="testLogin" time="11.687" classname="test.testNickname"/>
  <testcase name="testAddMessage" time="16.901" classname="test.testNickname"/>
  <testcase name="testAddMessage" time="15.29" classname="test.testNickname"/>
  <testcase name="testAddMessage" time="15.422" classname="test.testNickname"/>
  <testcase name="testAddMessage" time="15.499" classname="test.testNickname"/>
  <testcase name="testAddMessage" time="15.263" classname="test.testNickname"/>
  <testcase name="testAddMessage" time="15.336" classname="test.testNickname"/>
  <testcase name="testAddMessage" time="15.548" classname="test.testNickname"/>
  <testcase name="testAddMessage" time="15.282" classname="test.testNickname"/>
  <testcase name="testAddMessage" time="15.392" classname="test.testNickname"/>
  <testcase name="testLogin" time="11.756" classname="test.testEmail"/>
  <testcase name="testAddMessage2" time="16.185" classname="test.testEmail"/>
  <testcase name="testAddMessage2" time="15.312" classname="test.testEmail"/>
  <testcase name="testAddMessage2" time="15.497" classname="test.testEmail"/>
  <testcase name="testAddMessage2" time="15.226" classname="test.testEmail"/>
  <testcase name="testAddMessage2" time="15.232" classname="test.testEmail"/>
  <testcase name="testAddMessage2" time="15.198" classname="test.testEmail"/>
  <testcase name="testAddMessage2" time="15.334" classname="test.testEmail"/>
  <testcase name="testAddMessage2" time="15.222" classname="test.testEmail"/>
  <testcase name="testAddMessage2" time="15.317" classname="test.testEmail"/>
  <testcase name="testLogin" time="12.261" classname="test.testName"/>
  <testcase name="testAddMessage3" time="16.063" classname="test.testName"/>
  <testcase name="testAddMessage3" time="15.37" classname="test.testName"/>
  <testcase name="testAddMessage3" time="15.312" classname="test.testName"/>
  <testcase name="testAddMessage3" time="15.402" classname="test.testName"/>
  <testcase name="testAddMessage3" time="15.433" classname="test.testName"/>
  <testcase name="testAddMessage3" time="15.361" classname="test.testName"/>
  <testcase name="testAddMessage3" time="15.332" classname="test.testName"/>
  <testcase name="testAddMessage3" time="15.334" classname="test.testName"/>
  <testcase name="testAddMessage3" time="15.415" classname="test.testName"/>
  <testcase name="testLogin" time="11.994" classname="test.testPasswd"/>
  <testcase name="testAddMessage4" time="15.89" classname="test.testPasswd"/>
  <testcase name="testAddMessage4" time="15.349" classname="test.testPasswd"/>
  <testcase name="testAddMessage4" time="15.496" classname="test.testPasswd"/>
  <testcase name="testAddMessage4" time="15.372" classname="test.testPasswd"/>
  <testcase name="testAddMessage4" time="15.407" classname="test.testPasswd"/>
  <testcase name="testAddMessage4" time="15.366" classname="test.testPasswd"/>
  <testcase name="testAddMessage4" time="15.347" classname="test.testPasswd"/>
  <testcase name="testAddMessage4" time="15.545" classname="test.testPasswd"/>
  <testcase name="testAddMessage4" time="15.434" classname="test.testPasswd"/>
  <testcase name="testAddMessage4" time="15.414" classname="test.testPasswd"/>
  <testcase name="testAddMessage4" time="15.733" classname="test.testPasswd"/>
  <testcase name="testLogin" time="11.956" classname="test.testAddAddress"/>
  <testcase name="testAddAddresses" time="28.438" classname="test.testAddAddress">
    <failure type="org.openqa.selenium.NoSuchElementException" message="Cannot locate option with value: 深州
For documentation on this error, please visit: http://seleniumhq.org/exceptions/no_such_element.html
Build info: version: &amp;apos;3.6.0&amp;apos;, revision: &amp;apos;6fbf3ec767&amp;apos;, time: &amp;apos;2017-09-27T16:15:40.131Z&amp;apos;
System info: host: &amp;apos;火乐乐的电脑&amp;apos;, ip: &amp;apos;169.254.52.63&amp;apos;, os.name: &amp;apos;Windows 10&amp;apos;, os.arch: &amp;apos;amd64&amp;apos;, os.version: &amp;apos;10.0&amp;apos;, java.version: &amp;apos;1.8.0_144&amp;apos;
Driver info: driver.version: unknown">
      <![CDATA[org.openqa.selenium.NoSuchElementException: Cannot locate option with value: 深州
For documentation on this error, please visit: http://seleniumhq.org/exceptions/no_such_element.html
Build info: version: '3.6.0', revision: '6fbf3ec767', time: '2017-09-27T16:15:40.131Z'
System info: host: '火乐乐的电脑', ip: '169.254.52.63', os.name: 'Windows 10', os.arch: 'amd64', os.version: '10.0', java.version: '1.8.0_144'
Driver info: driver.version: unknown
	at org.openqa.selenium.support.ui.Select.selectByValue(Select.java:209)
	at com.webtest.core.WebDriverEngine.selectByValue(WebDriverEngine.java:208)
	at manage.AddAddress.input(AddAddress.java:22)
	at test.testAddAddress.testAddAddresses(testAddAddress.java:21)
... Removed 24 stack frames]]>
    </failure>
  </testcase> <!-- testAddAddresses -->
  <testcase name="testAddAddresses" time="43.883" classname="test.testAddAddress"/>
  <testcase name="testAddAddresses" time="43.793" classname="test.testAddAddress"/>
  <testcase name="testAddAddresses" time="43.692" classname="test.testAddAddress"/>
  <testcase name="testAddAddresses" time="44.121" classname="test.testAddAddress"/>
  <testcase name="testAddAddresses" time="43.732" classname="test.testAddAddress"/>
  <testcase name="testLogin" time="11.926" classname="test.testDeleteAddress"/>
  <testcase name="testDeleteAddresses" time="0.176" classname="test.testDeleteAddress"/>
  <testcase name="testLogin" time="12.026" classname="test.testAddShopping"/>
  <testcase name="testAddShoppings" time="32.414" classname="test.testAddShopping"/>
  <testcase name="testLogin" time="12.045" classname="test.testDeleteShopping"/>
  <testcase name="testDeleteShoppings" time="11.267" classname="test.testDeleteShopping"/>
  <testcase name="testLogin" time="12.049" classname="test.testPayNone"/>
  <testcase name="testPayNones" time="13.708" classname="test.testPayNone"/>
  <testcase name="testLogin" time="12.895" classname="test.testPayOne"/>
  <testcase name="testPayOnes" time="17.083" classname="test.testPayOne">
    <failure type="org.openqa.selenium.UnhandledAlertException" message=": 
Build info: version: &amp;apos;3.6.0&amp;apos;, revision: &amp;apos;6fbf3ec767&amp;apos;, time: &amp;apos;2017-09-27T16:15:40.131Z&amp;apos;
System info: host: &amp;apos;火乐乐的电脑&amp;apos;, ip: &amp;apos;169.254.52.63&amp;apos;, os.name: &amp;apos;Windows 10&amp;apos;, os.arch: &amp;apos;amd64&amp;apos;, os.version: &amp;apos;10.0&amp;apos;, java.version: &amp;apos;1.8.0_144&amp;apos;
Driver info: org.openqa.selenium.firefox.FirefoxDriver
Capabilities [{moz:profile=C:\Users\火乐乐\AppData\Local\Temp\rust_mozprofile.BjLW90nrkYJj, rotatable=false, timeouts={implicit=0, pageLoad=300000, script=30000}, pageLoadStrategy=normal, platform=XP, specificationLevel=0, moz:accessibilityChecks=false, acceptInsecureCerts=true, browserVersion=55.0.3, platformVersion=10.0, moz:processID=4780, browserName=firefox, javascriptEnabled=true, platformName=XP}]
Session ID: cb300336-71ed-4448-8ec8-d4c709ddbfcc">
      <![CDATA[org.openqa.selenium.UnhandledAlertException: : 
Build info: version: '3.6.0', revision: '6fbf3ec767', time: '2017-09-27T16:15:40.131Z'
System info: host: '火乐乐的电脑', ip: '169.254.52.63', os.name: 'Windows 10', os.arch: 'amd64', os.version: '10.0', java.version: '1.8.0_144'
Driver info: org.openqa.selenium.firefox.FirefoxDriver
Capabilities [{moz:profile=C:\Users\火乐乐\AppData\Local\Temp\rust_mozprofile.BjLW90nrkYJj, rotatable=false, timeouts={implicit=0, pageLoad=300000, script=30000}, pageLoadStrategy=normal, platform=XP, specificationLevel=0, moz:accessibilityChecks=false, acceptInsecureCerts=true, browserVersion=55.0.3, platformVersion=10.0, moz:processID=4780, browserName=firefox, javascriptEnabled=true, platformName=XP}]
Session ID: cb300336-71ed-4448-8ec8-d4c709ddbfcc
	at org.openqa.selenium.remote.http.W3CHttpResponseCodec.decode(W3CHttpResponseCodec.java:118)
	at org.openqa.selenium.remote.http.W3CHttpResponseCodec.decode(W3CHttpResponseCodec.java:49)
	at org.openqa.selenium.remote.HttpCommandExecutor.execute(HttpCommandExecutor.java:164)
	at org.openqa.selenium.remote.service.DriverCommandExecutor.execute(DriverCommandExecutor.java:83)
	at org.openqa.selenium.remote.RemoteWebDriver.execute(RemoteWebDriver.java:586)
	at org.openqa.selenium.remote.RemoteWebDriver.execute(RemoteWebDriver.java:643)
	at org.openqa.selenium.remote.RemoteWebDriver.close(RemoteWebDriver.java:472)
	at com.webtest.core.WebDriverEngine.closeWindow(WebDriverEngine.java:260)
	at manage.Pay.pay(Pay.java:32)
	at test.testPayOne.testPayOnes(testPayOne.java:19)
... Removed 24 stack frames]]>
    </failure>
  </testcase> <!-- testPayOnes -->
  <testcase name="testLogin" time="13.021" classname="test.testPayAll"/>
  <testcase name="testPayAlls" time="19.883" classname="test.testPayAll">
    <failure type="org.openqa.selenium.UnhandledAlertException" message=": 
Build info: version: &amp;apos;3.6.0&amp;apos;, revision: &amp;apos;6fbf3ec767&amp;apos;, time: &amp;apos;2017-09-27T16:15:40.131Z&amp;apos;
System info: host: &amp;apos;火乐乐的电脑&amp;apos;, ip: &amp;apos;169.254.52.63&amp;apos;, os.name: &amp;apos;Windows 10&amp;apos;, os.arch: &amp;apos;amd64&amp;apos;, os.version: &amp;apos;10.0&amp;apos;, java.version: &amp;apos;1.8.0_144&amp;apos;
Driver info: org.openqa.selenium.firefox.FirefoxDriver
Capabilities [{moz:profile=C:\Users\火乐乐\AppData\Local\Temp\rust_mozprofile.CxueIdD8Waui, rotatable=false, timeouts={implicit=0, pageLoad=300000, script=30000}, pageLoadStrategy=normal, platform=XP, specificationLevel=0, moz:accessibilityChecks=false, acceptInsecureCerts=true, browserVersion=55.0.3, platformVersion=10.0, moz:processID=6540, browserName=firefox, javascriptEnabled=true, platformName=XP}]
Session ID: 50576224-a963-429c-b3f6-4d7a8c458347">
      <![CDATA[org.openqa.selenium.UnhandledAlertException: : 
Build info: version: '3.6.0', revision: '6fbf3ec767', time: '2017-09-27T16:15:40.131Z'
System info: host: '火乐乐的电脑', ip: '169.254.52.63', os.name: 'Windows 10', os.arch: 'amd64', os.version: '10.0', java.version: '1.8.0_144'
Driver info: org.openqa.selenium.firefox.FirefoxDriver
Capabilities [{moz:profile=C:\Users\火乐乐\AppData\Local\Temp\rust_mozprofile.CxueIdD8Waui, rotatable=false, timeouts={implicit=0, pageLoad=300000, script=30000}, pageLoadStrategy=normal, platform=XP, specificationLevel=0, moz:accessibilityChecks=false, acceptInsecureCerts=true, browserVersion=55.0.3, platformVersion=10.0, moz:processID=6540, browserName=firefox, javascriptEnabled=true, platformName=XP}]
Session ID: 50576224-a963-429c-b3f6-4d7a8c458347
	at org.openqa.selenium.remote.http.W3CHttpResponseCodec.decode(W3CHttpResponseCodec.java:118)
	at org.openqa.selenium.remote.http.W3CHttpResponseCodec.decode(W3CHttpResponseCodec.java:49)
	at org.openqa.selenium.remote.HttpCommandExecutor.execute(HttpCommandExecutor.java:164)
	at org.openqa.selenium.remote.service.DriverCommandExecutor.execute(DriverCommandExecutor.java:83)
	at org.openqa.selenium.remote.RemoteWebDriver.execute(RemoteWebDriver.java:586)
	at org.openqa.selenium.remote.RemoteWebDriver.execute(RemoteWebDriver.java:643)
	at org.openqa.selenium.remote.RemoteWebDriver.close(RemoteWebDriver.java:472)
	at com.webtest.core.WebDriverEngine.closeWindow(WebDriverEngine.java:260)
	at manage.Pay.payAll(Pay.java:20)
	at test.testPayAll.testPayAlls(testPayAll.java:19)
... Removed 24 stack frames]]>
    </failure>
  </testcase> <!-- testPayAlls -->
</testsuite> <!-- s1 -->
