<?xml version="1.0" encoding="UTF-8"?>
<!-- Generated by org.testng.reporters.JUnitXMLReporter -->
<testsuite hostname="火乐乐的电脑" name="s1" tests="62" failures="3" timestamp="12 Dec 2017 07:56:24 GMT" time="1185.213" errors="0">
  <testcase name="testLogin" time="11.597" classname="test.Login"/>
  <testcase name="testLogin" time="11.402" classname="test.testNickname"/>
  <testcase name="testAddMessage" time="16.05" classname="test.testNickname"/>
  <testcase name="testAddMessage" time="15.395" classname="test.testNickname"/>
  <testcase name="testAddMessage" time="15.31" classname="test.testNickname"/>
  <testcase name="testAddMessage" time="15.409" classname="test.testNickname"/>
  <testcase name="testAddMessage" time="15.425" classname="test.testNickname"/>
  <testcase name="testAddMessage" time="15.288" classname="test.testNickname"/>
  <testcase name="testAddMessage" time="15.176" classname="test.testNickname"/>
  <testcase name="testAddMessage" time="15.091" classname="test.testNickname"/>
  <testcase name="testAddMessage" time="15.187" classname="test.testNickname"/>
  <testcase name="testLogin" time="11.872" classname="test.testEmail"/>
  <testcase name="testAddMessage2" time="15.914" classname="test.testEmail"/>
  <testcase name="testAddMessage2" time="15.179" classname="test.testEmail"/>
  <testcase name="testAddMessage2" time="15.137" classname="test.testEmail"/>
  <testcase name="testAddMessage2" time="15.221" classname="test.testEmail"/>
  <testcase name="testAddMessage2" time="15.193" classname="test.testEmail"/>
  <testcase name="testAddMessage2" time="15.305" classname="test.testEmail"/>
  <testcase name="testAddMessage2" time="15.204" classname="test.testEmail"/>
  <testcase name="testAddMessage2" time="15.157" classname="test.testEmail"/>
  <testcase name="testAddMessage2" time="15.255" classname="test.testEmail"/>
  <testcase name="testLogin" time="11.402" classname="test.testName"/>
  <testcase name="testAddMessage3" time="15.865" classname="test.testName"/>
  <testcase name="testAddMessage3" time="15.289" classname="test.testName"/>
  <testcase name="testAddMessage3" time="15.188" classname="test.testName"/>
  <testcase name="testAddMessage3" time="15.203" classname="test.testName"/>
  <testcase name="testAddMessage3" time="15.206" classname="test.testName"/>
  <testcase name="testAddMessage3" time="15.306" classname="test.testName"/>
  <testcase name="testAddMessage3" time="15.292" classname="test.testName"/>
  <testcase name="testAddMessage3" time="15.204" classname="test.testName"/>
  <testcase name="testAddMessage3" time="15.288" classname="test.testName"/>
  <testcase name="testLogin" time="11.487" classname="test.testPasswd"/>
  <testcase name="testAddMessage4" time="15.304" classname="test.testPasswd"/>
  <testcase name="testAddMessage4" time="15.204" classname="test.testPasswd"/>
  <testcase name="testAddMessage4" time="15.147" classname="test.testPasswd"/>
  <testcase name="testAddMessage4" time="15.19" classname="test.testPasswd"/>
  <testcase name="testAddMessage4" time="15.228" classname="test.testPasswd"/>
  <testcase name="testAddMessage4" time="15.15" classname="test.testPasswd"/>
  <testcase name="testAddMessage4" time="15.141" classname="test.testPasswd"/>
  <testcase name="testAddMessage4" time="15.272" classname="test.testPasswd"/>
  <testcase name="testAddMessage4" time="15.209" classname="test.testPasswd"/>
  <testcase name="testAddMessage4" time="15.206" classname="test.testPasswd"/>
  <testcase name="testAddMessage4" time="15.286" classname="test.testPasswd"/>
  <testcase name="testLogin" time="15.171" classname="test.testAddAddress"/>
  <testcase name="testAddAddresses" time="28.52" classname="test.testAddAddress">
    <failure type="org.openqa.selenium.NoSuchElementException" message="Cannot locate option with value: 深州
For documentation on this error, please visit: http://seleniumhq.org/exceptions/no_such_element.html
Build info: version: &amp;apos;3.6.0&amp;apos;, revision: &amp;apos;6fbf3ec767&amp;apos;, time: &amp;apos;2017-09-27T16:15:40.131Z&amp;apos;
System info: host: &amp;apos;火乐乐的电脑&amp;apos;, ip: &amp;apos;169.254.52.63&amp;apos;, os.name: &amp;apos;Windows 10&amp;apos;, os.arch: &amp;apos;amd64&amp;apos;, os.version: &amp;apos;10.0&amp;apos;, java.version: &amp;apos;1.8.0_144&amp;apos;
Driver info: driver.version: unknown">
      <![CDATA[org.openqa.selenium.NoSuchElementException: Cannot locate option with value: 深州
For documentation on this error, please visit: http://seleniumhq.org/exceptions/no_such_element.html
Build info: version: '3.6.0', revision: '6fbf3ec767', time: '2017-09-27T16:15:40.131Z'
System info: host: '火乐乐的电脑', ip: '169.254.52.63', os.name: 'Windows 10', os.arch: 'amd64', os.version: '10.0', java.version: '1.8.0_144'
Driver info: driver.version: unknown
	at org.openqa.selenium.support.ui.Select.selectByValue(Select.java:209)
	at com.webtest.core.WebDriverEngine.selectByValue(WebDriverEngine.java:208)
	at manage.AddAddress.input(Unknown Source)
	at test.testAddAddress.testAddAddresses(Unknown Source)
... Removed 23 stack frames]]>
    </failure>
  </testcase> <!-- testAddAddresses -->
  <testcase name="testAddAddresses" time="43.46" classname="test.testAddAddress"/>
  <testcase name="testAddAddresses" time="43.846" classname="test.testAddAddress"/>
  <testcase name="testAddAddresses" time="43.686" classname="test.testAddAddress"/>
  <testcase name="testAddAddresses" time="43.658" classname="test.testAddAddress"/>
  <testcase name="testAddAddresses" time="43.71" classname="test.testAddAddress"/>
  <testcase name="testLogin" time="12.803" classname="test.testDeleteAddress"/>
  <testcase name="testDeleteAddresses" time="0.3" classname="test.testDeleteAddress"/>
  <testcase name="testLogin" time="12.488" classname="test.testAddShopping"/>
  <testcase name="testAddShoppings" time="32.404" classname="test.testAddShopping"/>
  <testcase name="testLogin" time="10.958" classname="test.testDeleteShopping"/>
  <testcase name="testDeleteShoppings" time="11.287" classname="test.testDeleteShopping"/>
  <testcase name="testLogin" time="11.481" classname="test.testPayNone"/>
  <testcase name="testPayNones" time="14.044" classname="test.testPayNone"/>
  <testcase name="testLogin" time="11.826" classname="test.testPayOne"/>
  <testcase name="testPayOnes" time="16.822" classname="test.testPayOne">
    <failure type="org.openqa.selenium.UnhandledAlertException" message=": 
Build info: version: &amp;apos;3.6.0&amp;apos;, revision: &amp;apos;6fbf3ec767&amp;apos;, time: &amp;apos;2017-09-27T16:15:40.131Z&amp;apos;
System info: host: &amp;apos;火乐乐的电脑&amp;apos;, ip: &amp;apos;169.254.52.63&amp;apos;, os.name: &amp;apos;Windows 10&amp;apos;, os.arch: &amp;apos;amd64&amp;apos;, os.version: &amp;apos;10.0&amp;apos;, java.version: &amp;apos;1.8.0_144&amp;apos;
Driver info: org.openqa.selenium.firefox.FirefoxDriver
Capabilities [{moz:profile=C:\Users\火乐乐\AppData\Local\Temp\rust_mozprofile.B0gCysD6xyTD, rotatable=false, timeouts={implicit=0, pageLoad=300000, script=30000}, pageLoadStrategy=normal, platform=XP, specificationLevel=0, moz:accessibilityChecks=false, acceptInsecureCerts=true, browserVersion=55.0.3, platformVersion=10.0, moz:processID=13420, browserName=firefox, javascriptEnabled=true, platformName=XP}]
Session ID: 3c602149-9aa5-4ab3-8ee4-b654a4d014c7">
      <![CDATA[org.openqa.selenium.UnhandledAlertException: : 
Build info: version: '3.6.0', revision: '6fbf3ec767', time: '2017-09-27T16:15:40.131Z'
System info: host: '火乐乐的电脑', ip: '169.254.52.63', os.name: 'Windows 10', os.arch: 'amd64', os.version: '10.0', java.version: '1.8.0_144'
Driver info: org.openqa.selenium.firefox.FirefoxDriver
Capabilities [{moz:profile=C:\Users\火乐乐\AppData\Local\Temp\rust_mozprofile.B0gCysD6xyTD, rotatable=false, timeouts={implicit=0, pageLoad=300000, script=30000}, pageLoadStrategy=normal, platform=XP, specificationLevel=0, moz:accessibilityChecks=false, acceptInsecureCerts=true, browserVersion=55.0.3, platformVersion=10.0, moz:processID=13420, browserName=firefox, javascriptEnabled=true, platformName=XP}]
Session ID: 3c602149-9aa5-4ab3-8ee4-b654a4d014c7
	at org.openqa.selenium.remote.http.W3CHttpResponseCodec.decode(W3CHttpResponseCodec.java:118)
	at org.openqa.selenium.remote.http.W3CHttpResponseCodec.decode(W3CHttpResponseCodec.java:49)
	at org.openqa.selenium.remote.HttpCommandExecutor.execute(HttpCommandExecutor.java:164)
	at org.openqa.selenium.remote.service.DriverCommandExecutor.execute(DriverCommandExecutor.java:83)
	at org.openqa.selenium.remote.RemoteWebDriver.execute(RemoteWebDriver.java:586)
	at org.openqa.selenium.remote.RemoteWebDriver.execute(RemoteWebDriver.java:643)
	at org.openqa.selenium.remote.RemoteWebDriver.close(RemoteWebDriver.java:472)
	at com.webtest.core.WebDriverEngine.closeWindow(WebDriverEngine.java:260)
	at manage.Pay.pay(Unknown Source)
	at test.testPayOne.testPayOnes(Unknown Source)
... Removed 23 stack frames]]>
    </failure>
  </testcase> <!-- testPayOnes -->
  <testcase name="testLogin" time="11.497" classname="test.testPayAll"/>
  <testcase name="testPayAlls" time="19.625" classname="test.testPayAll">
    <failure type="org.openqa.selenium.UnhandledAlertException" message=": 
Build info: version: &amp;apos;3.6.0&amp;apos;, revision: &amp;apos;6fbf3ec767&amp;apos;, time: &amp;apos;2017-09-27T16:15:40.131Z&amp;apos;
System info: host: &amp;apos;火乐乐的电脑&amp;apos;, ip: &amp;apos;169.254.52.63&amp;apos;, os.name: &amp;apos;Windows 10&amp;apos;, os.arch: &amp;apos;amd64&amp;apos;, os.version: &amp;apos;10.0&amp;apos;, java.version: &amp;apos;1.8.0_144&amp;apos;
Driver info: org.openqa.selenium.firefox.FirefoxDriver
Capabilities [{moz:profile=C:\Users\火乐乐\AppData\Local\Temp\rust_mozprofile.XyDj38LwD6ZL, rotatable=false, timeouts={implicit=0, pageLoad=300000, script=30000}, pageLoadStrategy=normal, platform=XP, specificationLevel=0, moz:accessibilityChecks=false, acceptInsecureCerts=true, browserVersion=55.0.3, platformVersion=10.0, moz:processID=13180, browserName=firefox, javascriptEnabled=true, platformName=XP}]
Session ID: 5b7d3f5e-cee5-4db4-b7ca-0d3d28e7bb2e">
      <![CDATA[org.openqa.selenium.UnhandledAlertException: : 
Build info: version: '3.6.0', revision: '6fbf3ec767', time: '2017-09-27T16:15:40.131Z'
System info: host: '火乐乐的电脑', ip: '169.254.52.63', os.name: 'Windows 10', os.arch: 'amd64', os.version: '10.0', java.version: '1.8.0_144'
Driver info: org.openqa.selenium.firefox.FirefoxDriver
Capabilities [{moz:profile=C:\Users\火乐乐\AppData\Local\Temp\rust_mozprofile.XyDj38LwD6ZL, rotatable=false, timeouts={implicit=0, pageLoad=300000, script=30000}, pageLoadStrategy=normal, platform=XP, specificationLevel=0, moz:accessibilityChecks=false, acceptInsecureCerts=true, browserVersion=55.0.3, platformVersion=10.0, moz:processID=13180, browserName=firefox, javascriptEnabled=true, platformName=XP}]
Session ID: 5b7d3f5e-cee5-4db4-b7ca-0d3d28e7bb2e
	at org.openqa.selenium.remote.http.W3CHttpResponseCodec.decode(W3CHttpResponseCodec.java:118)
	at org.openqa.selenium.remote.http.W3CHttpResponseCodec.decode(W3CHttpResponseCodec.java:49)
	at org.openqa.selenium.remote.HttpCommandExecutor.execute(HttpCommandExecutor.java:164)
	at org.openqa.selenium.remote.service.DriverCommandExecutor.execute(DriverCommandExecutor.java:83)
	at org.openqa.selenium.remote.RemoteWebDriver.execute(RemoteWebDriver.java:586)
	at org.openqa.selenium.remote.RemoteWebDriver.execute(RemoteWebDriver.java:643)
	at org.openqa.selenium.remote.RemoteWebDriver.close(RemoteWebDriver.java:472)
	at com.webtest.core.WebDriverEngine.closeWindow(WebDriverEngine.java:260)
	at manage.Pay.payAll(Unknown Source)
	at test.testPayAll.testPayAlls(Unknown Source)
... Removed 23 stack frames]]>
    </failure>
  </testcase> <!-- testPayAlls -->
</testsuite> <!-- s1 -->
