<html xmlns:math="http://exslt.org/math" xmlns:testng="http://testng.org">
   <head>
      <title>TestNG Results</title>
      <meta http-equiv="content-type" content="text/html; charset=utf-8"></meta>
      <meta http-equiv="pragma" content="no-cache"></meta>
      <meta http-equiv="cache-control" content="max-age=0"></meta>
      <meta http-equiv="cache-control" content="no-cache"></meta>
      <meta http-equiv="cache-control" content="no-store"></meta>
      <LINK rel="stylesheet" href="style.css"></LINK>
      <script type="text/javascript" src="main.js"></script>
   </head>
   <body>
      <table width="100%" style="font-size: 16px; margin-bottom: 10px;" cellspacing="1">
         <tr>
            <td width="100%">
               Test case
               
               <b>Default test</b>
            </td>
            <td style="background-color: #FFBBBB; padding: 3px 3px 3px 0;" align="center">
               <div style="width: 50px;">5</div>
            </td>
            <td style="background-color: lightgreen; padding: 3px 3px 3px 0;" align="center">
               <div style="width: 50px;">1</div>
            </td>
            <td style="background-color: #FFFFBB; padding: 3px 3px 3px 0;" align="center">
               <div style="width: 50px;">0</div>
            </td>
            <td align="center" style="background-color: #eaf0f7; padding: 3px 3px 3px 0;">
               <div style="width: 50px;">6</div>
            </td>
            <td align="center"
                style="font-weight: bold; background-color: #eaf0f7; padding: 3px 3px 3px 0;">
               <div style="width: 50px;">17%</div>
            </td>
            <td style="background-color: #eaf0f7; padding: 3px 3px 3px 0;" align="center"
                nowrap="true">2m
               8s
               
            </td>
         </tr>
      </table>
      <div style="width: 200px;">
         <label for="groupMethodsCheckBox" style="font-weight: bold; margin: 0;">
            <input id="groupMethodsCheckBox" type="checkbox" onclick="switchTestMethodsView(this)"></input>
            Group by class
            
         </label>
         <br></br>
         <label for="methodsFilter_ALL" style="font-weight: bold; margin: 0;">
            <input id="methodsFilter_ALL" type="checkbox"
                   onclick="testMethodsFilterChanged(this, 'ALL')"></input>
            All
            
         </label>
      </div>
      <label for="methodsFilter_FAIL" style="margin-left: 20px;">
         <input id="methodsFilter_FAIL" type="checkbox"
                onclick="testMethodsFilterChanged(this, 'FAIL')"
                checked=""></input>
         Failed
         
      </label>
      <label for="methodsFilter_PASS">
         <input id="methodsFilter_PASS" type="checkbox"
                onclick="testMethodsFilterChanged(this, 'PASS')"
                checked=""></input>
         Passed
         
      </label>
      <label for="methodsFilter_SKIP">
         <input id="methodsFilter_SKIP" type="checkbox"
                onclick="testMethodsFilterChanged(this, 'SKIP')"
                checked=""></input>
         Skipped
         
      </label>
      <label for="methodsFilter_CONF">
         <input id="methodsFilter_CONF" type="checkbox"
                onclick="testMethodsFilterChanged(this, 'CONF')"></input>
         Config
         
      </label>
      <br></br>
      <div id="testMethodsByStatus">
         <table class="testMethodsTable" cellpadding="0" cellspacing="0">
            <tr class="methodsTableHeader">
               <td width="100%">Name</td>
               <td nowrap="true">Started</td>
               <td nowrap="true">Duration</td>
               <td>Exception</td>
            </tr>
            <tr id="test.testAddAddress_testAddAddresses_byStatus_failed_FAIL1_row"
                class="testMethodStatusFAIL">
               <td width="100%" class="firstMethodCell">
                  <a onclick="toggleDetailsVisibility('test.testAddAddress_testAddAddresses_byStatus_failed_FAIL1_details')">testAddAddresses(马佳烁
                     
                     ,
                     
                     浙江省
                     
                     ,
                     
                     杭州市
                     
                     ,
                     
                     临安市
                     
                     ,
                     
                     40号
                     
                     ,
                     
                     18323145678
                     
                     ,
                     
                     123456)
                  </a>
               </td>
               <td nowrap="true">10:18:32</td>
               <td nowrap="true" align="right">44s
                  
               </td>
               <td nowrap="true">
                  <a onclick="toggleDetailsVisibility('test.testAddAddress_testAddAddresses_byStatus_failed_FAIL1_exception')">org.openqa.selenium.NoAlertPresentException: 
                     No modal dialog is currently open
                     Build info: version: '3.6.0', revision: '6fbf3ec767', time: '2017-09-27T16:15:40.131Z'
                     System info: host: '火乐乐的电脑', ip: '169.254.52.63', os.name: 'Windows 10', os.arch: 'amd64', os.version: '10.0', java.version:
                     '1.8.0_144'
                     Driver info: org.openqa.selenium.firefox.FirefoxDriver
                     Capabilities [{moz:profile=C:\Users\火乐乐\AppData\Local\Temp\rust_mozprofile.8esuH5K3ezlY, rotatable=false, timeouts={implicit=0,
                     pageLoad=300000, script=30000}, pageLoadStrategy=normal, platform=XP, specificationLevel=0, moz:accessibilityChecks=false,
                     acceptInsecureCerts=true, browserVersion=55.0.3, platformVersion=10.0, moz:processID=12872, browserName=firefox, javascriptEnabled=true,
                     platformName=XP}]
                     Session ID: 0567eca0-36b1-4680-b52f-a14d38af2b8f
                     
                  </a>
                   
                  
               </td>
            </tr>
            <tr>
               <td colspan="4" class="detailsBox">
                  <div id="test.testAddAddress_testAddAddresses_byStatus_failed_FAIL1_details"
                       class="testMethodDetails">
                     <div>
                        <b>Name: </b>testAddAddresses
                     </div>
                     <div>
                        <b>Signature: </b>testAddAddresses(java.lang.String, java.lang.String, java.lang.String, java.lang.String, java.lang.String, java.lang.String,
                        java.lang.String)[pri:0, instance:test.testAddAddress@36d4b5c]
                     </div>
                     <div>
                        <b>Parameters: </b>
                        
                        马佳烁
                        
                        ,
                        
                        浙江省
                        
                        ,
                        
                        杭州市
                        
                        ,
                        
                        临安市
                        
                        ,
                        
                        40号
                        
                        ,
                        
                        18323145678
                        
                        ,
                        
                        123456
                        
                        
                     </div>
                     <div>
                        <b>Start time: </b>10:18:32
                     </div>
                     <div>
                        <b>End time: </b>10:19:17
                     </div>
                     <div>
                        <b>Duration: </b>44s
                        
                     </div>
                     <div>
                        <b>Depends on methods:
                           
                        </b>
                        <div>
                               -
                           test.testAddAddress.testLogin
                        </div>
                     </div>
                  </div>
               </td>
            </tr>
            <tr>
               <td colspan="4" class="detailsBox">
                  <div id="test.testAddAddress_testAddAddresses_byStatus_failed_FAIL1_exception"
                       class="testMethodDetails">
                     <pre style="padding: 5px; margin: 0;">org.openqa.selenium.NoAlertPresentException: No modal dialog is currently open
                        Build info: version: '3.6.0', revision: '6fbf3ec767', time: '2017-09-27T16:15:40.131Z'
                        System info: host: '火乐乐的电脑', ip: '169.254.52.63', os.name: 'Windows 10', os.arch: 'amd64', os.version: '10.0', java.version:
                        '1.8.0_144'
                        Driver info: org.openqa.selenium.firefox.FirefoxDriver
                        Capabilities [{moz:profile=C:\Users\火乐乐\AppData\Local\Temp\rust_mozprofile.8esuH5K3ezlY, rotatable=false, timeouts={implicit=0,
                        pageLoad=300000, script=30000}, pageLoadStrategy=normal, platform=XP, specificationLevel=0, moz:accessibilityChecks=false,
                        acceptInsecureCerts=true, browserVersion=55.0.3, platformVersion=10.0, moz:processID=12872, browserName=firefox, javascriptEnabled=true,
                        platformName=XP}]
                        Session ID: 0567eca0-36b1-4680-b52f-a14d38af2b8f
                        	at sun.reflect.NativeConstructorAccessorImpl.newInstance0(Native Method)
                        	at sun.reflect.NativeConstructorAccessorImpl.newInstance(Unknown Source)
                        	at sun.reflect.DelegatingConstructorAccessorImpl.newInstance(Unknown Source)
                        	at java.lang.reflect.Constructor.newInstance(Unknown Source)
                        	at org.openqa.selenium.remote.http.W3CHttpResponseCodec.createException(W3CHttpResponseCodec.java:185)
                        	at org.openqa.selenium.remote.http.W3CHttpResponseCodec.decode(W3CHttpResponseCodec.java:120)
                        	at org.openqa.selenium.remote.http.W3CHttpResponseCodec.decode(W3CHttpResponseCodec.java:49)
                        	at org.openqa.selenium.remote.HttpCommandExecutor.execute(HttpCommandExecutor.java:164)
                        	at org.openqa.selenium.remote.service.DriverCommandExecutor.execute(DriverCommandExecutor.java:83)
                        	at org.openqa.selenium.remote.RemoteWebDriver.execute(RemoteWebDriver.java:586)
                        	at org.openqa.selenium.remote.RemoteWebDriver.execute(RemoteWebDriver.java:643)
                        	at org.openqa.selenium.remote.RemoteWebDriver$RemoteTargetLocator.alert(RemoteWebDriver.java:972)
                        	at com.webtest.core.WebDriverEngine.getAlert(WebDriverEngine.java:198)
                        	at manage.AddAddress.input(AddAddress.java:29)
                        	at test.testAddAddress.testAddAddresses(testAddAddress.java:21)
                        	at sun.reflect.NativeMethodAccessorImpl.invoke0(Native Method)
                        	at sun.reflect.NativeMethodAccessorImpl.invoke(Unknown Source)
                        	at sun.reflect.DelegatingMethodAccessorImpl.invoke(Unknown Source)
                        	at java.lang.reflect.Method.invoke(Unknown Source)
                        	at org.testng.internal.MethodInvocationHelper.invokeMethod(MethodInvocationHelper.java:85)
                        	at org.testng.internal.Invoker.invokeMethod(Invoker.java:639)
                        	at org.testng.internal.Invoker.invokeTestMethod(Invoker.java:816)
                        	at org.testng.internal.Invoker.invokeTestMethods(Invoker.java:1124)
                        	at org.testng.internal.TestMethodWorker.invokeTestMethods(TestMethodWorker.java:125)
                        	at org.testng.internal.TestMethodWorker.run(TestMethodWorker.java:108)
                        	at org.testng.TestRunner.privateRun(TestRunner.java:774)
                        	at org.testng.TestRunner.run(TestRunner.java:624)
                        	at org.testng.SuiteRunner.runTest(SuiteRunner.java:359)
                        	at org.testng.SuiteRunner.runSequentially(SuiteRunner.java:354)
                        	at org.testng.SuiteRunner.privateRun(SuiteRunner.java:312)
                        	at org.testng.SuiteRunner.run(SuiteRunner.java:261)
                        	at org.testng.SuiteRunnerWorker.runSuite(SuiteRunnerWorker.java:52)
                        	at org.testng.SuiteRunnerWorker.run(SuiteRunnerWorker.java:86)
                        	at org.testng.TestNG.runSuitesSequentially(TestNG.java:1215)
                        	at org.testng.TestNG.runSuitesLocally(TestNG.java:1140)
                        	at org.testng.TestNG.run(TestNG.java:1048)
                        	at org.testng.remote.AbstractRemoteTestNG.run(AbstractRemoteTestNG.java:114)
                        	at org.testng.remote.RemoteTestNG.initAndRun(RemoteTestNG.java:251)
                        	at org.testng.remote.RemoteTestNG.main(RemoteTestNG.java:77)
                     </pre>
                  </div>
               </td>
            </tr>
            <tr id="test.testAddAddress_testAddAddresses_byStatus_failed_FAIL2_row"
                class="testMethodStatusFAIL">
               <td width="100%" class="firstMethodCell">
                  <a onclick="toggleDetailsVisibility('test.testAddAddress_testAddAddresses_byStatus_failed_FAIL2_details')">testAddAddresses(张晓明
                     
                     ,
                     
                     黑龙江省
                     
                     ,
                     
                     哈尔滨市
                     
                     ,
                     
                     松北区
                     
                     ,
                     
                     14栋3号
                     
                     ,
                     
                     13323456789
                     
                     ,
                     
                     234554)
                  </a>
               </td>
               <td nowrap="true">10:19:17</td>
               <td nowrap="true" align="right">40s
                  
               </td>
               <td nowrap="true">
                  <a onclick="toggleDetailsVisibility('test.testAddAddress_testAddAddresses_byStatus_failed_FAIL2_exception')">org.openqa.selenium.SessionNotCreatedException: 
                     Tried to run command without establishing a connection
                     Build info: version: '3.6.0', revision: '6fbf3ec767', time: '2017-09-27T16:15:40.131Z'
                     System info: host: '火乐乐的电脑', ip: '169.254.52.63', os.name: 'Windows 10', os.arch: 'amd64', os.version: '10.0', java.version:
                     '1.8.0_144'
                     Driver info: org.openqa.selenium.firefox.FirefoxDriver
                     Capabilities [{moz:profile=C:\Users\火乐乐\AppData\Local\Temp\rust_mozprofile.8esuH5K3ezlY, rotatable=false, timeouts={implicit=0,
                     pageLoad=300000, script=30000}, pageLoadStrategy=normal, platform=XP, specificationLevel=0, moz:accessibilityChecks=false,
                     acceptInsecureCerts=true, browserVersion=55.0.3, platformVersion=10.0, moz:processID=12872, browserName=firefox, javascriptEnabled=true,
                     platformName=XP}]
                     Session ID: 0567eca0-36b1-4680-b52f-a14d38af2b8f
                     
                  </a>
                   
                  
               </td>
            </tr>
            <tr>
               <td colspan="4" class="detailsBox">
                  <div id="test.testAddAddress_testAddAddresses_byStatus_failed_FAIL2_details"
                       class="testMethodDetails">
                     <div>
                        <b>Name: </b>testAddAddresses
                     </div>
                     <div>
                        <b>Signature: </b>testAddAddresses(java.lang.String, java.lang.String, java.lang.String, java.lang.String, java.lang.String, java.lang.String,
                        java.lang.String)[pri:0, instance:test.testAddAddress@36d4b5c]
                     </div>
                     <div>
                        <b>Parameters: </b>
                        
                        张晓明
                        
                        ,
                        
                        黑龙江省
                        
                        ,
                        
                        哈尔滨市
                        
                        ,
                        
                        松北区
                        
                        ,
                        
                        14栋3号
                        
                        ,
                        
                        13323456789
                        
                        ,
                        
                        234554
                        
                        
                     </div>
                     <div>
                        <b>Start time: </b>10:19:17
                     </div>
                     <div>
                        <b>End time: </b>10:19:58
                     </div>
                     <div>
                        <b>Duration: </b>40s
                        
                     </div>
                     <div>
                        <b>Depends on methods:
                           
                        </b>
                        <div>
                               -
                           test.testAddAddress.testLogin
                        </div>
                     </div>
                  </div>
               </td>
            </tr>
            <tr>
               <td colspan="4" class="detailsBox">
                  <div id="test.testAddAddress_testAddAddresses_byStatus_failed_FAIL2_exception"
                       class="testMethodDetails">
                     <pre style="padding: 5px; margin: 0;">org.openqa.selenium.SessionNotCreatedException: Tried to run command without establishing a connection
                        Build info: version: '3.6.0', revision: '6fbf3ec767', time: '2017-09-27T16:15:40.131Z'
                        System info: host: '火乐乐的电脑', ip: '169.254.52.63', os.name: 'Windows 10', os.arch: 'amd64', os.version: '10.0', java.version:
                        '1.8.0_144'
                        Driver info: org.openqa.selenium.firefox.FirefoxDriver
                        Capabilities [{moz:profile=C:\Users\火乐乐\AppData\Local\Temp\rust_mozprofile.8esuH5K3ezlY, rotatable=false, timeouts={implicit=0,
                        pageLoad=300000, script=30000}, pageLoadStrategy=normal, platform=XP, specificationLevel=0, moz:accessibilityChecks=false,
                        acceptInsecureCerts=true, browserVersion=55.0.3, platformVersion=10.0, moz:processID=12872, browserName=firefox, javascriptEnabled=true,
                        platformName=XP}]
                        Session ID: 0567eca0-36b1-4680-b52f-a14d38af2b8f
                        	at sun.reflect.NativeConstructorAccessorImpl.newInstance0(Native Method)
                        	at sun.reflect.NativeConstructorAccessorImpl.newInstance(Unknown Source)
                        	at sun.reflect.DelegatingConstructorAccessorImpl.newInstance(Unknown Source)
                        	at java.lang.reflect.Constructor.newInstance(Unknown Source)
                        	at org.openqa.selenium.remote.http.W3CHttpResponseCodec.createException(W3CHttpResponseCodec.java:185)
                        	at org.openqa.selenium.remote.http.W3CHttpResponseCodec.decode(W3CHttpResponseCodec.java:120)
                        	at org.openqa.selenium.remote.http.W3CHttpResponseCodec.decode(W3CHttpResponseCodec.java:49)
                        	at org.openqa.selenium.remote.HttpCommandExecutor.execute(HttpCommandExecutor.java:164)
                        	at org.openqa.selenium.remote.service.DriverCommandExecutor.execute(DriverCommandExecutor.java:83)
                        	at org.openqa.selenium.remote.RemoteWebDriver.execute(RemoteWebDriver.java:586)
                        	at org.openqa.selenium.remote.RemoteWebDriver.execute(RemoteWebDriver.java:643)
                        	at org.openqa.selenium.remote.RemoteWebDriver$RemoteTargetLocator.alert(RemoteWebDriver.java:972)
                        	at com.webtest.core.WebDriverEngine.getAlert(WebDriverEngine.java:198)
                        	at manage.AddAddress.input(AddAddress.java:29)
                        	at test.testAddAddress.testAddAddresses(testAddAddress.java:21)
                        	at sun.reflect.NativeMethodAccessorImpl.invoke0(Native Method)
                        	at sun.reflect.NativeMethodAccessorImpl.invoke(Unknown Source)
                        	at sun.reflect.DelegatingMethodAccessorImpl.invoke(Unknown Source)
                        	at java.lang.reflect.Method.invoke(Unknown Source)
                        	at org.testng.internal.MethodInvocationHelper.invokeMethod(MethodInvocationHelper.java:85)
                        	at org.testng.internal.Invoker.invokeMethod(Invoker.java:639)
                        	at org.testng.internal.Invoker.invokeTestMethod(Invoker.java:816)
                        	at org.testng.internal.Invoker.invokeTestMethods(Invoker.java:1124)
                        	at org.testng.internal.TestMethodWorker.invokeTestMethods(TestMethodWorker.java:125)
                        	at org.testng.internal.TestMethodWorker.run(TestMethodWorker.java:108)
                        	at org.testng.TestRunner.privateRun(TestRunner.java:774)
                        	at org.testng.TestRunner.run(TestRunner.java:624)
                        	at org.testng.SuiteRunner.runTest(SuiteRunner.java:359)
                        	at org.testng.SuiteRunner.runSequentially(SuiteRunner.java:354)
                        	at org.testng.SuiteRunner.privateRun(SuiteRunner.java:312)
                        	at org.testng.SuiteRunner.run(SuiteRunner.java:261)
                        	at org.testng.SuiteRunnerWorker.runSuite(SuiteRunnerWorker.java:52)
                        	at org.testng.SuiteRunnerWorker.run(SuiteRunnerWorker.java:86)
                        	at org.testng.TestNG.runSuitesSequentially(TestNG.java:1215)
                        	at org.testng.TestNG.runSuitesLocally(TestNG.java:1140)
                        	at org.testng.TestNG.run(TestNG.java:1048)
                        	at org.testng.remote.AbstractRemoteTestNG.run(AbstractRemoteTestNG.java:114)
                        	at org.testng.remote.RemoteTestNG.initAndRun(RemoteTestNG.java:251)
                        	at org.testng.remote.RemoteTestNG.main(RemoteTestNG.java:77)
                     </pre>
                  </div>
               </td>
            </tr>
            <tr id="test.testAddAddress_testAddAddresses_byStatus_failed_FAIL3_row"
                class="testMethodStatusFAIL">
               <td width="100%" class="firstMethodCell">
                  <a onclick="toggleDetailsVisibility('test.testAddAddress_testAddAddresses_byStatus_failed_FAIL3_details')">testAddAddresses(李晓红
                     
                     ,
                     
                     福建省
                     
                     ,
                     
                     福州市
                     
                     ,
                     
                     鼓楼区
                     
                     ,
                     
                     2栋工业
                     
                     ,
                     
                     15532155678
                     
                     ,
                     
                     890890)
                  </a>
               </td>
               <td nowrap="true">10:19:58</td>
               <td nowrap="true" align="right">6s
                  
               </td>
               <td nowrap="true">
                  <a onclick="toggleDetailsVisibility('test.testAddAddress_testAddAddresses_byStatus_failed_FAIL3_exception')">java.lang.NullPointerException: </a>
                   
                  
               </td>
            </tr>
            <tr>
               <td colspan="4" class="detailsBox">
                  <div id="test.testAddAddress_testAddAddresses_byStatus_failed_FAIL3_details"
                       class="testMethodDetails">
                     <div>
                        <b>Name: </b>testAddAddresses
                     </div>
                     <div>
                        <b>Signature: </b>testAddAddresses(java.lang.String, java.lang.String, java.lang.String, java.lang.String, java.lang.String, java.lang.String,
                        java.lang.String)[pri:0, instance:test.testAddAddress@36d4b5c]
                     </div>
                     <div>
                        <b>Parameters: </b>
                        
                        李晓红
                        
                        ,
                        
                        福建省
                        
                        ,
                        
                        福州市
                        
                        ,
                        
                        鼓楼区
                        
                        ,
                        
                        2栋工业
                        
                        ,
                        
                        15532155678
                        
                        ,
                        
                        890890
                        
                        
                     </div>
                     <div>
                        <b>Start time: </b>10:19:58
                     </div>
                     <div>
                        <b>End time: </b>10:20:04
                     </div>
                     <div>
                        <b>Duration: </b>6s
                        
                     </div>
                     <div>
                        <b>Depends on methods:
                           
                        </b>
                        <div>
                               -
                           test.testAddAddress.testLogin
                        </div>
                     </div>
                  </div>
               </td>
            </tr>
            <tr>
               <td colspan="4" class="detailsBox">
                  <div id="test.testAddAddress_testAddAddresses_byStatus_failed_FAIL3_exception"
                       class="testMethodDetails">
                     <pre style="padding: 5px; margin: 0;">java.lang.NullPointerException
                        	at org.openqa.selenium.support.ui.Select.&lt;init&gt;(Select.java:44)
                        	at com.webtest.core.WebDriverEngine.getSelect(WebDriverEngine.java:203)
                        	at com.webtest.core.WebDriverEngine.selectByValue(WebDriverEngine.java:208)
                        	at manage.AddAddress.input(AddAddress.java:20)
                        	at test.testAddAddress.testAddAddresses(testAddAddress.java:21)
                        	at sun.reflect.NativeMethodAccessorImpl.invoke0(Native Method)
                        	at sun.reflect.NativeMethodAccessorImpl.invoke(Unknown Source)
                        	at sun.reflect.DelegatingMethodAccessorImpl.invoke(Unknown Source)
                        	at java.lang.reflect.Method.invoke(Unknown Source)
                        	at org.testng.internal.MethodInvocationHelper.invokeMethod(MethodInvocationHelper.java:85)
                        	at org.testng.internal.Invoker.invokeMethod(Invoker.java:639)
                        	at org.testng.internal.Invoker.invokeTestMethod(Invoker.java:816)
                        	at org.testng.internal.Invoker.invokeTestMethods(Invoker.java:1124)
                        	at org.testng.internal.TestMethodWorker.invokeTestMethods(TestMethodWorker.java:125)
                        	at org.testng.internal.TestMethodWorker.run(TestMethodWorker.java:108)
                        	at org.testng.TestRunner.privateRun(TestRunner.java:774)
                        	at org.testng.TestRunner.run(TestRunner.java:624)
                        	at org.testng.SuiteRunner.runTest(SuiteRunner.java:359)
                        	at org.testng.SuiteRunner.runSequentially(SuiteRunner.java:354)
                        	at org.testng.SuiteRunner.privateRun(SuiteRunner.java:312)
                        	at org.testng.SuiteRunner.run(SuiteRunner.java:261)
                        	at org.testng.SuiteRunnerWorker.runSuite(SuiteRunnerWorker.java:52)
                        	at org.testng.SuiteRunnerWorker.run(SuiteRunnerWorker.java:86)
                        	at org.testng.TestNG.runSuitesSequentially(TestNG.java:1215)
                        	at org.testng.TestNG.runSuitesLocally(TestNG.java:1140)
                        	at org.testng.TestNG.run(TestNG.java:1048)
                        	at org.testng.remote.AbstractRemoteTestNG.run(AbstractRemoteTestNG.java:114)
                        	at org.testng.remote.RemoteTestNG.initAndRun(RemoteTestNG.java:251)
                        	at org.testng.remote.RemoteTestNG.main(RemoteTestNG.java:77)
                     </pre>
                  </div>
               </td>
            </tr>
            <tr id="test.testAddAddress_testAddAddresses_byStatus_failed_FAIL4_row"
                class="testMethodStatusFAIL">
               <td width="100%" class="firstMethodCell">
                  <a onclick="toggleDetailsVisibility('test.testAddAddress_testAddAddresses_byStatus_failed_FAIL4_details')">testAddAddresses(张婷婷
                     
                     ,
                     
                     山东省
                     
                     ,
                     
                     济南市
                     
                     ,
                     
                     天桥区
                     
                     ,
                     
                     3号写字楼
                     
                     ,
                     
                     18032834432
                     
                     ,
                     
                     234678)
                  </a>
               </td>
               <td nowrap="true">10:20:04</td>
               <td nowrap="true" align="right">6s
                  
               </td>
               <td nowrap="true">
                  <a onclick="toggleDetailsVisibility('test.testAddAddress_testAddAddresses_byStatus_failed_FAIL4_exception')">java.lang.NullPointerException: </a>
                   
                  
               </td>
            </tr>
            <tr>
               <td colspan="4" class="detailsBox">
                  <div id="test.testAddAddress_testAddAddresses_byStatus_failed_FAIL4_details"
                       class="testMethodDetails">
                     <div>
                        <b>Name: </b>testAddAddresses
                     </div>
                     <div>
                        <b>Signature: </b>testAddAddresses(java.lang.String, java.lang.String, java.lang.String, java.lang.String, java.lang.String, java.lang.String,
                        java.lang.String)[pri:0, instance:test.testAddAddress@36d4b5c]
                     </div>
                     <div>
                        <b>Parameters: </b>
                        
                        张婷婷
                        
                        ,
                        
                        山东省
                        
                        ,
                        
                        济南市
                        
                        ,
                        
                        天桥区
                        
                        ,
                        
                        3号写字楼
                        
                        ,
                        
                        18032834432
                        
                        ,
                        
                        234678
                        
                        
                     </div>
                     <div>
                        <b>Start time: </b>10:20:04
                     </div>
                     <div>
                        <b>End time: </b>10:20:10
                     </div>
                     <div>
                        <b>Duration: </b>6s
                        
                     </div>
                     <div>
                        <b>Depends on methods:
                           
                        </b>
                        <div>
                               -
                           test.testAddAddress.testLogin
                        </div>
                     </div>
                  </div>
               </td>
            </tr>
            <tr>
               <td colspan="4" class="detailsBox">
                  <div id="test.testAddAddress_testAddAddresses_byStatus_failed_FAIL4_exception"
                       class="testMethodDetails">
                     <pre style="padding: 5px; margin: 0;">java.lang.NullPointerException
                        	at org.openqa.selenium.support.ui.Select.&lt;init&gt;(Select.java:44)
                        	at com.webtest.core.WebDriverEngine.getSelect(WebDriverEngine.java:203)
                        	at com.webtest.core.WebDriverEngine.selectByValue(WebDriverEngine.java:208)
                        	at manage.AddAddress.input(AddAddress.java:20)
                        	at test.testAddAddress.testAddAddresses(testAddAddress.java:21)
                        	at sun.reflect.NativeMethodAccessorImpl.invoke0(Native Method)
                        	at sun.reflect.NativeMethodAccessorImpl.invoke(Unknown Source)
                        	at sun.reflect.DelegatingMethodAccessorImpl.invoke(Unknown Source)
                        	at java.lang.reflect.Method.invoke(Unknown Source)
                        	at org.testng.internal.MethodInvocationHelper.invokeMethod(MethodInvocationHelper.java:85)
                        	at org.testng.internal.Invoker.invokeMethod(Invoker.java:639)
                        	at org.testng.internal.Invoker.invokeTestMethod(Invoker.java:816)
                        	at org.testng.internal.Invoker.invokeTestMethods(Invoker.java:1124)
                        	at org.testng.internal.TestMethodWorker.invokeTestMethods(TestMethodWorker.java:125)
                        	at org.testng.internal.TestMethodWorker.run(TestMethodWorker.java:108)
                        	at org.testng.TestRunner.privateRun(TestRunner.java:774)
                        	at org.testng.TestRunner.run(TestRunner.java:624)
                        	at org.testng.SuiteRunner.runTest(SuiteRunner.java:359)
                        	at org.testng.SuiteRunner.runSequentially(SuiteRunner.java:354)
                        	at org.testng.SuiteRunner.privateRun(SuiteRunner.java:312)
                        	at org.testng.SuiteRunner.run(SuiteRunner.java:261)
                        	at org.testng.SuiteRunnerWorker.runSuite(SuiteRunnerWorker.java:52)
                        	at org.testng.SuiteRunnerWorker.run(SuiteRunnerWorker.java:86)
                        	at org.testng.TestNG.runSuitesSequentially(TestNG.java:1215)
                        	at org.testng.TestNG.runSuitesLocally(TestNG.java:1140)
                        	at org.testng.TestNG.run(TestNG.java:1048)
                        	at org.testng.remote.AbstractRemoteTestNG.run(AbstractRemoteTestNG.java:114)
                        	at org.testng.remote.RemoteTestNG.initAndRun(RemoteTestNG.java:251)
                        	at org.testng.remote.RemoteTestNG.main(RemoteTestNG.java:77)
                     </pre>
                  </div>
               </td>
            </tr>
            <tr id="test.testAddAddress_testAddAddresses_byStatus_failed_FAIL5_row"
                class="testMethodStatusFAIL">
               <td width="100%" class="firstMethodCell">
                  <a onclick="toggleDetailsVisibility('test.testAddAddress_testAddAddresses_byStatus_failed_FAIL5_details')">testAddAddresses(何建一
                     
                     ,
                     
                     上海市
                     
                     ,
                     
                     上海市
                     
                     ,
                     
                     黄浦区
                     
                     ,
                     
                     邮局
                     
                     ,
                     
                     15523456654
                     
                     ,
                     
                     888999)
                  </a>
               </td>
               <td nowrap="true">10:20:10</td>
               <td nowrap="true" align="right">6s
                  
               </td>
               <td nowrap="true">
                  <a onclick="toggleDetailsVisibility('test.testAddAddress_testAddAddresses_byStatus_failed_FAIL5_exception')">java.lang.NullPointerException: </a>
                   
                  
               </td>
            </tr>
            <tr>
               <td colspan="4" class="detailsBox">
                  <div id="test.testAddAddress_testAddAddresses_byStatus_failed_FAIL5_details"
                       class="testMethodDetails">
                     <div>
                        <b>Name: </b>testAddAddresses
                     </div>
                     <div>
                        <b>Signature: </b>testAddAddresses(java.lang.String, java.lang.String, java.lang.String, java.lang.String, java.lang.String, java.lang.String,
                        java.lang.String)[pri:0, instance:test.testAddAddress@36d4b5c]
                     </div>
                     <div>
                        <b>Parameters: </b>
                        
                        何建一
                        
                        ,
                        
                        上海市
                        
                        ,
                        
                        上海市
                        
                        ,
                        
                        黄浦区
                        
                        ,
                        
                        邮局
                        
                        ,
                        
                        15523456654
                        
                        ,
                        
                        888999
                        
                        
                     </div>
                     <div>
                        <b>Start time: </b>10:20:10
                     </div>
                     <div>
                        <b>End time: </b>10:20:16
                     </div>
                     <div>
                        <b>Duration: </b>6s
                        
                     </div>
                     <div>
                        <b>Depends on methods:
                           
                        </b>
                        <div>
                               -
                           test.testAddAddress.testLogin
                        </div>
                     </div>
                  </div>
               </td>
            </tr>
            <tr>
               <td colspan="4" class="detailsBox">
                  <div id="test.testAddAddress_testAddAddresses_byStatus_failed_FAIL5_exception"
                       class="testMethodDetails">
                     <pre style="padding: 5px; margin: 0;">java.lang.NullPointerException
                        	at org.openqa.selenium.support.ui.Select.&lt;init&gt;(Select.java:44)
                        	at com.webtest.core.WebDriverEngine.getSelect(WebDriverEngine.java:203)
                        	at com.webtest.core.WebDriverEngine.selectByValue(WebDriverEngine.java:208)
                        	at manage.AddAddress.input(AddAddress.java:20)
                        	at test.testAddAddress.testAddAddresses(testAddAddress.java:21)
                        	at sun.reflect.NativeMethodAccessorImpl.invoke0(Native Method)
                        	at sun.reflect.NativeMethodAccessorImpl.invoke(Unknown Source)
                        	at sun.reflect.DelegatingMethodAccessorImpl.invoke(Unknown Source)
                        	at java.lang.reflect.Method.invoke(Unknown Source)
                        	at org.testng.internal.MethodInvocationHelper.invokeMethod(MethodInvocationHelper.java:85)
                        	at org.testng.internal.Invoker.invokeMethod(Invoker.java:639)
                        	at org.testng.internal.Invoker.invokeTestMethod(Invoker.java:816)
                        	at org.testng.internal.Invoker.invokeTestMethods(Invoker.java:1124)
                        	at org.testng.internal.TestMethodWorker.invokeTestMethods(TestMethodWorker.java:125)
                        	at org.testng.internal.TestMethodWorker.run(TestMethodWorker.java:108)
                        	at org.testng.TestRunner.privateRun(TestRunner.java:774)
                        	at org.testng.TestRunner.run(TestRunner.java:624)
                        	at org.testng.SuiteRunner.runTest(SuiteRunner.java:359)
                        	at org.testng.SuiteRunner.runSequentially(SuiteRunner.java:354)
                        	at org.testng.SuiteRunner.privateRun(SuiteRunner.java:312)
                        	at org.testng.SuiteRunner.run(SuiteRunner.java:261)
                        	at org.testng.SuiteRunnerWorker.runSuite(SuiteRunnerWorker.java:52)
                        	at org.testng.SuiteRunnerWorker.run(SuiteRunnerWorker.java:86)
                        	at org.testng.TestNG.runSuitesSequentially(TestNG.java:1215)
                        	at org.testng.TestNG.runSuitesLocally(TestNG.java:1140)
                        	at org.testng.TestNG.run(TestNG.java:1048)
                        	at org.testng.remote.AbstractRemoteTestNG.run(AbstractRemoteTestNG.java:114)
                        	at org.testng.remote.RemoteTestNG.initAndRun(RemoteTestNG.java:251)
                        	at org.testng.remote.RemoteTestNG.main(RemoteTestNG.java:77)
                     </pre>
                  </div>
               </td>
            </tr>
            <tr id="test.testAddAddress_doAfterMethod_byStatus_failed_FAIL6_row"
                class="testMethodStatusFAIL testMethodStatusCONF">
               <td width="100%" class="firstMethodCell">
                  <a onclick="toggleDetailsVisibility('test.testAddAddress_doAfterMethod_byStatus_failed_FAIL6_details')">doAfterMethod()</a>
               </td>
               <td nowrap="true">10:20:16</td>
               <td nowrap="true" align="right">0 ms
                  
               </td>
               <td nowrap="true">
                  <a onclick="toggleDetailsVisibility('test.testAddAddress_doAfterMethod_byStatus_failed_FAIL6_exception')">org.openqa.selenium.SessionNotCreatedException: 
                     Tried to run command without establishing a connection
                     Build info: version: '3.6.0', revision: '6fbf3ec767', time: '2017-09-27T16:15:40.131Z'
                     System info: host: '火乐乐的电脑', ip: '169.254.52.63', os.name: 'Windows 10', os.arch: 'amd64', os.version: '10.0', java.version:
                     '1.8.0_144'
                     Driver info: org.openqa.selenium.firefox.FirefoxDriver
                     Capabilities [{moz:profile=C:\Users\火乐乐\AppData\Local\Temp\rust_mozprofile.8esuH5K3ezlY, rotatable=false, timeouts={implicit=0,
                     pageLoad=300000, script=30000}, pageLoadStrategy=normal, platform=XP, specificationLevel=0, moz:accessibilityChecks=false,
                     acceptInsecureCerts=true, browserVersion=55.0.3, platformVersion=10.0, moz:processID=12872, browserName=firefox, javascriptEnabled=true,
                     platformName=XP}]
                     Session ID: 0567eca0-36b1-4680-b52f-a14d38af2b8f
                     
                  </a>
                   
                  
               </td>
            </tr>
            <tr>
               <td colspan="4" class="detailsBox">
                  <div id="test.testAddAddress_doAfterMethod_byStatus_failed_FAIL6_details"
                       class="testMethodDetails">
                     <div>
                        <b>Name: </b>doAfterMethod
                     </div>
                     <div>
                        <b>Signature: </b>doAfterMethod()[pri:0, instance:test.testAddAddress@36d4b5c]
                     </div>
                     <div>
                        <b>Start time: </b>10:20:16
                     </div>
                     <div>
                        <b>End time: </b>10:20:16
                     </div>
                     <div>
                        <b>Duration: </b>0 ms
                        
                     </div>
                  </div>
               </td>
            </tr>
            <tr>
               <td colspan="4" class="detailsBox">
                  <div id="test.testAddAddress_doAfterMethod_byStatus_failed_FAIL6_exception"
                       class="testMethodDetails">
                     <pre style="padding: 5px; margin: 0;">org.openqa.selenium.SessionNotCreatedException: Tried to run command without establishing a connection
                        Build info: version: '3.6.0', revision: '6fbf3ec767', time: '2017-09-27T16:15:40.131Z'
                        System info: host: '火乐乐的电脑', ip: '169.254.52.63', os.name: 'Windows 10', os.arch: 'amd64', os.version: '10.0', java.version:
                        '1.8.0_144'
                        Driver info: org.openqa.selenium.firefox.FirefoxDriver
                        Capabilities [{moz:profile=C:\Users\火乐乐\AppData\Local\Temp\rust_mozprofile.8esuH5K3ezlY, rotatable=false, timeouts={implicit=0,
                        pageLoad=300000, script=30000}, pageLoadStrategy=normal, platform=XP, specificationLevel=0, moz:accessibilityChecks=false,
                        acceptInsecureCerts=true, browserVersion=55.0.3, platformVersion=10.0, moz:processID=12872, browserName=firefox, javascriptEnabled=true,
                        platformName=XP}]
                        Session ID: 0567eca0-36b1-4680-b52f-a14d38af2b8f
                        	at sun.reflect.GeneratedConstructorAccessor16.newInstance(Unknown Source)
                        	at sun.reflect.DelegatingConstructorAccessorImpl.newInstance(Unknown Source)
                        	at java.lang.reflect.Constructor.newInstance(Unknown Source)
                        	at org.openqa.selenium.remote.http.W3CHttpResponseCodec.createException(W3CHttpResponseCodec.java:185)
                        	at org.openqa.selenium.remote.http.W3CHttpResponseCodec.decode(W3CHttpResponseCodec.java:120)
                        	at org.openqa.selenium.remote.http.W3CHttpResponseCodec.decode(W3CHttpResponseCodec.java:49)
                        	at org.openqa.selenium.remote.HttpCommandExecutor.execute(HttpCommandExecutor.java:164)
                        	at org.openqa.selenium.remote.service.DriverCommandExecutor.execute(DriverCommandExecutor.java:83)
                        	at org.openqa.selenium.remote.RemoteWebDriver.execute(RemoteWebDriver.java:586)
                        	at org.openqa.selenium.remote.RemoteWebDriver.execute(RemoteWebDriver.java:643)
                        	at org.openqa.selenium.remote.RemoteWebDriver.quit(RemoteWebDriver.java:482)
                        	at com.webtest.core.BaseTest.doAfterMethod(BaseTest.java:151)
                        	at sun.reflect.NativeMethodAccessorImpl.invoke0(Native Method)
                        	at sun.reflect.NativeMethodAccessorImpl.invoke(Unknown Source)
                        	at sun.reflect.DelegatingMethodAccessorImpl.invoke(Unknown Source)
                        	at java.lang.reflect.Method.invoke(Unknown Source)
                        	at org.testng.internal.MethodInvocationHelper.invokeMethod(MethodInvocationHelper.java:85)
                        	at org.testng.internal.Invoker.invokeConfigurationMethod(Invoker.java:510)
                        	at org.testng.internal.Invoker.invokeConfigurations(Invoker.java:211)
                        	at org.testng.internal.Invoker.invokeConfigurations(Invoker.java:138)
                        	at org.testng.internal.TestMethodWorker.invokeAfterClassMethods(TestMethodWorker.java:220)
                        	at org.testng.internal.TestMethodWorker.run(TestMethodWorker.java:111)
                        	at org.testng.TestRunner.privateRun(TestRunner.java:774)
                        	at org.testng.TestRunner.run(TestRunner.java:624)
                        	at org.testng.SuiteRunner.runTest(SuiteRunner.java:359)
                        	at org.testng.SuiteRunner.runSequentially(SuiteRunner.java:354)
                        	at org.testng.SuiteRunner.privateRun(SuiteRunner.java:312)
                        	at org.testng.SuiteRunner.run(SuiteRunner.java:261)
                        	at org.testng.SuiteRunnerWorker.runSuite(SuiteRunnerWorker.java:52)
                        	at org.testng.SuiteRunnerWorker.run(SuiteRunnerWorker.java:86)
                        	at org.testng.TestNG.runSuitesSequentially(TestNG.java:1215)
                        	at org.testng.TestNG.runSuitesLocally(TestNG.java:1140)
                        	at org.testng.TestNG.run(TestNG.java:1048)
                        	at org.testng.remote.AbstractRemoteTestNG.run(AbstractRemoteTestNG.java:114)
                        	at org.testng.remote.RemoteTestNG.initAndRun(RemoteTestNG.java:251)
                        	at org.testng.remote.RemoteTestNG.main(RemoteTestNG.java:77)
                     </pre>
                  </div>
               </td>
            </tr>
            <tr id="test.testAddAddress_doBeforeMethod_byStatus_passed_PASS1_row"
                class="testMethodStatusPASS testMethodStatusCONF">
               <td width="100%" class="firstMethodCell">
                  <a onclick="toggleDetailsVisibility('test.testAddAddress_doBeforeMethod_byStatus_passed_PASS1_details')">doBeforeMethod()</a>
               </td>
               <td nowrap="true">10:18:08</td>
               <td nowrap="true" align="right">12s
                  
               </td>
               <td nowrap="true">
                   
                  
               </td>
            </tr>
            <tr>
               <td colspan="4" class="detailsBox">
                  <div id="test.testAddAddress_doBeforeMethod_byStatus_passed_PASS1_details"
                       class="testMethodDetails">
                     <div>
                        <b>Name: </b>doBeforeMethod
                     </div>
                     <div>
                        <b>Signature: </b>doBeforeMethod()[pri:0, instance:test.testAddAddress@36d4b5c]
                     </div>
                     <div>
                        <b>Start time: </b>10:18:08
                     </div>
                     <div>
                        <b>End time: </b>10:18:21
                     </div>
                     <div>
                        <b>Duration: </b>12s
                        
                     </div>
                  </div>
               </td>
            </tr>
            <tr></tr>
            <tr id="test.testAddAddress_testLogin_byStatus_passed_PASS2_row"
                class="testMethodStatusPASS">
               <td width="100%" class="firstMethodCell">
                  <a onclick="toggleDetailsVisibility('test.testAddAddress_testLogin_byStatus_passed_PASS2_details')">testLogin()</a>
               </td>
               <td nowrap="true">10:18:21</td>
               <td nowrap="true" align="right">11s
                  
               </td>
               <td nowrap="true">
                   
                  
               </td>
            </tr>
            <tr>
               <td colspan="4" class="detailsBox">
                  <div id="test.testAddAddress_testLogin_byStatus_passed_PASS2_details"
                       class="testMethodDetails">
                     <div>
                        <b>Name: </b>testLogin
                     </div>
                     <div>
                        <b>Signature: </b>testLogin()[pri:0, instance:test.testAddAddress@36d4b5c]
                     </div>
                     <div>
                        <b>Start time: </b>10:18:21
                     </div>
                     <div>
                        <b>End time: </b>10:18:32
                     </div>
                     <div>
                        <b>Duration: </b>11s
                        
                     </div>
                  </div>
               </td>
            </tr>
            <tr></tr>
         </table>
      </div>
      <div id="testMethodsByClass" style="display: none;">
         <table class="testMethodsTable" cellpadding="0" cellspacing="0">
            <tr>
               <td colspan="4">
                  <h3 style="display: inline;">test.testAddAddress</h3>
               </td>
            </tr>
            <tr class="methodsTableHeader">
               <td width="100%">Name</td>
               <td nowrap="true">Started</td>
               <td nowrap="true">Duration</td>
               <td>Exception</td>
            </tr>
            <tr id="test.testAddAddress_doBeforeMethod_byClass_PASS1_row"
                class="testMethodStatusPASS testMethodStatusCONF">
               <td width="100%" class="firstMethodCell">
                  <a onclick="toggleDetailsVisibility('test.testAddAddress_doBeforeMethod_byClass_PASS1_details')">doBeforeMethod()</a>
               </td>
               <td nowrap="true">10:18:08</td>
               <td nowrap="true" align="right">12s
                  
               </td>
               <td nowrap="true">
                   
                  
               </td>
            </tr>
            <tr>
               <td colspan="4" class="detailsBox">
                  <div id="test.testAddAddress_doBeforeMethod_byClass_PASS1_details"
                       class="testMethodDetails">
                     <div>
                        <b>Name: </b>doBeforeMethod
                     </div>
                     <div>
                        <b>Signature: </b>doBeforeMethod()[pri:0, instance:test.testAddAddress@36d4b5c]
                     </div>
                     <div>
                        <b>Start time: </b>10:18:08
                     </div>
                     <div>
                        <b>End time: </b>10:18:21
                     </div>
                     <div>
                        <b>Duration: </b>12s
                        
                     </div>
                  </div>
               </td>
            </tr>
            <tr></tr>
            <tr id="test.testAddAddress_testLogin_byClass_PASS2_row"
                class="testMethodStatusPASS">
               <td width="100%" class="firstMethodCell">
                  <a onclick="toggleDetailsVisibility('test.testAddAddress_testLogin_byClass_PASS2_details')">testLogin()</a>
               </td>
               <td nowrap="true">10:18:21</td>
               <td nowrap="true" align="right">11s
                  
               </td>
               <td nowrap="true">
                   
                  
               </td>
            </tr>
            <tr>
               <td colspan="4" class="detailsBox">
                  <div id="test.testAddAddress_testLogin_byClass_PASS2_details"
                       class="testMethodDetails">
                     <div>
                        <b>Name: </b>testLogin
                     </div>
                     <div>
                        <b>Signature: </b>testLogin()[pri:0, instance:test.testAddAddress@36d4b5c]
                     </div>
                     <div>
                        <b>Start time: </b>10:18:21
                     </div>
                     <div>
                        <b>End time: </b>10:18:32
                     </div>
                     <div>
                        <b>Duration: </b>11s
                        
                     </div>
                  </div>
               </td>
            </tr>
            <tr></tr>
            <tr id="test.testAddAddress_testAddAddresses_byClass_FAIL3_row"
                class="testMethodStatusFAIL">
               <td width="100%" class="firstMethodCell">
                  <a onclick="toggleDetailsVisibility('test.testAddAddress_testAddAddresses_byClass_FAIL3_details')">testAddAddresses(马佳烁
                     
                     ,
                     
                     浙江省
                     
                     ,
                     
                     杭州市
                     
                     ,
                     
                     临安市
                     
                     ,
                     
                     40号
                     
                     ,
                     
                     18323145678
                     
                     ,
                     
                     123456)
                  </a>
               </td>
               <td nowrap="true">10:18:32</td>
               <td nowrap="true" align="right">44s
                  
               </td>
               <td nowrap="true">
                  <a onclick="toggleDetailsVisibility('test.testAddAddress_testAddAddresses_byClass_FAIL3_exception')">org.openqa.selenium.NoAlertPresentException: 
                     No modal dialog is currently open
                     Build info: version: '3.6.0', revision: '6fbf3ec767', time: '2017-09-27T16:15:40.131Z'
                     System info: host: '火乐乐的电脑', ip: '169.254.52.63', os.name: 'Windows 10', os.arch: 'amd64', os.version: '10.0', java.version:
                     '1.8.0_144'
                     Driver info: org.openqa.selenium.firefox.FirefoxDriver
                     Capabilities [{moz:profile=C:\Users\火乐乐\AppData\Local\Temp\rust_mozprofile.8esuH5K3ezlY, rotatable=false, timeouts={implicit=0,
                     pageLoad=300000, script=30000}, pageLoadStrategy=normal, platform=XP, specificationLevel=0, moz:accessibilityChecks=false,
                     acceptInsecureCerts=true, browserVersion=55.0.3, platformVersion=10.0, moz:processID=12872, browserName=firefox, javascriptEnabled=true,
                     platformName=XP}]
                     Session ID: 0567eca0-36b1-4680-b52f-a14d38af2b8f
                     
                  </a>
                   
                  
               </td>
            </tr>
            <tr>
               <td colspan="4" class="detailsBox">
                  <div id="test.testAddAddress_testAddAddresses_byClass_FAIL3_details"
                       class="testMethodDetails">
                     <div>
                        <b>Name: </b>testAddAddresses
                     </div>
                     <div>
                        <b>Signature: </b>testAddAddresses(java.lang.String, java.lang.String, java.lang.String, java.lang.String, java.lang.String, java.lang.String,
                        java.lang.String)[pri:0, instance:test.testAddAddress@36d4b5c]
                     </div>
                     <div>
                        <b>Parameters: </b>
                        
                        马佳烁
                        
                        ,
                        
                        浙江省
                        
                        ,
                        
                        杭州市
                        
                        ,
                        
                        临安市
                        
                        ,
                        
                        40号
                        
                        ,
                        
                        18323145678
                        
                        ,
                        
                        123456
                        
                        
                     </div>
                     <div>
                        <b>Start time: </b>10:18:32
                     </div>
                     <div>
                        <b>End time: </b>10:19:17
                     </div>
                     <div>
                        <b>Duration: </b>44s
                        
                     </div>
                     <div>
                        <b>Depends on methods:
                           
                        </b>
                        <div>
                               -
                           test.testAddAddress.testLogin
                        </div>
                     </div>
                  </div>
               </td>
            </tr>
            <tr>
               <td colspan="4" class="detailsBox">
                  <div id="test.testAddAddress_testAddAddresses_byClass_FAIL3_exception"
                       class="testMethodDetails">
                     <pre style="padding: 5px; margin: 0;">org.openqa.selenium.NoAlertPresentException: No modal dialog is currently open
                        Build info: version: '3.6.0', revision: '6fbf3ec767', time: '2017-09-27T16:15:40.131Z'
                        System info: host: '火乐乐的电脑', ip: '169.254.52.63', os.name: 'Windows 10', os.arch: 'amd64', os.version: '10.0', java.version:
                        '1.8.0_144'
                        Driver info: org.openqa.selenium.firefox.FirefoxDriver
                        Capabilities [{moz:profile=C:\Users\火乐乐\AppData\Local\Temp\rust_mozprofile.8esuH5K3ezlY, rotatable=false, timeouts={implicit=0,
                        pageLoad=300000, script=30000}, pageLoadStrategy=normal, platform=XP, specificationLevel=0, moz:accessibilityChecks=false,
                        acceptInsecureCerts=true, browserVersion=55.0.3, platformVersion=10.0, moz:processID=12872, browserName=firefox, javascriptEnabled=true,
                        platformName=XP}]
                        Session ID: 0567eca0-36b1-4680-b52f-a14d38af2b8f
                        	at sun.reflect.NativeConstructorAccessorImpl.newInstance0(Native Method)
                        	at sun.reflect.NativeConstructorAccessorImpl.newInstance(Unknown Source)
                        	at sun.reflect.DelegatingConstructorAccessorImpl.newInstance(Unknown Source)
                        	at java.lang.reflect.Constructor.newInstance(Unknown Source)
                        	at org.openqa.selenium.remote.http.W3CHttpResponseCodec.createException(W3CHttpResponseCodec.java:185)
                        	at org.openqa.selenium.remote.http.W3CHttpResponseCodec.decode(W3CHttpResponseCodec.java:120)
                        	at org.openqa.selenium.remote.http.W3CHttpResponseCodec.decode(W3CHttpResponseCodec.java:49)
                        	at org.openqa.selenium.remote.HttpCommandExecutor.execute(HttpCommandExecutor.java:164)
                        	at org.openqa.selenium.remote.service.DriverCommandExecutor.execute(DriverCommandExecutor.java:83)
                        	at org.openqa.selenium.remote.RemoteWebDriver.execute(RemoteWebDriver.java:586)
                        	at org.openqa.selenium.remote.RemoteWebDriver.execute(RemoteWebDriver.java:643)
                        	at org.openqa.selenium.remote.RemoteWebDriver$RemoteTargetLocator.alert(RemoteWebDriver.java:972)
                        	at com.webtest.core.WebDriverEngine.getAlert(WebDriverEngine.java:198)
                        	at manage.AddAddress.input(AddAddress.java:29)
                        	at test.testAddAddress.testAddAddresses(testAddAddress.java:21)
                        	at sun.reflect.NativeMethodAccessorImpl.invoke0(Native Method)
                        	at sun.reflect.NativeMethodAccessorImpl.invoke(Unknown Source)
                        	at sun.reflect.DelegatingMethodAccessorImpl.invoke(Unknown Source)
                        	at java.lang.reflect.Method.invoke(Unknown Source)
                        	at org.testng.internal.MethodInvocationHelper.invokeMethod(MethodInvocationHelper.java:85)
                        	at org.testng.internal.Invoker.invokeMethod(Invoker.java:639)
                        	at org.testng.internal.Invoker.invokeTestMethod(Invoker.java:816)
                        	at org.testng.internal.Invoker.invokeTestMethods(Invoker.java:1124)
                        	at org.testng.internal.TestMethodWorker.invokeTestMethods(TestMethodWorker.java:125)
                        	at org.testng.internal.TestMethodWorker.run(TestMethodWorker.java:108)
                        	at org.testng.TestRunner.privateRun(TestRunner.java:774)
                        	at org.testng.TestRunner.run(TestRunner.java:624)
                        	at org.testng.SuiteRunner.runTest(SuiteRunner.java:359)
                        	at org.testng.SuiteRunner.runSequentially(SuiteRunner.java:354)
                        	at org.testng.SuiteRunner.privateRun(SuiteRunner.java:312)
                        	at org.testng.SuiteRunner.run(SuiteRunner.java:261)
                        	at org.testng.SuiteRunnerWorker.runSuite(SuiteRunnerWorker.java:52)
                        	at org.testng.SuiteRunnerWorker.run(SuiteRunnerWorker.java:86)
                        	at org.testng.TestNG.runSuitesSequentially(TestNG.java:1215)
                        	at org.testng.TestNG.runSuitesLocally(TestNG.java:1140)
                        	at org.testng.TestNG.run(TestNG.java:1048)
                        	at org.testng.remote.AbstractRemoteTestNG.run(AbstractRemoteTestNG.java:114)
                        	at org.testng.remote.RemoteTestNG.initAndRun(RemoteTestNG.java:251)
                        	at org.testng.remote.RemoteTestNG.main(RemoteTestNG.java:77)
                     </pre>
                  </div>
               </td>
            </tr>
            <tr id="test.testAddAddress_testAddAddresses_byClass_FAIL4_row"
                class="testMethodStatusFAIL">
               <td width="100%" class="firstMethodCell">
                  <a onclick="toggleDetailsVisibility('test.testAddAddress_testAddAddresses_byClass_FAIL4_details')">testAddAddresses(张晓明
                     
                     ,
                     
                     黑龙江省
                     
                     ,
                     
                     哈尔滨市
                     
                     ,
                     
                     松北区
                     
                     ,
                     
                     14栋3号
                     
                     ,
                     
                     13323456789
                     
                     ,
                     
                     234554)
                  </a>
               </td>
               <td nowrap="true">10:19:17</td>
               <td nowrap="true" align="right">40s
                  
               </td>
               <td nowrap="true">
                  <a onclick="toggleDetailsVisibility('test.testAddAddress_testAddAddresses_byClass_FAIL4_exception')">org.openqa.selenium.SessionNotCreatedException: 
                     Tried to run command without establishing a connection
                     Build info: version: '3.6.0', revision: '6fbf3ec767', time: '2017-09-27T16:15:40.131Z'
                     System info: host: '火乐乐的电脑', ip: '169.254.52.63', os.name: 'Windows 10', os.arch: 'amd64', os.version: '10.0', java.version:
                     '1.8.0_144'
                     Driver info: org.openqa.selenium.firefox.FirefoxDriver
                     Capabilities [{moz:profile=C:\Users\火乐乐\AppData\Local\Temp\rust_mozprofile.8esuH5K3ezlY, rotatable=false, timeouts={implicit=0,
                     pageLoad=300000, script=30000}, pageLoadStrategy=normal, platform=XP, specificationLevel=0, moz:accessibilityChecks=false,
                     acceptInsecureCerts=true, browserVersion=55.0.3, platformVersion=10.0, moz:processID=12872, browserName=firefox, javascriptEnabled=true,
                     platformName=XP}]
                     Session ID: 0567eca0-36b1-4680-b52f-a14d38af2b8f
                     
                  </a>
                   
                  
               </td>
            </tr>
            <tr>
               <td colspan="4" class="detailsBox">
                  <div id="test.testAddAddress_testAddAddresses_byClass_FAIL4_details"
                       class="testMethodDetails">
                     <div>
                        <b>Name: </b>testAddAddresses
                     </div>
                     <div>
                        <b>Signature: </b>testAddAddresses(java.lang.String, java.lang.String, java.lang.String, java.lang.String, java.lang.String, java.lang.String,
                        java.lang.String)[pri:0, instance:test.testAddAddress@36d4b5c]
                     </div>
                     <div>
                        <b>Parameters: </b>
                        
                        张晓明
                        
                        ,
                        
                        黑龙江省
                        
                        ,
                        
                        哈尔滨市
                        
                        ,
                        
                        松北区
                        
                        ,
                        
                        14栋3号
                        
                        ,
                        
                        13323456789
                        
                        ,
                        
                        234554
                        
                        
                     </div>
                     <div>
                        <b>Start time: </b>10:19:17
                     </div>
                     <div>
                        <b>End time: </b>10:19:58
                     </div>
                     <div>
                        <b>Duration: </b>40s
                        
                     </div>
                     <div>
                        <b>Depends on methods:
                           
                        </b>
                        <div>
                               -
                           test.testAddAddress.testLogin
                        </div>
                     </div>
                  </div>
               </td>
            </tr>
            <tr>
               <td colspan="4" class="detailsBox">
                  <div id="test.testAddAddress_testAddAddresses_byClass_FAIL4_exception"
                       class="testMethodDetails">
                     <pre style="padding: 5px; margin: 0;">org.openqa.selenium.SessionNotCreatedException: Tried to run command without establishing a connection
                        Build info: version: '3.6.0', revision: '6fbf3ec767', time: '2017-09-27T16:15:40.131Z'
                        System info: host: '火乐乐的电脑', ip: '169.254.52.63', os.name: 'Windows 10', os.arch: 'amd64', os.version: '10.0', java.version:
                        '1.8.0_144'
                        Driver info: org.openqa.selenium.firefox.FirefoxDriver
                        Capabilities [{moz:profile=C:\Users\火乐乐\AppData\Local\Temp\rust_mozprofile.8esuH5K3ezlY, rotatable=false, timeouts={implicit=0,
                        pageLoad=300000, script=30000}, pageLoadStrategy=normal, platform=XP, specificationLevel=0, moz:accessibilityChecks=false,
                        acceptInsecureCerts=true, browserVersion=55.0.3, platformVersion=10.0, moz:processID=12872, browserName=firefox, javascriptEnabled=true,
                        platformName=XP}]
                        Session ID: 0567eca0-36b1-4680-b52f-a14d38af2b8f
                        	at sun.reflect.NativeConstructorAccessorImpl.newInstance0(Native Method)
                        	at sun.reflect.NativeConstructorAccessorImpl.newInstance(Unknown Source)
                        	at sun.reflect.DelegatingConstructorAccessorImpl.newInstance(Unknown Source)
                        	at java.lang.reflect.Constructor.newInstance(Unknown Source)
                        	at org.openqa.selenium.remote.http.W3CHttpResponseCodec.createException(W3CHttpResponseCodec.java:185)
                        	at org.openqa.selenium.remote.http.W3CHttpResponseCodec.decode(W3CHttpResponseCodec.java:120)
                        	at org.openqa.selenium.remote.http.W3CHttpResponseCodec.decode(W3CHttpResponseCodec.java:49)
                        	at org.openqa.selenium.remote.HttpCommandExecutor.execute(HttpCommandExecutor.java:164)
                        	at org.openqa.selenium.remote.service.DriverCommandExecutor.execute(DriverCommandExecutor.java:83)
                        	at org.openqa.selenium.remote.RemoteWebDriver.execute(RemoteWebDriver.java:586)
                        	at org.openqa.selenium.remote.RemoteWebDriver.execute(RemoteWebDriver.java:643)
                        	at org.openqa.selenium.remote.RemoteWebDriver$RemoteTargetLocator.alert(RemoteWebDriver.java:972)
                        	at com.webtest.core.WebDriverEngine.getAlert(WebDriverEngine.java:198)
                        	at manage.AddAddress.input(AddAddress.java:29)
                        	at test.testAddAddress.testAddAddresses(testAddAddress.java:21)
                        	at sun.reflect.NativeMethodAccessorImpl.invoke0(Native Method)
                        	at sun.reflect.NativeMethodAccessorImpl.invoke(Unknown Source)
                        	at sun.reflect.DelegatingMethodAccessorImpl.invoke(Unknown Source)
                        	at java.lang.reflect.Method.invoke(Unknown Source)
                        	at org.testng.internal.MethodInvocationHelper.invokeMethod(MethodInvocationHelper.java:85)
                        	at org.testng.internal.Invoker.invokeMethod(Invoker.java:639)
                        	at org.testng.internal.Invoker.invokeTestMethod(Invoker.java:816)
                        	at org.testng.internal.Invoker.invokeTestMethods(Invoker.java:1124)
                        	at org.testng.internal.TestMethodWorker.invokeTestMethods(TestMethodWorker.java:125)
                        	at org.testng.internal.TestMethodWorker.run(TestMethodWorker.java:108)
                        	at org.testng.TestRunner.privateRun(TestRunner.java:774)
                        	at org.testng.TestRunner.run(TestRunner.java:624)
                        	at org.testng.SuiteRunner.runTest(SuiteRunner.java:359)
                        	at org.testng.SuiteRunner.runSequentially(SuiteRunner.java:354)
                        	at org.testng.SuiteRunner.privateRun(SuiteRunner.java:312)
                        	at org.testng.SuiteRunner.run(SuiteRunner.java:261)
                        	at org.testng.SuiteRunnerWorker.runSuite(SuiteRunnerWorker.java:52)
                        	at org.testng.SuiteRunnerWorker.run(SuiteRunnerWorker.java:86)
                        	at org.testng.TestNG.runSuitesSequentially(TestNG.java:1215)
                        	at org.testng.TestNG.runSuitesLocally(TestNG.java:1140)
                        	at org.testng.TestNG.run(TestNG.java:1048)
                        	at org.testng.remote.AbstractRemoteTestNG.run(AbstractRemoteTestNG.java:114)
                        	at org.testng.remote.RemoteTestNG.initAndRun(RemoteTestNG.java:251)
                        	at org.testng.remote.RemoteTestNG.main(RemoteTestNG.java:77)
                     </pre>
                  </div>
               </td>
            </tr>
            <tr id="test.testAddAddress_testAddAddresses_byClass_FAIL5_row"
                class="testMethodStatusFAIL">
               <td width="100%" class="firstMethodCell">
                  <a onclick="toggleDetailsVisibility('test.testAddAddress_testAddAddresses_byClass_FAIL5_details')">testAddAddresses(李晓红
                     
                     ,
                     
                     福建省
                     
                     ,
                     
                     福州市
                     
                     ,
                     
                     鼓楼区
                     
                     ,
                     
                     2栋工业
                     
                     ,
                     
                     15532155678
                     
                     ,
                     
                     890890)
                  </a>
               </td>
               <td nowrap="true">10:19:58</td>
               <td nowrap="true" align="right">6s
                  
               </td>
               <td nowrap="true">
                  <a onclick="toggleDetailsVisibility('test.testAddAddress_testAddAddresses_byClass_FAIL5_exception')">java.lang.NullPointerException: </a>
                   
                  
               </td>
            </tr>
            <tr>
               <td colspan="4" class="detailsBox">
                  <div id="test.testAddAddress_testAddAddresses_byClass_FAIL5_details"
                       class="testMethodDetails">
                     <div>
                        <b>Name: </b>testAddAddresses
                     </div>
                     <div>
                        <b>Signature: </b>testAddAddresses(java.lang.String, java.lang.String, java.lang.String, java.lang.String, java.lang.String, java.lang.String,
                        java.lang.String)[pri:0, instance:test.testAddAddress@36d4b5c]
                     </div>
                     <div>
                        <b>Parameters: </b>
                        
                        李晓红
                        
                        ,
                        
                        福建省
                        
                        ,
                        
                        福州市
                        
                        ,
                        
                        鼓楼区
                        
                        ,
                        
                        2栋工业
                        
                        ,
                        
                        15532155678
                        
                        ,
                        
                        890890
                        
                        
                     </div>
                     <div>
                        <b>Start time: </b>10:19:58
                     </div>
                     <div>
                        <b>End time: </b>10:20:04
                     </div>
                     <div>
                        <b>Duration: </b>6s
                        
                     </div>
                     <div>
                        <b>Depends on methods:
                           
                        </b>
                        <div>
                               -
                           test.testAddAddress.testLogin
                        </div>
                     </div>
                  </div>
               </td>
            </tr>
            <tr>
               <td colspan="4" class="detailsBox">
                  <div id="test.testAddAddress_testAddAddresses_byClass_FAIL5_exception"
                       class="testMethodDetails">
                     <pre style="padding: 5px; margin: 0;">java.lang.NullPointerException
                        	at org.openqa.selenium.support.ui.Select.&lt;init&gt;(Select.java:44)
                        	at com.webtest.core.WebDriverEngine.getSelect(WebDriverEngine.java:203)
                        	at com.webtest.core.WebDriverEngine.selectByValue(WebDriverEngine.java:208)
                        	at manage.AddAddress.input(AddAddress.java:20)
                        	at test.testAddAddress.testAddAddresses(testAddAddress.java:21)
                        	at sun.reflect.NativeMethodAccessorImpl.invoke0(Native Method)
                        	at sun.reflect.NativeMethodAccessorImpl.invoke(Unknown Source)
                        	at sun.reflect.DelegatingMethodAccessorImpl.invoke(Unknown Source)
                        	at java.lang.reflect.Method.invoke(Unknown Source)
                        	at org.testng.internal.MethodInvocationHelper.invokeMethod(MethodInvocationHelper.java:85)
                        	at org.testng.internal.Invoker.invokeMethod(Invoker.java:639)
                        	at org.testng.internal.Invoker.invokeTestMethod(Invoker.java:816)
                        	at org.testng.internal.Invoker.invokeTestMethods(Invoker.java:1124)
                        	at org.testng.internal.TestMethodWorker.invokeTestMethods(TestMethodWorker.java:125)
                        	at org.testng.internal.TestMethodWorker.run(TestMethodWorker.java:108)
                        	at org.testng.TestRunner.privateRun(TestRunner.java:774)
                        	at org.testng.TestRunner.run(TestRunner.java:624)
                        	at org.testng.SuiteRunner.runTest(SuiteRunner.java:359)
                        	at org.testng.SuiteRunner.runSequentially(SuiteRunner.java:354)
                        	at org.testng.SuiteRunner.privateRun(SuiteRunner.java:312)
                        	at org.testng.SuiteRunner.run(SuiteRunner.java:261)
                        	at org.testng.SuiteRunnerWorker.runSuite(SuiteRunnerWorker.java:52)
                        	at org.testng.SuiteRunnerWorker.run(SuiteRunnerWorker.java:86)
                        	at org.testng.TestNG.runSuitesSequentially(TestNG.java:1215)
                        	at org.testng.TestNG.runSuitesLocally(TestNG.java:1140)
                        	at org.testng.TestNG.run(TestNG.java:1048)
                        	at org.testng.remote.AbstractRemoteTestNG.run(AbstractRemoteTestNG.java:114)
                        	at org.testng.remote.RemoteTestNG.initAndRun(RemoteTestNG.java:251)
                        	at org.testng.remote.RemoteTestNG.main(RemoteTestNG.java:77)
                     </pre>
                  </div>
               </td>
            </tr>
            <tr id="test.testAddAddress_testAddAddresses_byClass_FAIL6_row"
                class="testMethodStatusFAIL">
               <td width="100%" class="firstMethodCell">
                  <a onclick="toggleDetailsVisibility('test.testAddAddress_testAddAddresses_byClass_FAIL6_details')">testAddAddresses(张婷婷
                     
                     ,
                     
                     山东省
                     
                     ,
                     
                     济南市
                     
                     ,
                     
                     天桥区
                     
                     ,
                     
                     3号写字楼
                     
                     ,
                     
                     18032834432
                     
                     ,
                     
                     234678)
                  </a>
               </td>
               <td nowrap="true">10:20:04</td>
               <td nowrap="true" align="right">6s
                  
               </td>
               <td nowrap="true">
                  <a onclick="toggleDetailsVisibility('test.testAddAddress_testAddAddresses_byClass_FAIL6_exception')">java.lang.NullPointerException: </a>
                   
                  
               </td>
            </tr>
            <tr>
               <td colspan="4" class="detailsBox">
                  <div id="test.testAddAddress_testAddAddresses_byClass_FAIL6_details"
                       class="testMethodDetails">
                     <div>
                        <b>Name: </b>testAddAddresses
                     </div>
                     <div>
                        <b>Signature: </b>testAddAddresses(java.lang.String, java.lang.String, java.lang.String, java.lang.String, java.lang.String, java.lang.String,
                        java.lang.String)[pri:0, instance:test.testAddAddress@36d4b5c]
                     </div>
                     <div>
                        <b>Parameters: </b>
                        
                        张婷婷
                        
                        ,
                        
                        山东省
                        
                        ,
                        
                        济南市
                        
                        ,
                        
                        天桥区
                        
                        ,
                        
                        3号写字楼
                        
                        ,
                        
                        18032834432
                        
                        ,
                        
                        234678
                        
                        
                     </div>
                     <div>
                        <b>Start time: </b>10:20:04
                     </div>
                     <div>
                        <b>End time: </b>10:20:10
                     </div>
                     <div>
                        <b>Duration: </b>6s
                        
                     </div>
                     <div>
                        <b>Depends on methods:
                           
                        </b>
                        <div>
                               -
                           test.testAddAddress.testLogin
                        </div>
                     </div>
                  </div>
               </td>
            </tr>
            <tr>
               <td colspan="4" class="detailsBox">
                  <div id="test.testAddAddress_testAddAddresses_byClass_FAIL6_exception"
                       class="testMethodDetails">
                     <pre style="padding: 5px; margin: 0;">java.lang.NullPointerException
                        	at org.openqa.selenium.support.ui.Select.&lt;init&gt;(Select.java:44)
                        	at com.webtest.core.WebDriverEngine.getSelect(WebDriverEngine.java:203)
                        	at com.webtest.core.WebDriverEngine.selectByValue(WebDriverEngine.java:208)
                        	at manage.AddAddress.input(AddAddress.java:20)
                        	at test.testAddAddress.testAddAddresses(testAddAddress.java:21)
                        	at sun.reflect.NativeMethodAccessorImpl.invoke0(Native Method)
                        	at sun.reflect.NativeMethodAccessorImpl.invoke(Unknown Source)
                        	at sun.reflect.DelegatingMethodAccessorImpl.invoke(Unknown Source)
                        	at java.lang.reflect.Method.invoke(Unknown Source)
                        	at org.testng.internal.MethodInvocationHelper.invokeMethod(MethodInvocationHelper.java:85)
                        	at org.testng.internal.Invoker.invokeMethod(Invoker.java:639)
                        	at org.testng.internal.Invoker.invokeTestMethod(Invoker.java:816)
                        	at org.testng.internal.Invoker.invokeTestMethods(Invoker.java:1124)
                        	at org.testng.internal.TestMethodWorker.invokeTestMethods(TestMethodWorker.java:125)
                        	at org.testng.internal.TestMethodWorker.run(TestMethodWorker.java:108)
                        	at org.testng.TestRunner.privateRun(TestRunner.java:774)
                        	at org.testng.TestRunner.run(TestRunner.java:624)
                        	at org.testng.SuiteRunner.runTest(SuiteRunner.java:359)
                        	at org.testng.SuiteRunner.runSequentially(SuiteRunner.java:354)
                        	at org.testng.SuiteRunner.privateRun(SuiteRunner.java:312)
                        	at org.testng.SuiteRunner.run(SuiteRunner.java:261)
                        	at org.testng.SuiteRunnerWorker.runSuite(SuiteRunnerWorker.java:52)
                        	at org.testng.SuiteRunnerWorker.run(SuiteRunnerWorker.java:86)
                        	at org.testng.TestNG.runSuitesSequentially(TestNG.java:1215)
                        	at org.testng.TestNG.runSuitesLocally(TestNG.java:1140)
                        	at org.testng.TestNG.run(TestNG.java:1048)
                        	at org.testng.remote.AbstractRemoteTestNG.run(AbstractRemoteTestNG.java:114)
                        	at org.testng.remote.RemoteTestNG.initAndRun(RemoteTestNG.java:251)
                        	at org.testng.remote.RemoteTestNG.main(RemoteTestNG.java:77)
                     </pre>
                  </div>
               </td>
            </tr>
            <tr id="test.testAddAddress_testAddAddresses_byClass_FAIL7_row"
                class="testMethodStatusFAIL">
               <td width="100%" class="firstMethodCell">
                  <a onclick="toggleDetailsVisibility('test.testAddAddress_testAddAddresses_byClass_FAIL7_details')">testAddAddresses(何建一
                     
                     ,
                     
                     上海市
                     
                     ,
                     
                     上海市
                     
                     ,
                     
                     黄浦区
                     
                     ,
                     
                     邮局
                     
                     ,
                     
                     15523456654
                     
                     ,
                     
                     888999)
                  </a>
               </td>
               <td nowrap="true">10:20:10</td>
               <td nowrap="true" align="right">6s
                  
               </td>
               <td nowrap="true">
                  <a onclick="toggleDetailsVisibility('test.testAddAddress_testAddAddresses_byClass_FAIL7_exception')">java.lang.NullPointerException: </a>
                   
                  
               </td>
            </tr>
            <tr>
               <td colspan="4" class="detailsBox">
                  <div id="test.testAddAddress_testAddAddresses_byClass_FAIL7_details"
                       class="testMethodDetails">
                     <div>
                        <b>Name: </b>testAddAddresses
                     </div>
                     <div>
                        <b>Signature: </b>testAddAddresses(java.lang.String, java.lang.String, java.lang.String, java.lang.String, java.lang.String, java.lang.String,
                        java.lang.String)[pri:0, instance:test.testAddAddress@36d4b5c]
                     </div>
                     <div>
                        <b>Parameters: </b>
                        
                        何建一
                        
                        ,
                        
                        上海市
                        
                        ,
                        
                        上海市
                        
                        ,
                        
                        黄浦区
                        
                        ,
                        
                        邮局
                        
                        ,
                        
                        15523456654
                        
                        ,
                        
                        888999
                        
                        
                     </div>
                     <div>
                        <b>Start time: </b>10:20:10
                     </div>
                     <div>
                        <b>End time: </b>10:20:16
                     </div>
                     <div>
                        <b>Duration: </b>6s
                        
                     </div>
                     <div>
                        <b>Depends on methods:
                           
                        </b>
                        <div>
                               -
                           test.testAddAddress.testLogin
                        </div>
                     </div>
                  </div>
               </td>
            </tr>
            <tr>
               <td colspan="4" class="detailsBox">
                  <div id="test.testAddAddress_testAddAddresses_byClass_FAIL7_exception"
                       class="testMethodDetails">
                     <pre style="padding: 5px; margin: 0;">java.lang.NullPointerException
                        	at org.openqa.selenium.support.ui.Select.&lt;init&gt;(Select.java:44)
                        	at com.webtest.core.WebDriverEngine.getSelect(WebDriverEngine.java:203)
                        	at com.webtest.core.WebDriverEngine.selectByValue(WebDriverEngine.java:208)
                        	at manage.AddAddress.input(AddAddress.java:20)
                        	at test.testAddAddress.testAddAddresses(testAddAddress.java:21)
                        	at sun.reflect.NativeMethodAccessorImpl.invoke0(Native Method)
                        	at sun.reflect.NativeMethodAccessorImpl.invoke(Unknown Source)
                        	at sun.reflect.DelegatingMethodAccessorImpl.invoke(Unknown Source)
                        	at java.lang.reflect.Method.invoke(Unknown Source)
                        	at org.testng.internal.MethodInvocationHelper.invokeMethod(MethodInvocationHelper.java:85)
                        	at org.testng.internal.Invoker.invokeMethod(Invoker.java:639)
                        	at org.testng.internal.Invoker.invokeTestMethod(Invoker.java:816)
                        	at org.testng.internal.Invoker.invokeTestMethods(Invoker.java:1124)
                        	at org.testng.internal.TestMethodWorker.invokeTestMethods(TestMethodWorker.java:125)
                        	at org.testng.internal.TestMethodWorker.run(TestMethodWorker.java:108)
                        	at org.testng.TestRunner.privateRun(TestRunner.java:774)
                        	at org.testng.TestRunner.run(TestRunner.java:624)
                        	at org.testng.SuiteRunner.runTest(SuiteRunner.java:359)
                        	at org.testng.SuiteRunner.runSequentially(SuiteRunner.java:354)
                        	at org.testng.SuiteRunner.privateRun(SuiteRunner.java:312)
                        	at org.testng.SuiteRunner.run(SuiteRunner.java:261)
                        	at org.testng.SuiteRunnerWorker.runSuite(SuiteRunnerWorker.java:52)
                        	at org.testng.SuiteRunnerWorker.run(SuiteRunnerWorker.java:86)
                        	at org.testng.TestNG.runSuitesSequentially(TestNG.java:1215)
                        	at org.testng.TestNG.runSuitesLocally(TestNG.java:1140)
                        	at org.testng.TestNG.run(TestNG.java:1048)
                        	at org.testng.remote.AbstractRemoteTestNG.run(AbstractRemoteTestNG.java:114)
                        	at org.testng.remote.RemoteTestNG.initAndRun(RemoteTestNG.java:251)
                        	at org.testng.remote.RemoteTestNG.main(RemoteTestNG.java:77)
                     </pre>
                  </div>
               </td>
            </tr>
            <tr id="test.testAddAddress_doAfterMethod_byClass_FAIL8_row"
                class="testMethodStatusFAIL testMethodStatusCONF">
               <td width="100%" class="firstMethodCell">
                  <a onclick="toggleDetailsVisibility('test.testAddAddress_doAfterMethod_byClass_FAIL8_details')">doAfterMethod()</a>
               </td>
               <td nowrap="true">10:20:16</td>
               <td nowrap="true" align="right">0 ms
                  
               </td>
               <td nowrap="true">
                  <a onclick="toggleDetailsVisibility('test.testAddAddress_doAfterMethod_byClass_FAIL8_exception')">org.openqa.selenium.SessionNotCreatedException: 
                     Tried to run command without establishing a connection
                     Build info: version: '3.6.0', revision: '6fbf3ec767', time: '2017-09-27T16:15:40.131Z'
                     System info: host: '火乐乐的电脑', ip: '169.254.52.63', os.name: 'Windows 10', os.arch: 'amd64', os.version: '10.0', java.version:
                     '1.8.0_144'
                     Driver info: org.openqa.selenium.firefox.FirefoxDriver
                     Capabilities [{moz:profile=C:\Users\火乐乐\AppData\Local\Temp\rust_mozprofile.8esuH5K3ezlY, rotatable=false, timeouts={implicit=0,
                     pageLoad=300000, script=30000}, pageLoadStrategy=normal, platform=XP, specificationLevel=0, moz:accessibilityChecks=false,
                     acceptInsecureCerts=true, browserVersion=55.0.3, platformVersion=10.0, moz:processID=12872, browserName=firefox, javascriptEnabled=true,
                     platformName=XP}]
                     Session ID: 0567eca0-36b1-4680-b52f-a14d38af2b8f
                     
                  </a>
                   
                  
               </td>
            </tr>
            <tr>
               <td colspan="4" class="detailsBox">
                  <div id="test.testAddAddress_doAfterMethod_byClass_FAIL8_details"
                       class="testMethodDetails">
                     <div>
                        <b>Name: </b>doAfterMethod
                     </div>
                     <div>
                        <b>Signature: </b>doAfterMethod()[pri:0, instance:test.testAddAddress@36d4b5c]
                     </div>
                     <div>
                        <b>Start time: </b>10:20:16
                     </div>
                     <div>
                        <b>End time: </b>10:20:16
                     </div>
                     <div>
                        <b>Duration: </b>0 ms
                        
                     </div>
                  </div>
               </td>
            </tr>
            <tr>
               <td colspan="4" class="detailsBox">
                  <div id="test.testAddAddress_doAfterMethod_byClass_FAIL8_exception"
                       class="testMethodDetails">
                     <pre style="padding: 5px; margin: 0;">org.openqa.selenium.SessionNotCreatedException: Tried to run command without establishing a connection
                        Build info: version: '3.6.0', revision: '6fbf3ec767', time: '2017-09-27T16:15:40.131Z'
                        System info: host: '火乐乐的电脑', ip: '169.254.52.63', os.name: 'Windows 10', os.arch: 'amd64', os.version: '10.0', java.version:
                        '1.8.0_144'
                        Driver info: org.openqa.selenium.firefox.FirefoxDriver
                        Capabilities [{moz:profile=C:\Users\火乐乐\AppData\Local\Temp\rust_mozprofile.8esuH5K3ezlY, rotatable=false, timeouts={implicit=0,
                        pageLoad=300000, script=30000}, pageLoadStrategy=normal, platform=XP, specificationLevel=0, moz:accessibilityChecks=false,
                        acceptInsecureCerts=true, browserVersion=55.0.3, platformVersion=10.0, moz:processID=12872, browserName=firefox, javascriptEnabled=true,
                        platformName=XP}]
                        Session ID: 0567eca0-36b1-4680-b52f-a14d38af2b8f
                        	at sun.reflect.GeneratedConstructorAccessor16.newInstance(Unknown Source)
                        	at sun.reflect.DelegatingConstructorAccessorImpl.newInstance(Unknown Source)
                        	at java.lang.reflect.Constructor.newInstance(Unknown Source)
                        	at org.openqa.selenium.remote.http.W3CHttpResponseCodec.createException(W3CHttpResponseCodec.java:185)
                        	at org.openqa.selenium.remote.http.W3CHttpResponseCodec.decode(W3CHttpResponseCodec.java:120)
                        	at org.openqa.selenium.remote.http.W3CHttpResponseCodec.decode(W3CHttpResponseCodec.java:49)
                        	at org.openqa.selenium.remote.HttpCommandExecutor.execute(HttpCommandExecutor.java:164)
                        	at org.openqa.selenium.remote.service.DriverCommandExecutor.execute(DriverCommandExecutor.java:83)
                        	at org.openqa.selenium.remote.RemoteWebDriver.execute(RemoteWebDriver.java:586)
                        	at org.openqa.selenium.remote.RemoteWebDriver.execute(RemoteWebDriver.java:643)
                        	at org.openqa.selenium.remote.RemoteWebDriver.quit(RemoteWebDriver.java:482)
                        	at com.webtest.core.BaseTest.doAfterMethod(BaseTest.java:151)
                        	at sun.reflect.NativeMethodAccessorImpl.invoke0(Native Method)
                        	at sun.reflect.NativeMethodAccessorImpl.invoke(Unknown Source)
                        	at sun.reflect.DelegatingMethodAccessorImpl.invoke(Unknown Source)
                        	at java.lang.reflect.Method.invoke(Unknown Source)
                        	at org.testng.internal.MethodInvocationHelper.invokeMethod(MethodInvocationHelper.java:85)
                        	at org.testng.internal.Invoker.invokeConfigurationMethod(Invoker.java:510)
                        	at org.testng.internal.Invoker.invokeConfigurations(Invoker.java:211)
                        	at org.testng.internal.Invoker.invokeConfigurations(Invoker.java:138)
                        	at org.testng.internal.TestMethodWorker.invokeAfterClassMethods(TestMethodWorker.java:220)
                        	at org.testng.internal.TestMethodWorker.run(TestMethodWorker.java:111)
                        	at org.testng.TestRunner.privateRun(TestRunner.java:774)
                        	at org.testng.TestRunner.run(TestRunner.java:624)
                        	at org.testng.SuiteRunner.runTest(SuiteRunner.java:359)
                        	at org.testng.SuiteRunner.runSequentially(SuiteRunner.java:354)
                        	at org.testng.SuiteRunner.privateRun(SuiteRunner.java:312)
                        	at org.testng.SuiteRunner.run(SuiteRunner.java:261)
                        	at org.testng.SuiteRunnerWorker.runSuite(SuiteRunnerWorker.java:52)
                        	at org.testng.SuiteRunnerWorker.run(SuiteRunnerWorker.java:86)
                        	at org.testng.TestNG.runSuitesSequentially(TestNG.java:1215)
                        	at org.testng.TestNG.runSuitesLocally(TestNG.java:1140)
                        	at org.testng.TestNG.run(TestNG.java:1048)
                        	at org.testng.remote.AbstractRemoteTestNG.run(AbstractRemoteTestNG.java:114)
                        	at org.testng.remote.RemoteTestNG.initAndRun(RemoteTestNG.java:251)
                        	at org.testng.remote.RemoteTestNG.main(RemoteTestNG.java:77)
                     </pre>
                  </div>
               </td>
            </tr>
         </table>
         <br></br>
      </div>
      <div style="margin-top: 15px; color: gray; text-align: center; font-size: 9px;">
         Generated with
         
         <a href="http://code.google.com/p/testng-xslt/" style="color: #8888aa;"
            target="_blank">
            TestNG XSLT
            
         </a>
      </div>
   </body>
</html>