<html xmlns:math="http://exslt.org/math" xmlns:testng="http://testng.org">
   <head>
      <title>TestNG Results</title>
      <meta http-equiv="content-type" content="text/html; charset=utf-8"></meta>
      <meta http-equiv="pragma" content="no-cache"></meta>
      <meta http-equiv="cache-control" content="max-age=0"></meta>
      <meta http-equiv="cache-control" content="no-cache"></meta>
      <meta http-equiv="cache-control" content="no-store"></meta>
      <LINK rel="stylesheet" href="style.css"></LINK>
      <script type="text/javascript" src="main.js"></script>
   </head>
   <body>
      <table width="100%" style="font-size: 16px; margin-bottom: 10px;" cellspacing="1">
         <tr>
            <td width="100%">
               All methods in suite
               
               <b>s1</b>
            </td>
            <td style="background-color: #FFBBBB; padding: 3px 3px 3px 0;" align="center">
               <div style="width: 50px;">0</div>
            </td>
            <td style="background-color: lightgreen; padding: 3px 3px 3px 0;" align="center">
               <div style="width: 50px;">6</div>
            </td>
            <td style="background-color: #FFFFBB; padding: 3px 3px 3px 0;" align="center">
               <div style="width: 50px;">15</div>
            </td>
            <td align="center" style="background-color: #eaf0f7; padding: 3px 3px 3px 0;">
               <div style="width: 50px;">21</div>
            </td>
            <td align="center"
                style="font-weight: bold; background-color: #eaf0f7; padding: 3px 3px 3px 0;">
               <div style="width: 50px;">29%</div>
            </td>
            <td style="background-color: #eaf0f7; padding: 3px 3px 3px 0;" align="center"
                nowrap="true">3m
               28s
               
            </td>
         </tr>
      </table>
      <div style="width: 200px;">
         <label for="groupMethodsCheckBox" style="font-weight: bold; margin: 0;">
            <input id="groupMethodsCheckBox" type="checkbox" onclick="switchTestMethodsView(this)"></input>
            Group by class
            
         </label>
         <br></br>
         <label for="methodsFilter_ALL" style="font-weight: bold; margin: 0;">
            <input id="methodsFilter_ALL" type="checkbox"
                   onclick="testMethodsFilterChanged(this, 'ALL')"></input>
            All
            
         </label>
      </div>
      <label for="methodsFilter_FAIL" style="margin-left: 20px;">
         <input id="methodsFilter_FAIL" type="checkbox"
                onclick="testMethodsFilterChanged(this, 'FAIL')"
                checked=""></input>
         Failed
         
      </label>
      <label for="methodsFilter_PASS">
         <input id="methodsFilter_PASS" type="checkbox"
                onclick="testMethodsFilterChanged(this, 'PASS')"
                checked=""></input>
         Passed
         
      </label>
      <label for="methodsFilter_SKIP">
         <input id="methodsFilter_SKIP" type="checkbox"
                onclick="testMethodsFilterChanged(this, 'SKIP')"
                checked=""></input>
         Skipped
         
      </label>
      <label for="methodsFilter_CONF">
         <input id="methodsFilter_CONF" type="checkbox"
                onclick="testMethodsFilterChanged(this, 'CONF')"></input>
         Config
         
      </label>
      <br></br>
      <div id="testMethodsByStatus">
         <table class="testMethodsTable" cellpadding="0" cellspacing="0">
            <tr class="methodsTableHeader">
               <td width="100%">Name</td>
               <td nowrap="true">Started</td>
               <td nowrap="true">Duration</td>
               <td>Exception</td>
            </tr>
            <tr id="test.testPayAll_doBeforeMethod_byStatus_failed_FAIL1_row"
                class="testMethodStatusFAIL testMethodStatusCONF">
               <td width="100%" class="firstMethodCell">
                  <a onclick="toggleDetailsVisibility('test.testPayAll_doBeforeMethod_byStatus_failed_FAIL1_details')">doBeforeMethod()</a>
               </td>
               <td nowrap="true">09:37:39</td>
               <td nowrap="true" align="right">0 ms
                  
               </td>
               <td nowrap="true">
                  <a onclick="toggleDetailsVisibility('test.testPayAll_doBeforeMethod_byStatus_failed_FAIL1_exception')">org.openqa.selenium.WebDriverException: 
                     Process unexpectedly closed with status: 0
                     Build info: version: '3.6.0', revision: '6fbf3ec767', time: '2017-09-27T16:15:40.131Z'
                     System info: host: '火乐乐的电脑', ip: '169.254.52.63', os.name: 'Windows 10', os.arch: 'amd64', os.version: '10.0', java.version:
                     '1.8.0_144'
                     Driver info: driver.version: FirefoxDriver
                     remote stacktrace: stack backtrace:
                     0:           0x4821c4 - &lt;no info&gt;
                     1:           0x482933 - &lt;no info&gt;
                     2:           0x445159 - &lt;no info&gt;
                     3:           0x44c838 - &lt;no info&gt;
                     4:           0x43026a - &lt;no info&gt;
                     5:           0x40ba4e - &lt;no info&gt;
                     6:           0x4119b9 - &lt;no info&gt;
                     7:           0x6d2c89 - &lt;no info&gt;
                     8:           0x426006 - &lt;no info&gt;
                     9:           0x6cd490 - &lt;no info&gt;
                     10:     0x7ffa48bd8364 - BaseThreadInitThunk
                     
                  </a>
                   
                  
               </td>
            </tr>
            <tr>
               <td colspan="4" class="detailsBox">
                  <div id="test.testPayAll_doBeforeMethod_byStatus_failed_FAIL1_details"
                       class="testMethodDetails">
                     <div>
                        <b>Name: </b>doBeforeMethod
                     </div>
                     <div>
                        <b>Signature: </b>doBeforeMethod()[pri:0, instance:test.testPayAll@675d3402]
                     </div>
                     <div>
                        <b>Start time: </b>09:37:39
                     </div>
                     <div>
                        <b>End time: </b>09:37:39
                     </div>
                     <div>
                        <b>Duration: </b>0 ms
                        
                     </div>
                  </div>
               </td>
            </tr>
            <tr>
               <td colspan="4" class="detailsBox">
                  <div id="test.testPayAll_doBeforeMethod_byStatus_failed_FAIL1_exception"
                       class="testMethodDetails">
                     <pre style="padding: 5px; margin: 0;">org.openqa.selenium.WebDriverException: Process unexpectedly closed with status: 0
                        Build info: version: '3.6.0', revision: '6fbf3ec767', time: '2017-09-27T16:15:40.131Z'
                        System info: host: '火乐乐的电脑', ip: '169.254.52.63', os.name: 'Windows 10', os.arch: 'amd64', os.version: '10.0', java.version:
                        '1.8.0_144'
                        Driver info: driver.version: FirefoxDriver
                        remote stacktrace: stack backtrace:
                        0:           0x4821c4 - &lt;no info&gt;
                        1:           0x482933 - &lt;no info&gt;
                        2:           0x445159 - &lt;no info&gt;
                        3:           0x44c838 - &lt;no info&gt;
                        4:           0x43026a - &lt;no info&gt;
                        5:           0x40ba4e - &lt;no info&gt;
                        6:           0x4119b9 - &lt;no info&gt;
                        7:           0x6d2c89 - &lt;no info&gt;
                        8:           0x426006 - &lt;no info&gt;
                        9:           0x6cd490 - &lt;no info&gt;
                        10:     0x7ffa48bd8364 - BaseThreadInitThunk
                        	at sun.reflect.NativeConstructorAccessorImpl.newInstance0(Native Method)
                        	at sun.reflect.NativeConstructorAccessorImpl.newInstance(Unknown Source)
                        	at sun.reflect.DelegatingConstructorAccessorImpl.newInstance(Unknown Source)
                        	at java.lang.reflect.Constructor.newInstance(Unknown Source)
                        	at org.openqa.selenium.remote.W3CHandshakeResponse.lambda$new$0(W3CHandshakeResponse.java:57)
                        	at org.openqa.selenium.remote.W3CHandshakeResponse.lambda$getResponseFunction$2(W3CHandshakeResponse.java:104)
                        	at org.openqa.selenium.remote.ProtocolHandshake.lambda$createSession$24(ProtocolHandshake.java:359)
                        	at java.util.stream.ReferencePipeline$3$1.accept(Unknown Source)
                        	at java.util.Spliterators$ArraySpliterator.tryAdvance(Unknown Source)
                        	at java.util.stream.ReferencePipeline.forEachWithCancel(Unknown Source)
                        	at java.util.stream.AbstractPipeline.copyIntoWithCancel(Unknown Source)
                        	at java.util.stream.AbstractPipeline.copyInto(Unknown Source)
                        	at java.util.stream.AbstractPipeline.wrapAndCopyInto(Unknown Source)
                        	at java.util.stream.FindOps$FindOp.evaluateSequential(Unknown Source)
                        	at java.util.stream.AbstractPipeline.evaluate(Unknown Source)
                        	at java.util.stream.ReferencePipeline.findFirst(Unknown Source)
                        	at org.openqa.selenium.remote.ProtocolHandshake.createSession(ProtocolHandshake.java:362)
                        	at org.openqa.selenium.remote.ProtocolHandshake.createSession(ProtocolHandshake.java:136)
                        	at org.openqa.selenium.remote.HttpCommandExecutor.execute(HttpCommandExecutor.java:142)
                        	at org.openqa.selenium.remote.service.DriverCommandExecutor.execute(DriverCommandExecutor.java:83)
                        	at org.openqa.selenium.remote.RemoteWebDriver.execute(RemoteWebDriver.java:586)
                        	at org.openqa.selenium.remote.RemoteWebDriver.startSession(RemoteWebDriver.java:217)
                        	at org.openqa.selenium.remote.RemoteWebDriver.&lt;init&gt;(RemoteWebDriver.java:140)
                        	at org.openqa.selenium.firefox.FirefoxDriver.&lt;init&gt;(FirefoxDriver.java:120)
                        	at org.openqa.selenium.firefox.FirefoxDriver.&lt;init&gt;(FirefoxDriver.java:98)
                        	at com.webtest.core.BaseTest.newWebDriver(BaseTest.java:50)
                        	at com.webtest.core.BaseTest.doBeforeMethod(BaseTest.java:136)
                        	at sun.reflect.NativeMethodAccessorImpl.invoke0(Native Method)
                        	at sun.reflect.NativeMethodAccessorImpl.invoke(Unknown Source)
                        	at sun.reflect.DelegatingMethodAccessorImpl.invoke(Unknown Source)
                        	at java.lang.reflect.Method.invoke(Unknown Source)
                        	at org.testng.internal.MethodInvocationHelper.invokeMethod(MethodInvocationHelper.java:85)
                        	at org.testng.internal.Invoker.invokeConfigurationMethod(Invoker.java:510)
                        	at org.testng.internal.Invoker.invokeConfigurations(Invoker.java:211)
                        	at org.testng.internal.Invoker.invokeConfigurations(Invoker.java:138)
                        	at org.testng.internal.TestMethodWorker.invokeBeforeClassMethods(TestMethodWorker.java:170)
                        	at org.testng.internal.TestMethodWorker.run(TestMethodWorker.java:104)
                        	at java.util.concurrent.ThreadPoolExecutor.runWorker(Unknown Source)
                        	at java.util.concurrent.ThreadPoolExecutor$Worker.run(Unknown Source)
                        	at java.lang.Thread.run(Unknown Source)
                     </pre>
                  </div>
               </td>
            </tr>
            <tr id="test.testDeleteAddress_doAfterMethod_byStatus_failed_FAIL2_row"
                class="testMethodStatusFAIL testMethodStatusCONF">
               <td width="100%" class="firstMethodCell">
                  <a onclick="toggleDetailsVisibility('test.testDeleteAddress_doAfterMethod_byStatus_failed_FAIL2_details')">doAfterMethod()</a>
               </td>
               <td nowrap="true">09:37:44</td>
               <td nowrap="true" align="right">0 ms
                  
               </td>
               <td nowrap="true">
                  <a onclick="toggleDetailsVisibility('test.testDeleteAddress_doAfterMethod_byStatus_failed_FAIL2_exception')">org.openqa.selenium.SessionNotCreatedException: 
                     Tried to run command without establishing a connection
                     Build info: version: '3.6.0', revision: '6fbf3ec767', time: '2017-09-27T16:15:40.131Z'
                     System info: host: '火乐乐的电脑', ip: '169.254.52.63', os.name: 'Windows 10', os.arch: 'amd64', os.version: '10.0', java.version:
                     '1.8.0_144'
                     Driver info: org.openqa.selenium.firefox.FirefoxDriver
                     Capabilities [{moz:profile=C:\Users\火乐乐\AppData\Local\Temp\rust_mozprofile.X8d1CwRdK4kg, rotatable=false, timeouts={implicit=0,
                     pageLoad=300000, script=30000}, pageLoadStrategy=normal, platform=XP, specificationLevel=0, moz:accessibilityChecks=false,
                     acceptInsecureCerts=true, browserVersion=55.0.3, platformVersion=10.0, moz:processID=1976, browserName=firefox, javascriptEnabled=true,
                     platformName=XP}]
                     Session ID: 17450c28-fa7d-4ab6-a312-9d2ae39daedc
                     
                  </a>
                   
                  
               </td>
            </tr>
            <tr>
               <td colspan="4" class="detailsBox">
                  <div id="test.testDeleteAddress_doAfterMethod_byStatus_failed_FAIL2_details"
                       class="testMethodDetails">
                     <div>
                        <b>Name: </b>doAfterMethod
                     </div>
                     <div>
                        <b>Signature: </b>doAfterMethod()[pri:0, instance:test.testDeleteAddress@2a5ca609]
                     </div>
                     <div>
                        <b>Start time: </b>09:37:44
                     </div>
                     <div>
                        <b>End time: </b>09:37:44
                     </div>
                     <div>
                        <b>Duration: </b>0 ms
                        
                     </div>
                  </div>
               </td>
            </tr>
            <tr>
               <td colspan="4" class="detailsBox">
                  <div id="test.testDeleteAddress_doAfterMethod_byStatus_failed_FAIL2_exception"
                       class="testMethodDetails">
                     <pre style="padding: 5px; margin: 0;">org.openqa.selenium.SessionNotCreatedException: Tried to run command without establishing a connection
                        Build info: version: '3.6.0', revision: '6fbf3ec767', time: '2017-09-27T16:15:40.131Z'
                        System info: host: '火乐乐的电脑', ip: '169.254.52.63', os.name: 'Windows 10', os.arch: 'amd64', os.version: '10.0', java.version:
                        '1.8.0_144'
                        Driver info: org.openqa.selenium.firefox.FirefoxDriver
                        Capabilities [{moz:profile=C:\Users\火乐乐\AppData\Local\Temp\rust_mozprofile.X8d1CwRdK4kg, rotatable=false, timeouts={implicit=0,
                        pageLoad=300000, script=30000}, pageLoadStrategy=normal, platform=XP, specificationLevel=0, moz:accessibilityChecks=false,
                        acceptInsecureCerts=true, browserVersion=55.0.3, platformVersion=10.0, moz:processID=1976, browserName=firefox, javascriptEnabled=true,
                        platformName=XP}]
                        Session ID: 17450c28-fa7d-4ab6-a312-9d2ae39daedc
                        	at sun.reflect.NativeConstructorAccessorImpl.newInstance0(Native Method)
                        	at sun.reflect.NativeConstructorAccessorImpl.newInstance(Unknown Source)
                        	at sun.reflect.DelegatingConstructorAccessorImpl.newInstance(Unknown Source)
                        	at java.lang.reflect.Constructor.newInstance(Unknown Source)
                        	at org.openqa.selenium.remote.http.W3CHttpResponseCodec.createException(W3CHttpResponseCodec.java:185)
                        	at org.openqa.selenium.remote.http.W3CHttpResponseCodec.decode(W3CHttpResponseCodec.java:120)
                        	at org.openqa.selenium.remote.http.W3CHttpResponseCodec.decode(W3CHttpResponseCodec.java:49)
                        	at org.openqa.selenium.remote.HttpCommandExecutor.execute(HttpCommandExecutor.java:164)
                        	at org.openqa.selenium.remote.service.DriverCommandExecutor.execute(DriverCommandExecutor.java:83)
                        	at org.openqa.selenium.remote.RemoteWebDriver.execute(RemoteWebDriver.java:586)
                        	at org.openqa.selenium.remote.RemoteWebDriver.execute(RemoteWebDriver.java:643)
                        	at org.openqa.selenium.remote.RemoteWebDriver.quit(RemoteWebDriver.java:482)
                        	at com.webtest.core.BaseTest.doAfterMethod(BaseTest.java:151)
                        	at sun.reflect.NativeMethodAccessorImpl.invoke0(Native Method)
                        	at sun.reflect.NativeMethodAccessorImpl.invoke(Unknown Source)
                        	at sun.reflect.DelegatingMethodAccessorImpl.invoke(Unknown Source)
                        	at java.lang.reflect.Method.invoke(Unknown Source)
                        	at org.testng.internal.MethodInvocationHelper.invokeMethod(MethodInvocationHelper.java:85)
                        	at org.testng.internal.Invoker.invokeConfigurationMethod(Invoker.java:510)
                        	at org.testng.internal.Invoker.invokeConfigurations(Invoker.java:211)
                        	at org.testng.internal.Invoker.invokeConfigurations(Invoker.java:138)
                        	at org.testng.internal.TestMethodWorker.invokeAfterClassMethods(TestMethodWorker.java:220)
                        	at org.testng.internal.TestMethodWorker.run(TestMethodWorker.java:111)
                        	at java.util.concurrent.ThreadPoolExecutor.runWorker(Unknown Source)
                        	at java.util.concurrent.ThreadPoolExecutor$Worker.run(Unknown Source)
                        	at java.lang.Thread.run(Unknown Source)
                     </pre>
                  </div>
               </td>
            </tr>
            <tr id="test.testPayNone_doBeforeMethod_byStatus_failed_FAIL3_row"
                class="testMethodStatusFAIL testMethodStatusCONF">
               <td width="100%" class="firstMethodCell">
                  <a onclick="toggleDetailsVisibility('test.testPayNone_doBeforeMethod_byStatus_failed_FAIL3_details')">doBeforeMethod()</a>
               </td>
               <td nowrap="true">09:37:39</td>
               <td nowrap="true" align="right">0 ms
                  
               </td>
               <td nowrap="true">
                  <a onclick="toggleDetailsVisibility('test.testPayNone_doBeforeMethod_byStatus_failed_FAIL3_exception')">org.openqa.selenium.WebDriverException: 
                     Failed to decode response from marionette
                     Build info: version: '3.6.0', revision: '6fbf3ec767', time: '2017-09-27T16:15:40.131Z'
                     System info: host: '火乐乐的电脑', ip: '169.254.52.63', os.name: 'Windows 10', os.arch: 'amd64', os.version: '10.0', java.version:
                     '1.8.0_144'
                     Driver info: driver.version: FirefoxDriver
                     remote stacktrace: stack backtrace:
                     0:           0x4821c4 - &lt;no info&gt;
                     1:           0x482933 - &lt;no info&gt;
                     2:           0x445281 - &lt;no info&gt;
                     3:           0x43127e - &lt;no info&gt;
                     4:           0x40ba4e - &lt;no info&gt;
                     5:           0x4119b9 - &lt;no info&gt;
                     6:           0x6d2c89 - &lt;no info&gt;
                     7:           0x426006 - &lt;no info&gt;
                     8:           0x6cd490 - &lt;no info&gt;
                     9:     0x7ffa48bd8364 - BaseThreadInitThunk
                     
                  </a>
                   
                  
               </td>
            </tr>
            <tr>
               <td colspan="4" class="detailsBox">
                  <div id="test.testPayNone_doBeforeMethod_byStatus_failed_FAIL3_details"
                       class="testMethodDetails">
                     <div>
                        <b>Name: </b>doBeforeMethod
                     </div>
                     <div>
                        <b>Signature: </b>doBeforeMethod()[pri:0, instance:test.testPayNone@51565ec2]
                     </div>
                     <div>
                        <b>Start time: </b>09:37:39
                     </div>
                     <div>
                        <b>End time: </b>09:37:39
                     </div>
                     <div>
                        <b>Duration: </b>0 ms
                        
                     </div>
                  </div>
               </td>
            </tr>
            <tr>
               <td colspan="4" class="detailsBox">
                  <div id="test.testPayNone_doBeforeMethod_byStatus_failed_FAIL3_exception"
                       class="testMethodDetails">
                     <pre style="padding: 5px; margin: 0;">org.openqa.selenium.WebDriverException: Failed to decode response from marionette
                        Build info: version: '3.6.0', revision: '6fbf3ec767', time: '2017-09-27T16:15:40.131Z'
                        System info: host: '火乐乐的电脑', ip: '169.254.52.63', os.name: 'Windows 10', os.arch: 'amd64', os.version: '10.0', java.version:
                        '1.8.0_144'
                        Driver info: driver.version: FirefoxDriver
                        remote stacktrace: stack backtrace:
                        0:           0x4821c4 - &lt;no info&gt;
                        1:           0x482933 - &lt;no info&gt;
                        2:           0x445281 - &lt;no info&gt;
                        3:           0x43127e - &lt;no info&gt;
                        4:           0x40ba4e - &lt;no info&gt;
                        5:           0x4119b9 - &lt;no info&gt;
                        6:           0x6d2c89 - &lt;no info&gt;
                        7:           0x426006 - &lt;no info&gt;
                        8:           0x6cd490 - &lt;no info&gt;
                        9:     0x7ffa48bd8364 - BaseThreadInitThunk
                        	at sun.reflect.NativeConstructorAccessorImpl.newInstance0(Native Method)
                        	at sun.reflect.NativeConstructorAccessorImpl.newInstance(Unknown Source)
                        	at sun.reflect.DelegatingConstructorAccessorImpl.newInstance(Unknown Source)
                        	at java.lang.reflect.Constructor.newInstance(Unknown Source)
                        	at org.openqa.selenium.remote.W3CHandshakeResponse.lambda$new$0(W3CHandshakeResponse.java:57)
                        	at org.openqa.selenium.remote.W3CHandshakeResponse.lambda$getResponseFunction$2(W3CHandshakeResponse.java:104)
                        	at org.openqa.selenium.remote.ProtocolHandshake.lambda$createSession$24(ProtocolHandshake.java:359)
                        	at java.util.stream.ReferencePipeline$3$1.accept(Unknown Source)
                        	at java.util.Spliterators$ArraySpliterator.tryAdvance(Unknown Source)
                        	at java.util.stream.ReferencePipeline.forEachWithCancel(Unknown Source)
                        	at java.util.stream.AbstractPipeline.copyIntoWithCancel(Unknown Source)
                        	at java.util.stream.AbstractPipeline.copyInto(Unknown Source)
                        	at java.util.stream.AbstractPipeline.wrapAndCopyInto(Unknown Source)
                        	at java.util.stream.FindOps$FindOp.evaluateSequential(Unknown Source)
                        	at java.util.stream.AbstractPipeline.evaluate(Unknown Source)
                        	at java.util.stream.ReferencePipeline.findFirst(Unknown Source)
                        	at org.openqa.selenium.remote.ProtocolHandshake.createSession(ProtocolHandshake.java:362)
                        	at org.openqa.selenium.remote.ProtocolHandshake.createSession(ProtocolHandshake.java:136)
                        	at org.openqa.selenium.remote.HttpCommandExecutor.execute(HttpCommandExecutor.java:142)
                        	at org.openqa.selenium.remote.service.DriverCommandExecutor.execute(DriverCommandExecutor.java:83)
                        	at org.openqa.selenium.remote.RemoteWebDriver.execute(RemoteWebDriver.java:586)
                        	at org.openqa.selenium.remote.RemoteWebDriver.startSession(RemoteWebDriver.java:217)
                        	at org.openqa.selenium.remote.RemoteWebDriver.&lt;init&gt;(RemoteWebDriver.java:140)
                        	at org.openqa.selenium.firefox.FirefoxDriver.&lt;init&gt;(FirefoxDriver.java:120)
                        	at org.openqa.selenium.firefox.FirefoxDriver.&lt;init&gt;(FirefoxDriver.java:98)
                        	at com.webtest.core.BaseTest.newWebDriver(BaseTest.java:50)
                        	at com.webtest.core.BaseTest.doBeforeMethod(BaseTest.java:136)
                        	at sun.reflect.NativeMethodAccessorImpl.invoke0(Native Method)
                        	at sun.reflect.NativeMethodAccessorImpl.invoke(Unknown Source)
                        	at sun.reflect.DelegatingMethodAccessorImpl.invoke(Unknown Source)
                        	at java.lang.reflect.Method.invoke(Unknown Source)
                        	at org.testng.internal.MethodInvocationHelper.invokeMethod(MethodInvocationHelper.java:85)
                        	at org.testng.internal.Invoker.invokeConfigurationMethod(Invoker.java:510)
                        	at org.testng.internal.Invoker.invokeConfigurations(Invoker.java:211)
                        	at org.testng.internal.Invoker.invokeConfigurations(Invoker.java:138)
                        	at org.testng.internal.TestMethodWorker.invokeBeforeClassMethods(TestMethodWorker.java:170)
                        	at org.testng.internal.TestMethodWorker.run(TestMethodWorker.java:104)
                        	at java.util.concurrent.ThreadPoolExecutor.runWorker(Unknown Source)
                        	at java.util.concurrent.ThreadPoolExecutor$Worker.run(Unknown Source)
                        	at java.lang.Thread.run(Unknown Source)
                     </pre>
                  </div>
               </td>
            </tr>
            <tr id="test.testPayOne_doBeforeMethod_byStatus_failed_FAIL4_row"
                class="testMethodStatusFAIL testMethodStatusCONF">
               <td width="100%" class="firstMethodCell">
                  <a onclick="toggleDetailsVisibility('test.testPayOne_doBeforeMethod_byStatus_failed_FAIL4_details')">doBeforeMethod()</a>
               </td>
               <td nowrap="true">09:37:43</td>
               <td nowrap="true" align="right">0 ms
                  
               </td>
               <td nowrap="true">
                  <a onclick="toggleDetailsVisibility('test.testPayOne_doBeforeMethod_byStatus_failed_FAIL4_exception')">org.openqa.selenium.WebDriverException: 
                     Process unexpectedly closed with status: 0
                     Build info: version: '3.6.0', revision: '6fbf3ec767', time: '2017-09-27T16:15:40.131Z'
                     System info: host: '火乐乐的电脑', ip: '169.254.52.63', os.name: 'Windows 10', os.arch: 'amd64', os.version: '10.0', java.version:
                     '1.8.0_144'
                     Driver info: driver.version: FirefoxDriver
                     remote stacktrace: stack backtrace:
                     0:           0x4821c4 - &lt;no info&gt;
                     1:           0x482933 - &lt;no info&gt;
                     2:           0x445159 - &lt;no info&gt;
                     3:           0x44c838 - &lt;no info&gt;
                     4:           0x43026a - &lt;no info&gt;
                     5:           0x40ba4e - &lt;no info&gt;
                     6:           0x4119b9 - &lt;no info&gt;
                     7:           0x6d2c89 - &lt;no info&gt;
                     8:           0x426006 - &lt;no info&gt;
                     9:           0x6cd490 - &lt;no info&gt;
                     10:     0x7ffa48bd8364 - BaseThreadInitThunk
                     
                  </a>
                   
                  
               </td>
            </tr>
            <tr>
               <td colspan="4" class="detailsBox">
                  <div id="test.testPayOne_doBeforeMethod_byStatus_failed_FAIL4_details"
                       class="testMethodDetails">
                     <div>
                        <b>Name: </b>doBeforeMethod
                     </div>
                     <div>
                        <b>Signature: </b>doBeforeMethod()[pri:0, instance:test.testPayOne@482f8f11]
                     </div>
                     <div>
                        <b>Start time: </b>09:37:43
                     </div>
                     <div>
                        <b>End time: </b>09:37:43
                     </div>
                     <div>
                        <b>Duration: </b>0 ms
                        
                     </div>
                  </div>
               </td>
            </tr>
            <tr>
               <td colspan="4" class="detailsBox">
                  <div id="test.testPayOne_doBeforeMethod_byStatus_failed_FAIL4_exception"
                       class="testMethodDetails">
                     <pre style="padding: 5px; margin: 0;">org.openqa.selenium.WebDriverException: Process unexpectedly closed with status: 0
                        Build info: version: '3.6.0', revision: '6fbf3ec767', time: '2017-09-27T16:15:40.131Z'
                        System info: host: '火乐乐的电脑', ip: '169.254.52.63', os.name: 'Windows 10', os.arch: 'amd64', os.version: '10.0', java.version:
                        '1.8.0_144'
                        Driver info: driver.version: FirefoxDriver
                        remote stacktrace: stack backtrace:
                        0:           0x4821c4 - &lt;no info&gt;
                        1:           0x482933 - &lt;no info&gt;
                        2:           0x445159 - &lt;no info&gt;
                        3:           0x44c838 - &lt;no info&gt;
                        4:           0x43026a - &lt;no info&gt;
                        5:           0x40ba4e - &lt;no info&gt;
                        6:           0x4119b9 - &lt;no info&gt;
                        7:           0x6d2c89 - &lt;no info&gt;
                        8:           0x426006 - &lt;no info&gt;
                        9:           0x6cd490 - &lt;no info&gt;
                        10:     0x7ffa48bd8364 - BaseThreadInitThunk
                        	at sun.reflect.NativeConstructorAccessorImpl.newInstance0(Native Method)
                        	at sun.reflect.NativeConstructorAccessorImpl.newInstance(Unknown Source)
                        	at sun.reflect.DelegatingConstructorAccessorImpl.newInstance(Unknown Source)
                        	at java.lang.reflect.Constructor.newInstance(Unknown Source)
                        	at org.openqa.selenium.remote.W3CHandshakeResponse.lambda$new$0(W3CHandshakeResponse.java:57)
                        	at org.openqa.selenium.remote.W3CHandshakeResponse.lambda$getResponseFunction$2(W3CHandshakeResponse.java:104)
                        	at org.openqa.selenium.remote.ProtocolHandshake.lambda$createSession$24(ProtocolHandshake.java:359)
                        	at java.util.stream.ReferencePipeline$3$1.accept(Unknown Source)
                        	at java.util.Spliterators$ArraySpliterator.tryAdvance(Unknown Source)
                        	at java.util.stream.ReferencePipeline.forEachWithCancel(Unknown Source)
                        	at java.util.stream.AbstractPipeline.copyIntoWithCancel(Unknown Source)
                        	at java.util.stream.AbstractPipeline.copyInto(Unknown Source)
                        	at java.util.stream.AbstractPipeline.wrapAndCopyInto(Unknown Source)
                        	at java.util.stream.FindOps$FindOp.evaluateSequential(Unknown Source)
                        	at java.util.stream.AbstractPipeline.evaluate(Unknown Source)
                        	at java.util.stream.ReferencePipeline.findFirst(Unknown Source)
                        	at org.openqa.selenium.remote.ProtocolHandshake.createSession(ProtocolHandshake.java:362)
                        	at org.openqa.selenium.remote.ProtocolHandshake.createSession(ProtocolHandshake.java:136)
                        	at org.openqa.selenium.remote.HttpCommandExecutor.execute(HttpCommandExecutor.java:142)
                        	at org.openqa.selenium.remote.service.DriverCommandExecutor.execute(DriverCommandExecutor.java:83)
                        	at org.openqa.selenium.remote.RemoteWebDriver.execute(RemoteWebDriver.java:586)
                        	at org.openqa.selenium.remote.RemoteWebDriver.startSession(RemoteWebDriver.java:217)
                        	at org.openqa.selenium.remote.RemoteWebDriver.&lt;init&gt;(RemoteWebDriver.java:140)
                        	at org.openqa.selenium.firefox.FirefoxDriver.&lt;init&gt;(FirefoxDriver.java:120)
                        	at org.openqa.selenium.firefox.FirefoxDriver.&lt;init&gt;(FirefoxDriver.java:98)
                        	at com.webtest.core.BaseTest.newWebDriver(BaseTest.java:50)
                        	at com.webtest.core.BaseTest.doBeforeMethod(BaseTest.java:136)
                        	at sun.reflect.NativeMethodAccessorImpl.invoke0(Native Method)
                        	at sun.reflect.NativeMethodAccessorImpl.invoke(Unknown Source)
                        	at sun.reflect.DelegatingMethodAccessorImpl.invoke(Unknown Source)
                        	at java.lang.reflect.Method.invoke(Unknown Source)
                        	at org.testng.internal.MethodInvocationHelper.invokeMethod(MethodInvocationHelper.java:85)
                        	at org.testng.internal.Invoker.invokeConfigurationMethod(Invoker.java:510)
                        	at org.testng.internal.Invoker.invokeConfigurations(Invoker.java:211)
                        	at org.testng.internal.Invoker.invokeConfigurations(Invoker.java:138)
                        	at org.testng.internal.TestMethodWorker.invokeBeforeClassMethods(TestMethodWorker.java:170)
                        	at org.testng.internal.TestMethodWorker.run(TestMethodWorker.java:104)
                        	at java.util.concurrent.ThreadPoolExecutor.runWorker(Unknown Source)
                        	at java.util.concurrent.ThreadPoolExecutor$Worker.run(Unknown Source)
                        	at java.lang.Thread.run(Unknown Source)
                     </pre>
                  </div>
               </td>
            </tr>
            <tr id="test.testAddShopping_doBeforeMethod_byStatus_passed_PASS1_row"
                class="testMethodStatusPASS testMethodStatusCONF">
               <td width="100%" class="firstMethodCell">
                  <a onclick="toggleDetailsVisibility('test.testAddShopping_doBeforeMethod_byStatus_passed_PASS1_details')">doBeforeMethod()</a>
               </td>
               <td nowrap="true">09:36:25</td>
               <td nowrap="true" align="right">53s
                  
               </td>
               <td nowrap="true">
                   
                  
               </td>
            </tr>
            <tr>
               <td colspan="4" class="detailsBox">
                  <div id="test.testAddShopping_doBeforeMethod_byStatus_passed_PASS1_details"
                       class="testMethodDetails">
                     <div>
                        <b>Name: </b>doBeforeMethod
                     </div>
                     <div>
                        <b>Signature: </b>doBeforeMethod()[pri:0, instance:test.testAddShopping@2a2d45ba]
                     </div>
                     <div>
                        <b>Start time: </b>09:36:25
                     </div>
                     <div>
                        <b>End time: </b>09:37:19
                     </div>
                     <div>
                        <b>Duration: </b>53s
                        
                     </div>
                  </div>
               </td>
            </tr>
            <tr></tr>
            <tr id="test.testAddShopping_testLogin_byStatus_passed_PASS2_row"
                class="testMethodStatusPASS">
               <td width="100%" class="firstMethodCell">
                  <a onclick="toggleDetailsVisibility('test.testAddShopping_testLogin_byStatus_passed_PASS2_details')">testLogin()</a>
               </td>
               <td nowrap="true">09:37:19</td>
               <td nowrap="true" align="right">24s
                  
               </td>
               <td nowrap="true">
                   
                  
               </td>
            </tr>
            <tr>
               <td colspan="4" class="detailsBox">
                  <div id="test.testAddShopping_testLogin_byStatus_passed_PASS2_details"
                       class="testMethodDetails">
                     <div>
                        <b>Name: </b>testLogin
                     </div>
                     <div>
                        <b>Signature: </b>testLogin()[pri:0, instance:test.testAddShopping@2a2d45ba]
                     </div>
                     <div>
                        <b>Start time: </b>09:37:19
                     </div>
                     <div>
                        <b>End time: </b>09:37:43
                     </div>
                     <div>
                        <b>Duration: </b>24s
                        
                     </div>
                  </div>
               </td>
            </tr>
            <tr></tr>
            <tr id="test.testDeleteShopping_doBeforeMethod_byStatus_passed_PASS3_row"
                class="testMethodStatusPASS testMethodStatusCONF">
               <td width="100%" class="firstMethodCell">
                  <a onclick="toggleDetailsVisibility('test.testDeleteShopping_doBeforeMethod_byStatus_passed_PASS3_details')">doBeforeMethod()</a>
               </td>
               <td nowrap="true">09:36:25</td>
               <td nowrap="true" align="right">53s
                  
               </td>
               <td nowrap="true">
                   
                  
               </td>
            </tr>
            <tr>
               <td colspan="4" class="detailsBox">
                  <div id="test.testDeleteShopping_doBeforeMethod_byStatus_passed_PASS3_details"
                       class="testMethodDetails">
                     <div>
                        <b>Name: </b>doBeforeMethod
                     </div>
                     <div>
                        <b>Signature: </b>doBeforeMethod()[pri:0, instance:test.testDeleteShopping@20e2cbe0]
                     </div>
                     <div>
                        <b>Start time: </b>09:36:25
                     </div>
                     <div>
                        <b>End time: </b>09:37:19
                     </div>
                     <div>
                        <b>Duration: </b>53s
                        
                     </div>
                  </div>
               </td>
            </tr>
            <tr></tr>
            <tr id="test.testDeleteShopping_testLogin_byStatus_passed_PASS4_row"
                class="testMethodStatusPASS">
               <td width="100%" class="firstMethodCell">
                  <a onclick="toggleDetailsVisibility('test.testDeleteShopping_testLogin_byStatus_passed_PASS4_details')">testLogin()</a>
               </td>
               <td nowrap="true">09:37:19</td>
               <td nowrap="true" align="right">19s
                  
               </td>
               <td nowrap="true">
                   
                  
               </td>
            </tr>
            <tr>
               <td colspan="4" class="detailsBox">
                  <div id="test.testDeleteShopping_testLogin_byStatus_passed_PASS4_details"
                       class="testMethodDetails">
                     <div>
                        <b>Name: </b>testLogin
                     </div>
                     <div>
                        <b>Signature: </b>testLogin()[pri:0, instance:test.testDeleteShopping@20e2cbe0]
                     </div>
                     <div>
                        <b>Start time: </b>09:37:19
                     </div>
                     <div>
                        <b>End time: </b>09:37:39
                     </div>
                     <div>
                        <b>Duration: </b>19s
                        
                     </div>
                  </div>
               </td>
            </tr>
            <tr></tr>
            <tr id="test.testMassage_doBeforeMethod_byStatus_passed_PASS5_row"
                class="testMethodStatusPASS testMethodStatusCONF">
               <td width="100%" class="firstMethodCell">
                  <a onclick="toggleDetailsVisibility('test.testMassage_doBeforeMethod_byStatus_passed_PASS5_details')">doBeforeMethod()</a>
               </td>
               <td nowrap="true">09:37:26</td>
               <td nowrap="true" align="right">1m
                  20s
                  
               </td>
               <td nowrap="true">
                   
                  
               </td>
            </tr>
            <tr>
               <td colspan="4" class="detailsBox">
                  <div id="test.testMassage_doBeforeMethod_byStatus_passed_PASS5_details"
                       class="testMethodDetails">
                     <div>
                        <b>Name: </b>doBeforeMethod
                     </div>
                     <div>
                        <b>Signature: </b>doBeforeMethod()[pri:0, instance:test.testMassage@68be2bc2]
                     </div>
                     <div>
                        <b>Start time: </b>09:37:26
                     </div>
                     <div>
                        <b>End time: </b>09:38:47
                     </div>
                     <div>
                        <b>Duration: </b>1m
                        20s
                        
                     </div>
                  </div>
               </td>
            </tr>
            <tr></tr>
            <tr id="test.testDeleteAddress_doBeforeMethod_byStatus_passed_PASS6_row"
                class="testMethodStatusPASS testMethodStatusCONF">
               <td width="100%" class="firstMethodCell">
                  <a onclick="toggleDetailsVisibility('test.testDeleteAddress_doBeforeMethod_byStatus_passed_PASS6_details')">doBeforeMethod()</a>
               </td>
               <td nowrap="true">09:36:25</td>
               <td nowrap="true" align="right">53s
                  
               </td>
               <td nowrap="true">
                   
                  
               </td>
            </tr>
            <tr>
               <td colspan="4" class="detailsBox">
                  <div id="test.testDeleteAddress_doBeforeMethod_byStatus_passed_PASS6_details"
                       class="testMethodDetails">
                     <div>
                        <b>Name: </b>doBeforeMethod
                     </div>
                     <div>
                        <b>Signature: </b>doBeforeMethod()[pri:0, instance:test.testDeleteAddress@2a5ca609]
                     </div>
                     <div>
                        <b>Start time: </b>09:36:25
                     </div>
                     <div>
                        <b>End time: </b>09:37:19
                     </div>
                     <div>
                        <b>Duration: </b>53s
                        
                     </div>
                  </div>
               </td>
            </tr>
            <tr></tr>
            <tr id="test.testDeleteAddress_testLogin_byStatus_passed_PASS7_row"
                class="testMethodStatusPASS">
               <td width="100%" class="firstMethodCell">
                  <a onclick="toggleDetailsVisibility('test.testDeleteAddress_testLogin_byStatus_passed_PASS7_details')">testLogin()</a>
               </td>
               <td nowrap="true">09:37:19</td>
               <td nowrap="true" align="right">7s
                  
               </td>
               <td nowrap="true">
                   
                  
               </td>
            </tr>
            <tr>
               <td colspan="4" class="detailsBox">
                  <div id="test.testDeleteAddress_testLogin_byStatus_passed_PASS7_details"
                       class="testMethodDetails">
                     <div>
                        <b>Name: </b>testLogin
                     </div>
                     <div>
                        <b>Signature: </b>testLogin()[pri:0, instance:test.testDeleteAddress@2a5ca609]
                     </div>
                     <div>
                        <b>Start time: </b>09:37:19
                     </div>
                     <div>
                        <b>End time: </b>09:37:26
                     </div>
                     <div>
                        <b>Duration: </b>7s
                        
                     </div>
                  </div>
               </td>
            </tr>
            <tr></tr>
            <tr id="test.testDeleteAddress_testDeleteAddress_byStatus_passed_PASS8_row"
                class="testMethodStatusPASS">
               <td width="100%" class="firstMethodCell">
                  <a onclick="toggleDetailsVisibility('test.testDeleteAddress_testDeleteAddress_byStatus_passed_PASS8_details')">testDeleteAddress()</a>
               </td>
               <td nowrap="true">09:37:44</td>
               <td nowrap="true" align="right">424 ms
                  
               </td>
               <td nowrap="true">
                   
                  
               </td>
            </tr>
            <tr>
               <td colspan="4" class="detailsBox">
                  <div id="test.testDeleteAddress_testDeleteAddress_byStatus_passed_PASS8_details"
                       class="testMethodDetails">
                     <div>
                        <b>Name: </b>testDeleteAddress
                     </div>
                     <div>
                        <b>Signature: </b>testDeleteAddress()[pri:0, instance:test.testDeleteAddress@2a5ca609]
                     </div>
                     <div>
                        <b>Start time: </b>09:37:44
                     </div>
                     <div>
                        <b>End time: </b>09:37:44
                     </div>
                     <div>
                        <b>Duration: </b>424 ms
                        
                     </div>
                     <div>
                        <b>Depends on methods:
                           
                        </b>
                        <div>
                               -
                           test.testDeleteAddress.testLogin
                        </div>
                     </div>
                  </div>
               </td>
            </tr>
            <tr></tr>
            <tr id="test.testAddAddress_doBeforeMethod_byStatus_passed_PASS9_row"
                class="testMethodStatusPASS testMethodStatusCONF">
               <td width="100%" class="firstMethodCell">
                  <a onclick="toggleDetailsVisibility('test.testAddAddress_doBeforeMethod_byStatus_passed_PASS9_details')">doBeforeMethod()</a>
               </td>
               <td nowrap="true">09:36:25</td>
               <td nowrap="true" align="right">53s
                  
               </td>
               <td nowrap="true">
                   
                  
               </td>
            </tr>
            <tr>
               <td colspan="4" class="detailsBox">
                  <div id="test.testAddAddress_doBeforeMethod_byStatus_passed_PASS9_details"
                       class="testMethodDetails">
                     <div>
                        <b>Name: </b>doBeforeMethod
                     </div>
                     <div>
                        <b>Signature: </b>doBeforeMethod()[pri:0, instance:test.testAddAddress@7c16905e]
                     </div>
                     <div>
                        <b>Start time: </b>09:36:25
                     </div>
                     <div>
                        <b>End time: </b>09:37:19
                     </div>
                     <div>
                        <b>Duration: </b>53s
                        
                     </div>
                  </div>
               </td>
            </tr>
            <tr></tr>
            <tr id="test.testAddAddress_testLogin_byStatus_passed_PASS10_row"
                class="testMethodStatusPASS">
               <td width="100%" class="firstMethodCell">
                  <a onclick="toggleDetailsVisibility('test.testAddAddress_testLogin_byStatus_passed_PASS10_details')">testLogin()</a>
               </td>
               <td nowrap="true">09:37:19</td>
               <td nowrap="true" align="right">19s
                  
               </td>
               <td nowrap="true">
                   
                  
               </td>
            </tr>
            <tr>
               <td colspan="4" class="detailsBox">
                  <div id="test.testAddAddress_testLogin_byStatus_passed_PASS10_details"
                       class="testMethodDetails">
                     <div>
                        <b>Name: </b>testLogin
                     </div>
                     <div>
                        <b>Signature: </b>testLogin()[pri:0, instance:test.testAddAddress@7c16905e]
                     </div>
                     <div>
                        <b>Start time: </b>09:37:19
                     </div>
                     <div>
                        <b>End time: </b>09:37:39
                     </div>
                     <div>
                        <b>Duration: </b>19s
                        
                     </div>
                  </div>
               </td>
            </tr>
            <tr></tr>
            <tr id="test.Login_doBeforeMethod_byStatus_passed_PASS11_row"
                class="testMethodStatusPASS testMethodStatusCONF">
               <td width="100%" class="firstMethodCell">
                  <a onclick="toggleDetailsVisibility('test.Login_doBeforeMethod_byStatus_passed_PASS11_details')">doBeforeMethod()</a>
               </td>
               <td nowrap="true">09:36:25</td>
               <td nowrap="true" align="right">53s
                  
               </td>
               <td nowrap="true">
                   
                  
               </td>
            </tr>
            <tr>
               <td colspan="4" class="detailsBox">
                  <div id="test.Login_doBeforeMethod_byStatus_passed_PASS11_details"
                       class="testMethodDetails">
                     <div>
                        <b>Name: </b>doBeforeMethod
                     </div>
                     <div>
                        <b>Signature: </b>doBeforeMethod()[pri:0, instance:test.Login@1753acfe]
                     </div>
                     <div>
                        <b>Start time: </b>09:36:25
                     </div>
                     <div>
                        <b>End time: </b>09:37:19
                     </div>
                     <div>
                        <b>Duration: </b>53s
                        
                     </div>
                  </div>
               </td>
            </tr>
            <tr></tr>
            <tr id="test.Login_testLogin_byStatus_passed_PASS12_row"
                class="testMethodStatusPASS">
               <td width="100%" class="firstMethodCell">
                  <a onclick="toggleDetailsVisibility('test.Login_testLogin_byStatus_passed_PASS12_details')">testLogin()</a>
               </td>
               <td nowrap="true">09:37:19</td>
               <td nowrap="true" align="right">7s
                  
               </td>
               <td nowrap="true">
                   
                  
               </td>
            </tr>
            <tr>
               <td colspan="4" class="detailsBox">
                  <div id="test.Login_testLogin_byStatus_passed_PASS12_details"
                       class="testMethodDetails">
                     <div>
                        <b>Name: </b>testLogin
                     </div>
                     <div>
                        <b>Signature: </b>testLogin()[pri:0, instance:test.Login@1753acfe]
                     </div>
                     <div>
                        <b>Start time: </b>09:37:19
                     </div>
                     <div>
                        <b>End time: </b>09:37:26
                     </div>
                     <div>
                        <b>Duration: </b>7s
                        
                     </div>
                  </div>
               </td>
            </tr>
            <tr></tr>
            <tr id="test.Login_doAfterMethod_byStatus_passed_PASS13_row"
                class="testMethodStatusPASS testMethodStatusCONF">
               <td width="100%" class="firstMethodCell">
                  <a onclick="toggleDetailsVisibility('test.Login_doAfterMethod_byStatus_passed_PASS13_details')">doAfterMethod()</a>
               </td>
               <td nowrap="true">09:37:26</td>
               <td nowrap="true" align="right">17s
                  
               </td>
               <td nowrap="true">
                   
                  
               </td>
            </tr>
            <tr>
               <td colspan="4" class="detailsBox">
                  <div id="test.Login_doAfterMethod_byStatus_passed_PASS13_details"
                       class="testMethodDetails">
                     <div>
                        <b>Name: </b>doAfterMethod
                     </div>
                     <div>
                        <b>Signature: </b>doAfterMethod()[pri:0, instance:test.Login@1753acfe]
                     </div>
                     <div>
                        <b>Start time: </b>09:37:26
                     </div>
                     <div>
                        <b>End time: </b>09:37:44
                     </div>
                     <div>
                        <b>Duration: </b>17s
                        
                     </div>
                  </div>
               </td>
            </tr>
            <tr></tr>
            <tr id="test.testAddShopping_doAfterMethod_byStatus_skiped_SKIP1_row"
                class="testMethodStatusSKIP testMethodStatusCONF">
               <td width="100%" class="firstMethodCell">
                  <a onclick="toggleDetailsVisibility('test.testAddShopping_doAfterMethod_byStatus_skiped_SKIP1_details')">doAfterMethod()</a>
               </td>
               <td nowrap="true">09:37:50</td>
               <td nowrap="true" align="right">0 ms
                  
               </td>
               <td nowrap="true">
                   
                  
               </td>
            </tr>
            <tr>
               <td colspan="4" class="detailsBox">
                  <div id="test.testAddShopping_doAfterMethod_byStatus_skiped_SKIP1_details"
                       class="testMethodDetails">
                     <div>
                        <b>Name: </b>doAfterMethod
                     </div>
                     <div>
                        <b>Signature: </b>doAfterMethod()[pri:0, instance:test.testAddShopping@2a2d45ba]
                     </div>
                     <div>
                        <b>Start time: </b>09:37:50
                     </div>
                     <div>
                        <b>End time: </b>09:37:50
                     </div>
                     <div>
                        <b>Duration: </b>0 ms
                        
                     </div>
                  </div>
               </td>
            </tr>
            <tr></tr>
            <tr id="test.testAddShopping_testAddShopping_byStatus_skiped_SKIP2_row"
                class="testMethodStatusSKIP">
               <td width="100%" class="firstMethodCell">
                  <a onclick="toggleDetailsVisibility('test.testAddShopping_testAddShopping_byStatus_skiped_SKIP2_details')">testAddShopping()</a>
               </td>
               <td nowrap="true">09:37:50</td>
               <td nowrap="true" align="right">0 ms
                  
               </td>
               <td nowrap="true">
                   
                  
               </td>
            </tr>
            <tr>
               <td colspan="4" class="detailsBox">
                  <div id="test.testAddShopping_testAddShopping_byStatus_skiped_SKIP2_details"
                       class="testMethodDetails">
                     <div>
                        <b>Name: </b>testAddShopping
                     </div>
                     <div>
                        <b>Signature: </b>testAddShopping()[pri:0, instance:test.testAddShopping@2a2d45ba]
                     </div>
                     <div>
                        <b>Start time: </b>09:37:50
                     </div>
                     <div>
                        <b>End time: </b>09:37:50
                     </div>
                     <div>
                        <b>Duration: </b>0 ms
                        
                     </div>
                     <div>
                        <b>Depends on methods:
                           
                        </b>
                        <div>
                               -
                           test.testAddShopping.testLogin
                        </div>
                     </div>
                  </div>
               </td>
            </tr>
            <tr></tr>
            <tr id="test.testPayAll_testLogin_byStatus_skiped_SKIP3_row"
                class="testMethodStatusSKIP">
               <td width="100%" class="firstMethodCell">
                  <a onclick="toggleDetailsVisibility('test.testPayAll_testLogin_byStatus_skiped_SKIP3_details')">testLogin()</a>
               </td>
               <td nowrap="true">09:39:52</td>
               <td nowrap="true" align="right">2 ms
                  
               </td>
               <td nowrap="true">
                   
                  
               </td>
            </tr>
            <tr>
               <td colspan="4" class="detailsBox">
                  <div id="test.testPayAll_testLogin_byStatus_skiped_SKIP3_details"
                       class="testMethodDetails">
                     <div>
                        <b>Name: </b>testLogin
                     </div>
                     <div>
                        <b>Signature: </b>testLogin()[pri:0, instance:test.testPayAll@675d3402]
                     </div>
                     <div>
                        <b>Start time: </b>09:39:52
                     </div>
                     <div>
                        <b>End time: </b>09:39:52
                     </div>
                     <div>
                        <b>Duration: </b>2 ms
                        
                     </div>
                  </div>
               </td>
            </tr>
            <tr></tr>
            <tr id="test.testPayAll_testPayAll_byStatus_skiped_SKIP4_row"
                class="testMethodStatusSKIP">
               <td width="100%" class="firstMethodCell">
                  <a onclick="toggleDetailsVisibility('test.testPayAll_testPayAll_byStatus_skiped_SKIP4_details')">testPayAll()</a>
               </td>
               <td nowrap="true">09:39:52</td>
               <td nowrap="true" align="right">0 ms
                  
               </td>
               <td nowrap="true">
                  <a onclick="toggleDetailsVisibility('test.testPayAll_testPayAll_byStatus_skiped_SKIP4_exception')">java.lang.Throwable: 
                     Method testPayAll.testPayAll()[pri:0, instance:test.testPayAll@675d3402] depends on not successfully finished methods
                     
                  </a>
                   
                  
               </td>
            </tr>
            <tr>
               <td colspan="4" class="detailsBox">
                  <div id="test.testPayAll_testPayAll_byStatus_skiped_SKIP4_details"
                       class="testMethodDetails">
                     <div>
                        <b>Name: </b>testPayAll
                     </div>
                     <div>
                        <b>Signature: </b>testPayAll()[pri:0, instance:test.testPayAll@675d3402]
                     </div>
                     <div>
                        <b>Start time: </b>09:39:52
                     </div>
                     <div>
                        <b>End time: </b>09:39:52
                     </div>
                     <div>
                        <b>Duration: </b>0 ms
                        
                     </div>
                     <div>
                        <b>Depends on methods:
                           
                        </b>
                        <div>
                               -
                           test.testPayAll.testLogin
                        </div>
                     </div>
                  </div>
               </td>
            </tr>
            <tr>
               <td colspan="4" class="detailsBox">
                  <div id="test.testPayAll_testPayAll_byStatus_skiped_SKIP4_exception"
                       class="testMethodDetails">
                     <pre style="padding: 5px; margin: 0;">java.lang.Throwable: Method testPayAll.testPayAll()[pri:0, instance:test.testPayAll@675d3402] depends on not successfully
                        finished methods
                        	at org.testng.internal.Invoker.invokeTestMethods(Invoker.java:1033)
                        	at org.testng.internal.TestMethodWorker.invokeTestMethods(TestMethodWorker.java:125)
                        	at org.testng.internal.TestMethodWorker.run(TestMethodWorker.java:108)
                        	at java.util.concurrent.ThreadPoolExecutor.runWorker(Unknown Source)
                        	at java.util.concurrent.ThreadPoolExecutor$Worker.run(Unknown Source)
                        	at java.lang.Thread.run(Unknown Source)
                     </pre>
                  </div>
               </td>
            </tr>
            <tr id="test.testPayAll_doAfterMethod_byStatus_skiped_SKIP5_row"
                class="testMethodStatusSKIP testMethodStatusCONF">
               <td width="100%" class="firstMethodCell">
                  <a onclick="toggleDetailsVisibility('test.testPayAll_doAfterMethod_byStatus_skiped_SKIP5_details')">doAfterMethod()</a>
               </td>
               <td nowrap="true">09:39:52</td>
               <td nowrap="true" align="right">0 ms
                  
               </td>
               <td nowrap="true">
                   
                  
               </td>
            </tr>
            <tr>
               <td colspan="4" class="detailsBox">
                  <div id="test.testPayAll_doAfterMethod_byStatus_skiped_SKIP5_details"
                       class="testMethodDetails">
                     <div>
                        <b>Name: </b>doAfterMethod
                     </div>
                     <div>
                        <b>Signature: </b>doAfterMethod()[pri:0, instance:test.testPayAll@675d3402]
                     </div>
                     <div>
                        <b>Start time: </b>09:39:52
                     </div>
                     <div>
                        <b>End time: </b>09:39:52
                     </div>
                     <div>
                        <b>Duration: </b>0 ms
                        
                     </div>
                  </div>
               </td>
            </tr>
            <tr></tr>
            <tr id="test.testDeleteShopping_testDeleteShopping_byStatus_skiped_SKIP6_row"
                class="testMethodStatusSKIP">
               <td width="100%" class="firstMethodCell">
                  <a onclick="toggleDetailsVisibility('test.testDeleteShopping_testDeleteShopping_byStatus_skiped_SKIP6_details')">testDeleteShopping()</a>
               </td>
               <td nowrap="true">09:37:50</td>
               <td nowrap="true" align="right">0 ms
                  
               </td>
               <td nowrap="true">
                   
                  
               </td>
            </tr>
            <tr>
               <td colspan="4" class="detailsBox">
                  <div id="test.testDeleteShopping_testDeleteShopping_byStatus_skiped_SKIP6_details"
                       class="testMethodDetails">
                     <div>
                        <b>Name: </b>testDeleteShopping
                     </div>
                     <div>
                        <b>Signature: </b>testDeleteShopping()[pri:0, instance:test.testDeleteShopping@20e2cbe0]
                     </div>
                     <div>
                        <b>Start time: </b>09:37:50
                     </div>
                     <div>
                        <b>End time: </b>09:37:50
                     </div>
                     <div>
                        <b>Duration: </b>0 ms
                        
                     </div>
                     <div>
                        <b>Depends on methods:
                           
                        </b>
                        <div>
                               -
                           test.testDeleteShopping.testLogin
                        </div>
                     </div>
                  </div>
               </td>
            </tr>
            <tr></tr>
            <tr id="test.testDeleteShopping_doAfterMethod_byStatus_skiped_SKIP7_row"
                class="testMethodStatusSKIP testMethodStatusCONF">
               <td width="100%" class="firstMethodCell">
                  <a onclick="toggleDetailsVisibility('test.testDeleteShopping_doAfterMethod_byStatus_skiped_SKIP7_details')">doAfterMethod()</a>
               </td>
               <td nowrap="true">09:37:50</td>
               <td nowrap="true" align="right">0 ms
                  
               </td>
               <td nowrap="true">
                   
                  
               </td>
            </tr>
            <tr>
               <td colspan="4" class="detailsBox">
                  <div id="test.testDeleteShopping_doAfterMethod_byStatus_skiped_SKIP7_details"
                       class="testMethodDetails">
                     <div>
                        <b>Name: </b>doAfterMethod
                     </div>
                     <div>
                        <b>Signature: </b>doAfterMethod()[pri:0, instance:test.testDeleteShopping@20e2cbe0]
                     </div>
                     <div>
                        <b>Start time: </b>09:37:50
                     </div>
                     <div>
                        <b>End time: </b>09:37:50
                     </div>
                     <div>
                        <b>Duration: </b>0 ms
                        
                     </div>
                  </div>
               </td>
            </tr>
            <tr></tr>
            <tr id="test.testMassage_testLogin_byStatus_skiped_SKIP8_row"
                class="testMethodStatusSKIP">
               <td width="100%" class="firstMethodCell">
                  <a onclick="toggleDetailsVisibility('test.testMassage_testLogin_byStatus_skiped_SKIP8_details')">testLogin()</a>
               </td>
               <td nowrap="true">09:38:47</td>
               <td nowrap="true" align="right">0 ms
                  
               </td>
               <td nowrap="true">
                   
                  
               </td>
            </tr>
            <tr>
               <td colspan="4" class="detailsBox">
                  <div id="test.testMassage_testLogin_byStatus_skiped_SKIP8_details"
                       class="testMethodDetails">
                     <div>
                        <b>Name: </b>testLogin
                     </div>
                     <div>
                        <b>Signature: </b>testLogin()[pri:0, instance:test.testMassage@68be2bc2]
                     </div>
                     <div>
                        <b>Start time: </b>09:38:47
                     </div>
                     <div>
                        <b>End time: </b>09:38:47
                     </div>
                     <div>
                        <b>Duration: </b>0 ms
                        
                     </div>
                  </div>
               </td>
            </tr>
            <tr></tr>
            <tr id="test.testMassage_testAddMessage_byStatus_skiped_SKIP9_row"
                class="testMethodStatusSKIP">
               <td width="100%" class="firstMethodCell">
                  <a onclick="toggleDetailsVisibility('test.testMassage_testAddMessage_byStatus_skiped_SKIP9_details')">testAddMessage()</a>
               </td>
               <td nowrap="true">09:38:47</td>
               <td nowrap="true" align="right">0 ms
                  
               </td>
               <td nowrap="true">
                  <a onclick="toggleDetailsVisibility('test.testMassage_testAddMessage_byStatus_skiped_SKIP9_exception')">java.lang.Throwable: 
                     Method testMassage.testAddMessage(java.lang.String, java.lang.String, java.lang.String, java.lang.String, java.lang.String)[pri:0,
                     instance:test.testMassage@68be2bc2] depends on not successfully finished methods
                     
                  </a>
                   
                  
               </td>
            </tr>
            <tr>
               <td colspan="4" class="detailsBox">
                  <div id="test.testMassage_testAddMessage_byStatus_skiped_SKIP9_details"
                       class="testMethodDetails">
                     <div>
                        <b>Name: </b>testAddMessage
                     </div>
                     <div>
                        <b>Signature: </b>testAddMessage(java.lang.String, java.lang.String, java.lang.String, java.lang.String, java.lang.String)[pri:0, instance:test.testMassage@68be2bc2]
                     </div>
                     <div>
                        <b>Start time: </b>09:38:47
                     </div>
                     <div>
                        <b>End time: </b>09:38:47
                     </div>
                     <div>
                        <b>Duration: </b>0 ms
                        
                     </div>
                     <div>
                        <b>Depends on methods:
                           
                        </b>
                        <div>
                               -
                           test.testMassage.testLogin
                        </div>
                     </div>
                  </div>
               </td>
            </tr>
            <tr>
               <td colspan="4" class="detailsBox">
                  <div id="test.testMassage_testAddMessage_byStatus_skiped_SKIP9_exception"
                       class="testMethodDetails">
                     <pre style="padding: 5px; margin: 0;">java.lang.Throwable: Method testMassage.testAddMessage(java.lang.String, java.lang.String, java.lang.String, java.lang.String,
                        java.lang.String)[pri:0, instance:test.testMassage@68be2bc2] depends on not successfully finished methods
                        	at org.testng.internal.Invoker.invokeTestMethods(Invoker.java:1033)
                        	at org.testng.internal.TestMethodWorker.invokeTestMethods(TestMethodWorker.java:125)
                        	at org.testng.internal.TestMethodWorker.run(TestMethodWorker.java:108)
                        	at java.util.concurrent.ThreadPoolExecutor.runWorker(Unknown Source)
                        	at java.util.concurrent.ThreadPoolExecutor$Worker.run(Unknown Source)
                        	at java.lang.Thread.run(Unknown Source)
                     </pre>
                  </div>
               </td>
            </tr>
            <tr id="test.testMassage_doAfterMethod_byStatus_skiped_SKIP10_row"
                class="testMethodStatusSKIP testMethodStatusCONF">
               <td width="100%" class="firstMethodCell">
                  <a onclick="toggleDetailsVisibility('test.testMassage_doAfterMethod_byStatus_skiped_SKIP10_details')">doAfterMethod()</a>
               </td>
               <td nowrap="true">09:38:47</td>
               <td nowrap="true" align="right">0 ms
                  
               </td>
               <td nowrap="true">
                   
                  
               </td>
            </tr>
            <tr>
               <td colspan="4" class="detailsBox">
                  <div id="test.testMassage_doAfterMethod_byStatus_skiped_SKIP10_details"
                       class="testMethodDetails">
                     <div>
                        <b>Name: </b>doAfterMethod
                     </div>
                     <div>
                        <b>Signature: </b>doAfterMethod()[pri:0, instance:test.testMassage@68be2bc2]
                     </div>
                     <div>
                        <b>Start time: </b>09:38:47
                     </div>
                     <div>
                        <b>End time: </b>09:38:47
                     </div>
                     <div>
                        <b>Duration: </b>0 ms
                        
                     </div>
                  </div>
               </td>
            </tr>
            <tr></tr>
            <tr id="test.testAddAddress_testAddAddress_byStatus_skiped_SKIP11_row"
                class="testMethodStatusSKIP">
               <td width="100%" class="firstMethodCell">
                  <a onclick="toggleDetailsVisibility('test.testAddAddress_testAddAddress_byStatus_skiped_SKIP11_details')">testAddAddress(何建一
                     
                     ,
                     
                     上海市
                     
                     ,
                     
                     上海市
                     
                     ,
                     
                     黄浦区
                     
                     ,
                     
                     邮局
                     
                     ,
                     
                     15523456654
                     
                     ,
                     
                     888999)
                  </a>
               </td>
               <td nowrap="true">09:37:50</td>
               <td nowrap="true" align="right">0 ms
                  
               </td>
               <td nowrap="true">
                   
                  
               </td>
            </tr>
            <tr>
               <td colspan="4" class="detailsBox">
                  <div id="test.testAddAddress_testAddAddress_byStatus_skiped_SKIP11_details"
                       class="testMethodDetails">
                     <div>
                        <b>Name: </b>testAddAddress
                     </div>
                     <div>
                        <b>Signature: </b>testAddAddress(java.lang.String, java.lang.String, java.lang.String, java.lang.String, java.lang.String, java.lang.String,
                        java.lang.String)[pri:0, instance:test.testAddAddress@7c16905e]
                     </div>
                     <div>
                        <b>Parameters: </b>
                        
                        何建一
                        
                        ,
                        
                        上海市
                        
                        ,
                        
                        上海市
                        
                        ,
                        
                        黄浦区
                        
                        ,
                        
                        邮局
                        
                        ,
                        
                        15523456654
                        
                        ,
                        
                        888999
                        
                        
                     </div>
                     <div>
                        <b>Start time: </b>09:37:50
                     </div>
                     <div>
                        <b>End time: </b>09:37:50
                     </div>
                     <div>
                        <b>Duration: </b>0 ms
                        
                     </div>
                     <div>
                        <b>Depends on methods:
                           
                        </b>
                        <div>
                               -
                           test.testAddAddress.testLogin
                        </div>
                     </div>
                  </div>
               </td>
            </tr>
            <tr></tr>
            <tr id="test.testAddAddress_testAddAddress_byStatus_skiped_SKIP12_row"
                class="testMethodStatusSKIP">
               <td width="100%" class="firstMethodCell">
                  <a onclick="toggleDetailsVisibility('test.testAddAddress_testAddAddress_byStatus_skiped_SKIP12_details')">testAddAddress(马佳烁
                     
                     ,
                     
                     浙江省
                     
                     ,
                     
                     杭州市
                     
                     ,
                     
                     临安市
                     
                     ,
                     
                     40号
                     
                     ,
                     
                     18323145678
                     
                     ,
                     
                     123456)
                  </a>
               </td>
               <td nowrap="true">09:37:50</td>
               <td nowrap="true" align="right">0 ms
                  
               </td>
               <td nowrap="true">
                   
                  
               </td>
            </tr>
            <tr>
               <td colspan="4" class="detailsBox">
                  <div id="test.testAddAddress_testAddAddress_byStatus_skiped_SKIP12_details"
                       class="testMethodDetails">
                     <div>
                        <b>Name: </b>testAddAddress
                     </div>
                     <div>
                        <b>Signature: </b>testAddAddress(java.lang.String, java.lang.String, java.lang.String, java.lang.String, java.lang.String, java.lang.String,
                        java.lang.String)[pri:0, instance:test.testAddAddress@7c16905e]
                     </div>
                     <div>
                        <b>Parameters: </b>
                        
                        马佳烁
                        
                        ,
                        
                        浙江省
                        
                        ,
                        
                        杭州市
                        
                        ,
                        
                        临安市
                        
                        ,
                        
                        40号
                        
                        ,
                        
                        18323145678
                        
                        ,
                        
                        123456
                        
                        
                     </div>
                     <div>
                        <b>Start time: </b>09:37:50
                     </div>
                     <div>
                        <b>End time: </b>09:37:50
                     </div>
                     <div>
                        <b>Duration: </b>0 ms
                        
                     </div>
                     <div>
                        <b>Depends on methods:
                           
                        </b>
                        <div>
                               -
                           test.testAddAddress.testLogin
                        </div>
                     </div>
                  </div>
               </td>
            </tr>
            <tr></tr>
            <tr id="test.testAddAddress_testAddAddress_byStatus_skiped_SKIP13_row"
                class="testMethodStatusSKIP">
               <td width="100%" class="firstMethodCell">
                  <a onclick="toggleDetailsVisibility('test.testAddAddress_testAddAddress_byStatus_skiped_SKIP13_details')">testAddAddress(张婷婷
                     
                     ,
                     
                     山东省
                     
                     ,
                     
                     济南市
                     
                     ,
                     
                     天桥区
                     
                     ,
                     
                     3号写字楼
                     
                     ,
                     
                     18032834432
                     
                     ,
                     
                     234678)
                  </a>
               </td>
               <td nowrap="true">09:37:50</td>
               <td nowrap="true" align="right">0 ms
                  
               </td>
               <td nowrap="true">
                   
                  
               </td>
            </tr>
            <tr>
               <td colspan="4" class="detailsBox">
                  <div id="test.testAddAddress_testAddAddress_byStatus_skiped_SKIP13_details"
                       class="testMethodDetails">
                     <div>
                        <b>Name: </b>testAddAddress
                     </div>
                     <div>
                        <b>Signature: </b>testAddAddress(java.lang.String, java.lang.String, java.lang.String, java.lang.String, java.lang.String, java.lang.String,
                        java.lang.String)[pri:0, instance:test.testAddAddress@7c16905e]
                     </div>
                     <div>
                        <b>Parameters: </b>
                        
                        张婷婷
                        
                        ,
                        
                        山东省
                        
                        ,
                        
                        济南市
                        
                        ,
                        
                        天桥区
                        
                        ,
                        
                        3号写字楼
                        
                        ,
                        
                        18032834432
                        
                        ,
                        
                        234678
                        
                        
                     </div>
                     <div>
                        <b>Start time: </b>09:37:50
                     </div>
                     <div>
                        <b>End time: </b>09:37:50
                     </div>
                     <div>
                        <b>Duration: </b>0 ms
                        
                     </div>
                     <div>
                        <b>Depends on methods:
                           
                        </b>
                        <div>
                               -
                           test.testAddAddress.testLogin
                        </div>
                     </div>
                  </div>
               </td>
            </tr>
            <tr></tr>
            <tr id="test.testAddAddress_testAddAddress_byStatus_skiped_SKIP14_row"
                class="testMethodStatusSKIP">
               <td width="100%" class="firstMethodCell">
                  <a onclick="toggleDetailsVisibility('test.testAddAddress_testAddAddress_byStatus_skiped_SKIP14_details')">testAddAddress(张晓明
                     
                     ,
                     
                     黑龙江省
                     
                     ,
                     
                     哈尔滨市
                     
                     ,
                     
                     松北区
                     
                     ,
                     
                     14栋3号
                     
                     ,
                     
                     13323456789
                     
                     ,
                     
                     234554)
                  </a>
               </td>
               <td nowrap="true">09:37:50</td>
               <td nowrap="true" align="right">0 ms
                  
               </td>
               <td nowrap="true">
                   
                  
               </td>
            </tr>
            <tr>
               <td colspan="4" class="detailsBox">
                  <div id="test.testAddAddress_testAddAddress_byStatus_skiped_SKIP14_details"
                       class="testMethodDetails">
                     <div>
                        <b>Name: </b>testAddAddress
                     </div>
                     <div>
                        <b>Signature: </b>testAddAddress(java.lang.String, java.lang.String, java.lang.String, java.lang.String, java.lang.String, java.lang.String,
                        java.lang.String)[pri:0, instance:test.testAddAddress@7c16905e]
                     </div>
                     <div>
                        <b>Parameters: </b>
                        
                        张晓明
                        
                        ,
                        
                        黑龙江省
                        
                        ,
                        
                        哈尔滨市
                        
                        ,
                        
                        松北区
                        
                        ,
                        
                        14栋3号
                        
                        ,
                        
                        13323456789
                        
                        ,
                        
                        234554
                        
                        
                     </div>
                     <div>
                        <b>Start time: </b>09:37:50
                     </div>
                     <div>
                        <b>End time: </b>09:37:50
                     </div>
                     <div>
                        <b>Duration: </b>0 ms
                        
                     </div>
                     <div>
                        <b>Depends on methods:
                           
                        </b>
                        <div>
                               -
                           test.testAddAddress.testLogin
                        </div>
                     </div>
                  </div>
               </td>
            </tr>
            <tr></tr>
            <tr id="test.testAddAddress_testAddAddress_byStatus_skiped_SKIP15_row"
                class="testMethodStatusSKIP">
               <td width="100%" class="firstMethodCell">
                  <a onclick="toggleDetailsVisibility('test.testAddAddress_testAddAddress_byStatus_skiped_SKIP15_details')">testAddAddress(李晓红
                     
                     ,
                     
                     福建省
                     
                     ,
                     
                     福州市
                     
                     ,
                     
                     鼓楼区
                     
                     ,
                     
                     2栋工业
                     
                     ,
                     
                     15532155678
                     
                     ,
                     
                     890890)
                  </a>
               </td>
               <td nowrap="true">09:37:50</td>
               <td nowrap="true" align="right">0 ms
                  
               </td>
               <td nowrap="true">
                   
                  
               </td>
            </tr>
            <tr>
               <td colspan="4" class="detailsBox">
                  <div id="test.testAddAddress_testAddAddress_byStatus_skiped_SKIP15_details"
                       class="testMethodDetails">
                     <div>
                        <b>Name: </b>testAddAddress
                     </div>
                     <div>
                        <b>Signature: </b>testAddAddress(java.lang.String, java.lang.String, java.lang.String, java.lang.String, java.lang.String, java.lang.String,
                        java.lang.String)[pri:0, instance:test.testAddAddress@7c16905e]
                     </div>
                     <div>
                        <b>Parameters: </b>
                        
                        李晓红
                        
                        ,
                        
                        福建省
                        
                        ,
                        
                        福州市
                        
                        ,
                        
                        鼓楼区
                        
                        ,
                        
                        2栋工业
                        
                        ,
                        
                        15532155678
                        
                        ,
                        
                        890890
                        
                        
                     </div>
                     <div>
                        <b>Start time: </b>09:37:50
                     </div>
                     <div>
                        <b>End time: </b>09:37:50
                     </div>
                     <div>
                        <b>Duration: </b>0 ms
                        
                     </div>
                     <div>
                        <b>Depends on methods:
                           
                        </b>
                        <div>
                               -
                           test.testAddAddress.testLogin
                        </div>
                     </div>
                  </div>
               </td>
            </tr>
            <tr></tr>
            <tr id="test.testAddAddress_doAfterMethod_byStatus_skiped_SKIP16_row"
                class="testMethodStatusSKIP testMethodStatusCONF">
               <td width="100%" class="firstMethodCell">
                  <a onclick="toggleDetailsVisibility('test.testAddAddress_doAfterMethod_byStatus_skiped_SKIP16_details')">doAfterMethod()</a>
               </td>
               <td nowrap="true">09:37:50</td>
               <td nowrap="true" align="right">0 ms
                  
               </td>
               <td nowrap="true">
                   
                  
               </td>
            </tr>
            <tr>
               <td colspan="4" class="detailsBox">
                  <div id="test.testAddAddress_doAfterMethod_byStatus_skiped_SKIP16_details"
                       class="testMethodDetails">
                     <div>
                        <b>Name: </b>doAfterMethod
                     </div>
                     <div>
                        <b>Signature: </b>doAfterMethod()[pri:0, instance:test.testAddAddress@7c16905e]
                     </div>
                     <div>
                        <b>Start time: </b>09:37:50
                     </div>
                     <div>
                        <b>End time: </b>09:37:50
                     </div>
                     <div>
                        <b>Duration: </b>0 ms
                        
                     </div>
                  </div>
               </td>
            </tr>
            <tr></tr>
            <tr id="test.testPayNone_testLogin_byStatus_skiped_SKIP17_row"
                class="testMethodStatusSKIP">
               <td width="100%" class="firstMethodCell">
                  <a onclick="toggleDetailsVisibility('test.testPayNone_testLogin_byStatus_skiped_SKIP17_details')">testLogin()</a>
               </td>
               <td nowrap="true">09:39:36</td>
               <td nowrap="true" align="right">2 ms
                  
               </td>
               <td nowrap="true">
                   
                  
               </td>
            </tr>
            <tr>
               <td colspan="4" class="detailsBox">
                  <div id="test.testPayNone_testLogin_byStatus_skiped_SKIP17_details"
                       class="testMethodDetails">
                     <div>
                        <b>Name: </b>testLogin
                     </div>
                     <div>
                        <b>Signature: </b>testLogin()[pri:0, instance:test.testPayNone@51565ec2]
                     </div>
                     <div>
                        <b>Start time: </b>09:39:36
                     </div>
                     <div>
                        <b>End time: </b>09:39:36
                     </div>
                     <div>
                        <b>Duration: </b>2 ms
                        
                     </div>
                  </div>
               </td>
            </tr>
            <tr></tr>
            <tr id="test.testPayNone_testPayNone_byStatus_skiped_SKIP18_row"
                class="testMethodStatusSKIP">
               <td width="100%" class="firstMethodCell">
                  <a onclick="toggleDetailsVisibility('test.testPayNone_testPayNone_byStatus_skiped_SKIP18_details')">testPayNone()</a>
               </td>
               <td nowrap="true">09:39:36</td>
               <td nowrap="true" align="right">0 ms
                  
               </td>
               <td nowrap="true">
                  <a onclick="toggleDetailsVisibility('test.testPayNone_testPayNone_byStatus_skiped_SKIP18_exception')">java.lang.Throwable: 
                     Method testPayNone.testPayNone()[pri:0, instance:test.testPayNone@51565ec2] depends on not successfully finished methods
                     
                  </a>
                   
                  
               </td>
            </tr>
            <tr>
               <td colspan="4" class="detailsBox">
                  <div id="test.testPayNone_testPayNone_byStatus_skiped_SKIP18_details"
                       class="testMethodDetails">
                     <div>
                        <b>Name: </b>testPayNone
                     </div>
                     <div>
                        <b>Signature: </b>testPayNone()[pri:0, instance:test.testPayNone@51565ec2]
                     </div>
                     <div>
                        <b>Start time: </b>09:39:36
                     </div>
                     <div>
                        <b>End time: </b>09:39:36
                     </div>
                     <div>
                        <b>Duration: </b>0 ms
                        
                     </div>
                     <div>
                        <b>Depends on methods:
                           
                        </b>
                        <div>
                               -
                           test.testPayNone.testLogin
                        </div>
                     </div>
                  </div>
               </td>
            </tr>
            <tr>
               <td colspan="4" class="detailsBox">
                  <div id="test.testPayNone_testPayNone_byStatus_skiped_SKIP18_exception"
                       class="testMethodDetails">
                     <pre style="padding: 5px; margin: 0;">java.lang.Throwable: Method testPayNone.testPayNone()[pri:0, instance:test.testPayNone@51565ec2] depends on not successfully
                        finished methods
                        	at org.testng.internal.Invoker.invokeTestMethods(Invoker.java:1033)
                        	at org.testng.internal.TestMethodWorker.invokeTestMethods(TestMethodWorker.java:125)
                        	at org.testng.internal.TestMethodWorker.run(TestMethodWorker.java:108)
                        	at java.util.concurrent.ThreadPoolExecutor.runWorker(Unknown Source)
                        	at java.util.concurrent.ThreadPoolExecutor$Worker.run(Unknown Source)
                        	at java.lang.Thread.run(Unknown Source)
                     </pre>
                  </div>
               </td>
            </tr>
            <tr id="test.testPayNone_doAfterMethod_byStatus_skiped_SKIP19_row"
                class="testMethodStatusSKIP testMethodStatusCONF">
               <td width="100%" class="firstMethodCell">
                  <a onclick="toggleDetailsVisibility('test.testPayNone_doAfterMethod_byStatus_skiped_SKIP19_details')">doAfterMethod()</a>
               </td>
               <td nowrap="true">09:39:36</td>
               <td nowrap="true" align="right">0 ms
                  
               </td>
               <td nowrap="true">
                   
                  
               </td>
            </tr>
            <tr>
               <td colspan="4" class="detailsBox">
                  <div id="test.testPayNone_doAfterMethod_byStatus_skiped_SKIP19_details"
                       class="testMethodDetails">
                     <div>
                        <b>Name: </b>doAfterMethod
                     </div>
                     <div>
                        <b>Signature: </b>doAfterMethod()[pri:0, instance:test.testPayNone@51565ec2]
                     </div>
                     <div>
                        <b>Start time: </b>09:39:36
                     </div>
                     <div>
                        <b>End time: </b>09:39:36
                     </div>
                     <div>
                        <b>Duration: </b>0 ms
                        
                     </div>
                  </div>
               </td>
            </tr>
            <tr></tr>
            <tr id="test.testPayOne_testLogin_byStatus_skiped_SKIP20_row"
                class="testMethodStatusSKIP">
               <td width="100%" class="firstMethodCell">
                  <a onclick="toggleDetailsVisibility('test.testPayOne_testLogin_byStatus_skiped_SKIP20_details')">testLogin()</a>
               </td>
               <td nowrap="true">09:39:53</td>
               <td nowrap="true" align="right">0 ms
                  
               </td>
               <td nowrap="true">
                   
                  
               </td>
            </tr>
            <tr>
               <td colspan="4" class="detailsBox">
                  <div id="test.testPayOne_testLogin_byStatus_skiped_SKIP20_details"
                       class="testMethodDetails">
                     <div>
                        <b>Name: </b>testLogin
                     </div>
                     <div>
                        <b>Signature: </b>testLogin()[pri:0, instance:test.testPayOne@482f8f11]
                     </div>
                     <div>
                        <b>Start time: </b>09:39:53
                     </div>
                     <div>
                        <b>End time: </b>09:39:53
                     </div>
                     <div>
                        <b>Duration: </b>0 ms
                        
                     </div>
                  </div>
               </td>
            </tr>
            <tr></tr>
            <tr id="test.testPayOne_testPayOne_byStatus_skiped_SKIP21_row"
                class="testMethodStatusSKIP">
               <td width="100%" class="firstMethodCell">
                  <a onclick="toggleDetailsVisibility('test.testPayOne_testPayOne_byStatus_skiped_SKIP21_details')">testPayOne()</a>
               </td>
               <td nowrap="true">09:39:53</td>
               <td nowrap="true" align="right">0 ms
                  
               </td>
               <td nowrap="true">
                  <a onclick="toggleDetailsVisibility('test.testPayOne_testPayOne_byStatus_skiped_SKIP21_exception')">java.lang.Throwable: 
                     Method testPayOne.testPayOne()[pri:0, instance:test.testPayOne@482f8f11] depends on not successfully finished methods
                     
                  </a>
                   
                  
               </td>
            </tr>
            <tr>
               <td colspan="4" class="detailsBox">
                  <div id="test.testPayOne_testPayOne_byStatus_skiped_SKIP21_details"
                       class="testMethodDetails">
                     <div>
                        <b>Name: </b>testPayOne
                     </div>
                     <div>
                        <b>Signature: </b>testPayOne()[pri:0, instance:test.testPayOne@482f8f11]
                     </div>
                     <div>
                        <b>Start time: </b>09:39:53
                     </div>
                     <div>
                        <b>End time: </b>09:39:53
                     </div>
                     <div>
                        <b>Duration: </b>0 ms
                        
                     </div>
                     <div>
                        <b>Depends on methods:
                           
                        </b>
                        <div>
                               -
                           test.testPayOne.testLogin
                        </div>
                     </div>
                  </div>
               </td>
            </tr>
            <tr>
               <td colspan="4" class="detailsBox">
                  <div id="test.testPayOne_testPayOne_byStatus_skiped_SKIP21_exception"
                       class="testMethodDetails">
                     <pre style="padding: 5px; margin: 0;">java.lang.Throwable: Method testPayOne.testPayOne()[pri:0, instance:test.testPayOne@482f8f11] depends on not successfully
                        finished methods
                        	at org.testng.internal.Invoker.invokeTestMethods(Invoker.java:1033)
                        	at org.testng.internal.TestMethodWorker.invokeTestMethods(TestMethodWorker.java:125)
                        	at org.testng.internal.TestMethodWorker.run(TestMethodWorker.java:108)
                        	at java.util.concurrent.ThreadPoolExecutor.runWorker(Unknown Source)
                        	at java.util.concurrent.ThreadPoolExecutor$Worker.run(Unknown Source)
                        	at java.lang.Thread.run(Unknown Source)
                     </pre>
                  </div>
               </td>
            </tr>
            <tr id="test.testPayOne_doAfterMethod_byStatus_skiped_SKIP22_row"
                class="testMethodStatusSKIP testMethodStatusCONF">
               <td width="100%" class="firstMethodCell">
                  <a onclick="toggleDetailsVisibility('test.testPayOne_doAfterMethod_byStatus_skiped_SKIP22_details')">doAfterMethod()</a>
               </td>
               <td nowrap="true">09:39:53</td>
               <td nowrap="true" align="right">0 ms
                  
               </td>
               <td nowrap="true">
                   
                  
               </td>
            </tr>
            <tr>
               <td colspan="4" class="detailsBox">
                  <div id="test.testPayOne_doAfterMethod_byStatus_skiped_SKIP22_details"
                       class="testMethodDetails">
                     <div>
                        <b>Name: </b>doAfterMethod
                     </div>
                     <div>
                        <b>Signature: </b>doAfterMethod()[pri:0, instance:test.testPayOne@482f8f11]
                     </div>
                     <div>
                        <b>Start time: </b>09:39:53
                     </div>
                     <div>
                        <b>End time: </b>09:39:53
                     </div>
                     <div>
                        <b>Duration: </b>0 ms
                        
                     </div>
                  </div>
               </td>
            </tr>
            <tr></tr>
         </table>
      </div>
      <div id="testMethodsByClass" style="display: none;">
         <table class="testMethodsTable" cellpadding="0" cellspacing="0">
            <tr>
               <td colspan="4">
                  <h3 style="display: inline;">test.Login</h3>
               </td>
            </tr>
            <tr class="methodsTableHeader">
               <td width="100%">Name</td>
               <td nowrap="true">Started</td>
               <td nowrap="true">Duration</td>
               <td>Exception</td>
            </tr>
            <tr id="test.Login_doBeforeMethod_byClass_PASS1_row"
                class="testMethodStatusPASS testMethodStatusCONF">
               <td width="100%" class="firstMethodCell">
                  <a onclick="toggleDetailsVisibility('test.Login_doBeforeMethod_byClass_PASS1_details')">doBeforeMethod()</a>
               </td>
               <td nowrap="true">09:36:25</td>
               <td nowrap="true" align="right">53s
                  
               </td>
               <td nowrap="true">
                   
                  
               </td>
            </tr>
            <tr>
               <td colspan="4" class="detailsBox">
                  <div id="test.Login_doBeforeMethod_byClass_PASS1_details" class="testMethodDetails">
                     <div>
                        <b>Name: </b>doBeforeMethod
                     </div>
                     <div>
                        <b>Signature: </b>doBeforeMethod()[pri:0, instance:test.Login@1753acfe]
                     </div>
                     <div>
                        <b>Start time: </b>09:36:25
                     </div>
                     <div>
                        <b>End time: </b>09:37:19
                     </div>
                     <div>
                        <b>Duration: </b>53s
                        
                     </div>
                  </div>
               </td>
            </tr>
            <tr></tr>
            <tr id="test.Login_testLogin_byClass_PASS2_row" class="testMethodStatusPASS">
               <td width="100%" class="firstMethodCell">
                  <a onclick="toggleDetailsVisibility('test.Login_testLogin_byClass_PASS2_details')">testLogin()</a>
               </td>
               <td nowrap="true">09:37:19</td>
               <td nowrap="true" align="right">7s
                  
               </td>
               <td nowrap="true">
                   
                  
               </td>
            </tr>
            <tr>
               <td colspan="4" class="detailsBox">
                  <div id="test.Login_testLogin_byClass_PASS2_details" class="testMethodDetails">
                     <div>
                        <b>Name: </b>testLogin
                     </div>
                     <div>
                        <b>Signature: </b>testLogin()[pri:0, instance:test.Login@1753acfe]
                     </div>
                     <div>
                        <b>Start time: </b>09:37:19
                     </div>
                     <div>
                        <b>End time: </b>09:37:26
                     </div>
                     <div>
                        <b>Duration: </b>7s
                        
                     </div>
                  </div>
               </td>
            </tr>
            <tr></tr>
            <tr id="test.Login_doAfterMethod_byClass_PASS3_row"
                class="testMethodStatusPASS testMethodStatusCONF">
               <td width="100%" class="firstMethodCell">
                  <a onclick="toggleDetailsVisibility('test.Login_doAfterMethod_byClass_PASS3_details')">doAfterMethod()</a>
               </td>
               <td nowrap="true">09:37:26</td>
               <td nowrap="true" align="right">17s
                  
               </td>
               <td nowrap="true">
                   
                  
               </td>
            </tr>
            <tr>
               <td colspan="4" class="detailsBox">
                  <div id="test.Login_doAfterMethod_byClass_PASS3_details" class="testMethodDetails">
                     <div>
                        <b>Name: </b>doAfterMethod
                     </div>
                     <div>
                        <b>Signature: </b>doAfterMethod()[pri:0, instance:test.Login@1753acfe]
                     </div>
                     <div>
                        <b>Start time: </b>09:37:26
                     </div>
                     <div>
                        <b>End time: </b>09:37:44
                     </div>
                     <div>
                        <b>Duration: </b>17s
                        
                     </div>
                  </div>
               </td>
            </tr>
            <tr></tr>
         </table>
         <br></br>
         <table class="testMethodsTable" cellpadding="0" cellspacing="0">
            <tr>
               <td colspan="4">
                  <h3 style="display: inline;">test.testAddAddress</h3>
               </td>
            </tr>
            <tr class="methodsTableHeader">
               <td width="100%">Name</td>
               <td nowrap="true">Started</td>
               <td nowrap="true">Duration</td>
               <td>Exception</td>
            </tr>
            <tr id="test.testAddAddress_doBeforeMethod_byClass_PASS1_row"
                class="testMethodStatusPASS testMethodStatusCONF">
               <td width="100%" class="firstMethodCell">
                  <a onclick="toggleDetailsVisibility('test.testAddAddress_doBeforeMethod_byClass_PASS1_details')">doBeforeMethod()</a>
               </td>
               <td nowrap="true">09:36:25</td>
               <td nowrap="true" align="right">53s
                  
               </td>
               <td nowrap="true">
                   
                  
               </td>
            </tr>
            <tr>
               <td colspan="4" class="detailsBox">
                  <div id="test.testAddAddress_doBeforeMethod_byClass_PASS1_details"
                       class="testMethodDetails">
                     <div>
                        <b>Name: </b>doBeforeMethod
                     </div>
                     <div>
                        <b>Signature: </b>doBeforeMethod()[pri:0, instance:test.testAddAddress@7c16905e]
                     </div>
                     <div>
                        <b>Start time: </b>09:36:25
                     </div>
                     <div>
                        <b>End time: </b>09:37:19
                     </div>
                     <div>
                        <b>Duration: </b>53s
                        
                     </div>
                  </div>
               </td>
            </tr>
            <tr></tr>
            <tr id="test.testAddAddress_testLogin_byClass_PASS2_row"
                class="testMethodStatusPASS">
               <td width="100%" class="firstMethodCell">
                  <a onclick="toggleDetailsVisibility('test.testAddAddress_testLogin_byClass_PASS2_details')">testLogin()</a>
               </td>
               <td nowrap="true">09:37:19</td>
               <td nowrap="true" align="right">19s
                  
               </td>
               <td nowrap="true">
                   
                  
               </td>
            </tr>
            <tr>
               <td colspan="4" class="detailsBox">
                  <div id="test.testAddAddress_testLogin_byClass_PASS2_details"
                       class="testMethodDetails">
                     <div>
                        <b>Name: </b>testLogin
                     </div>
                     <div>
                        <b>Signature: </b>testLogin()[pri:0, instance:test.testAddAddress@7c16905e]
                     </div>
                     <div>
                        <b>Start time: </b>09:37:19
                     </div>
                     <div>
                        <b>End time: </b>09:37:39
                     </div>
                     <div>
                        <b>Duration: </b>19s
                        
                     </div>
                  </div>
               </td>
            </tr>
            <tr></tr>
            <tr id="test.testAddAddress_testAddAddress_byClass_SKIP3_row"
                class="testMethodStatusSKIP">
               <td width="100%" class="firstMethodCell">
                  <a onclick="toggleDetailsVisibility('test.testAddAddress_testAddAddress_byClass_SKIP3_details')">testAddAddress(何建一
                     
                     ,
                     
                     上海市
                     
                     ,
                     
                     上海市
                     
                     ,
                     
                     黄浦区
                     
                     ,
                     
                     邮局
                     
                     ,
                     
                     15523456654
                     
                     ,
                     
                     888999)
                  </a>
               </td>
               <td nowrap="true">09:37:50</td>
               <td nowrap="true" align="right">0 ms
                  
               </td>
               <td nowrap="true">
                   
                  
               </td>
            </tr>
            <tr>
               <td colspan="4" class="detailsBox">
                  <div id="test.testAddAddress_testAddAddress_byClass_SKIP3_details"
                       class="testMethodDetails">
                     <div>
                        <b>Name: </b>testAddAddress
                     </div>
                     <div>
                        <b>Signature: </b>testAddAddress(java.lang.String, java.lang.String, java.lang.String, java.lang.String, java.lang.String, java.lang.String,
                        java.lang.String)[pri:0, instance:test.testAddAddress@7c16905e]
                     </div>
                     <div>
                        <b>Parameters: </b>
                        
                        何建一
                        
                        ,
                        
                        上海市
                        
                        ,
                        
                        上海市
                        
                        ,
                        
                        黄浦区
                        
                        ,
                        
                        邮局
                        
                        ,
                        
                        15523456654
                        
                        ,
                        
                        888999
                        
                        
                     </div>
                     <div>
                        <b>Start time: </b>09:37:50
                     </div>
                     <div>
                        <b>End time: </b>09:37:50
                     </div>
                     <div>
                        <b>Duration: </b>0 ms
                        
                     </div>
                     <div>
                        <b>Depends on methods:
                           
                        </b>
                        <div>
                               -
                           test.testAddAddress.testLogin
                        </div>
                     </div>
                  </div>
               </td>
            </tr>
            <tr></tr>
            <tr id="test.testAddAddress_testAddAddress_byClass_SKIP4_row"
                class="testMethodStatusSKIP">
               <td width="100%" class="firstMethodCell">
                  <a onclick="toggleDetailsVisibility('test.testAddAddress_testAddAddress_byClass_SKIP4_details')">testAddAddress(马佳烁
                     
                     ,
                     
                     浙江省
                     
                     ,
                     
                     杭州市
                     
                     ,
                     
                     临安市
                     
                     ,
                     
                     40号
                     
                     ,
                     
                     18323145678
                     
                     ,
                     
                     123456)
                  </a>
               </td>
               <td nowrap="true">09:37:50</td>
               <td nowrap="true" align="right">0 ms
                  
               </td>
               <td nowrap="true">
                   
                  
               </td>
            </tr>
            <tr>
               <td colspan="4" class="detailsBox">
                  <div id="test.testAddAddress_testAddAddress_byClass_SKIP4_details"
                       class="testMethodDetails">
                     <div>
                        <b>Name: </b>testAddAddress
                     </div>
                     <div>
                        <b>Signature: </b>testAddAddress(java.lang.String, java.lang.String, java.lang.String, java.lang.String, java.lang.String, java.lang.String,
                        java.lang.String)[pri:0, instance:test.testAddAddress@7c16905e]
                     </div>
                     <div>
                        <b>Parameters: </b>
                        
                        马佳烁
                        
                        ,
                        
                        浙江省
                        
                        ,
                        
                        杭州市
                        
                        ,
                        
                        临安市
                        
                        ,
                        
                        40号
                        
                        ,
                        
                        18323145678
                        
                        ,
                        
                        123456
                        
                        
                     </div>
                     <div>
                        <b>Start time: </b>09:37:50
                     </div>
                     <div>
                        <b>End time: </b>09:37:50
                     </div>
                     <div>
                        <b>Duration: </b>0 ms
                        
                     </div>
                     <div>
                        <b>Depends on methods:
                           
                        </b>
                        <div>
                               -
                           test.testAddAddress.testLogin
                        </div>
                     </div>
                  </div>
               </td>
            </tr>
            <tr></tr>
            <tr id="test.testAddAddress_testAddAddress_byClass_SKIP5_row"
                class="testMethodStatusSKIP">
               <td width="100%" class="firstMethodCell">
                  <a onclick="toggleDetailsVisibility('test.testAddAddress_testAddAddress_byClass_SKIP5_details')">testAddAddress(张婷婷
                     
                     ,
                     
                     山东省
                     
                     ,
                     
                     济南市
                     
                     ,
                     
                     天桥区
                     
                     ,
                     
                     3号写字楼
                     
                     ,
                     
                     18032834432
                     
                     ,
                     
                     234678)
                  </a>
               </td>
               <td nowrap="true">09:37:50</td>
               <td nowrap="true" align="right">0 ms
                  
               </td>
               <td nowrap="true">
                   
                  
               </td>
            </tr>
            <tr>
               <td colspan="4" class="detailsBox">
                  <div id="test.testAddAddress_testAddAddress_byClass_SKIP5_details"
                       class="testMethodDetails">
                     <div>
                        <b>Name: </b>testAddAddress
                     </div>
                     <div>
                        <b>Signature: </b>testAddAddress(java.lang.String, java.lang.String, java.lang.String, java.lang.String, java.lang.String, java.lang.String,
                        java.lang.String)[pri:0, instance:test.testAddAddress@7c16905e]
                     </div>
                     <div>
                        <b>Parameters: </b>
                        
                        张婷婷
                        
                        ,
                        
                        山东省
                        
                        ,
                        
                        济南市
                        
                        ,
                        
                        天桥区
                        
                        ,
                        
                        3号写字楼
                        
                        ,
                        
                        18032834432
                        
                        ,
                        
                        234678
                        
                        
                     </div>
                     <div>
                        <b>Start time: </b>09:37:50
                     </div>
                     <div>
                        <b>End time: </b>09:37:50
                     </div>
                     <div>
                        <b>Duration: </b>0 ms
                        
                     </div>
                     <div>
                        <b>Depends on methods:
                           
                        </b>
                        <div>
                               -
                           test.testAddAddress.testLogin
                        </div>
                     </div>
                  </div>
               </td>
            </tr>
            <tr></tr>
            <tr id="test.testAddAddress_testAddAddress_byClass_SKIP6_row"
                class="testMethodStatusSKIP">
               <td width="100%" class="firstMethodCell">
                  <a onclick="toggleDetailsVisibility('test.testAddAddress_testAddAddress_byClass_SKIP6_details')">testAddAddress(张晓明
                     
                     ,
                     
                     黑龙江省
                     
                     ,
                     
                     哈尔滨市
                     
                     ,
                     
                     松北区
                     
                     ,
                     
                     14栋3号
                     
                     ,
                     
                     13323456789
                     
                     ,
                     
                     234554)
                  </a>
               </td>
               <td nowrap="true">09:37:50</td>
               <td nowrap="true" align="right">0 ms
                  
               </td>
               <td nowrap="true">
                   
                  
               </td>
            </tr>
            <tr>
               <td colspan="4" class="detailsBox">
                  <div id="test.testAddAddress_testAddAddress_byClass_SKIP6_details"
                       class="testMethodDetails">
                     <div>
                        <b>Name: </b>testAddAddress
                     </div>
                     <div>
                        <b>Signature: </b>testAddAddress(java.lang.String, java.lang.String, java.lang.String, java.lang.String, java.lang.String, java.lang.String,
                        java.lang.String)[pri:0, instance:test.testAddAddress@7c16905e]
                     </div>
                     <div>
                        <b>Parameters: </b>
                        
                        张晓明
                        
                        ,
                        
                        黑龙江省
                        
                        ,
                        
                        哈尔滨市
                        
                        ,
                        
                        松北区
                        
                        ,
                        
                        14栋3号
                        
                        ,
                        
                        13323456789
                        
                        ,
                        
                        234554
                        
                        
                     </div>
                     <div>
                        <b>Start time: </b>09:37:50
                     </div>
                     <div>
                        <b>End time: </b>09:37:50
                     </div>
                     <div>
                        <b>Duration: </b>0 ms
                        
                     </div>
                     <div>
                        <b>Depends on methods:
                           
                        </b>
                        <div>
                               -
                           test.testAddAddress.testLogin
                        </div>
                     </div>
                  </div>
               </td>
            </tr>
            <tr></tr>
            <tr id="test.testAddAddress_testAddAddress_byClass_SKIP7_row"
                class="testMethodStatusSKIP">
               <td width="100%" class="firstMethodCell">
                  <a onclick="toggleDetailsVisibility('test.testAddAddress_testAddAddress_byClass_SKIP7_details')">testAddAddress(李晓红
                     
                     ,
                     
                     福建省
                     
                     ,
                     
                     福州市
                     
                     ,
                     
                     鼓楼区
                     
                     ,
                     
                     2栋工业
                     
                     ,
                     
                     15532155678
                     
                     ,
                     
                     890890)
                  </a>
               </td>
               <td nowrap="true">09:37:50</td>
               <td nowrap="true" align="right">0 ms
                  
               </td>
               <td nowrap="true">
                   
                  
               </td>
            </tr>
            <tr>
               <td colspan="4" class="detailsBox">
                  <div id="test.testAddAddress_testAddAddress_byClass_SKIP7_details"
                       class="testMethodDetails">
                     <div>
                        <b>Name: </b>testAddAddress
                     </div>
                     <div>
                        <b>Signature: </b>testAddAddress(java.lang.String, java.lang.String, java.lang.String, java.lang.String, java.lang.String, java.lang.String,
                        java.lang.String)[pri:0, instance:test.testAddAddress@7c16905e]
                     </div>
                     <div>
                        <b>Parameters: </b>
                        
                        李晓红
                        
                        ,
                        
                        福建省
                        
                        ,
                        
                        福州市
                        
                        ,
                        
                        鼓楼区
                        
                        ,
                        
                        2栋工业
                        
                        ,
                        
                        15532155678
                        
                        ,
                        
                        890890
                        
                        
                     </div>
                     <div>
                        <b>Start time: </b>09:37:50
                     </div>
                     <div>
                        <b>End time: </b>09:37:50
                     </div>
                     <div>
                        <b>Duration: </b>0 ms
                        
                     </div>
                     <div>
                        <b>Depends on methods:
                           
                        </b>
                        <div>
                               -
                           test.testAddAddress.testLogin
                        </div>
                     </div>
                  </div>
               </td>
            </tr>
            <tr></tr>
            <tr id="test.testAddAddress_doAfterMethod_byClass_SKIP8_row"
                class="testMethodStatusSKIP testMethodStatusCONF">
               <td width="100%" class="firstMethodCell">
                  <a onclick="toggleDetailsVisibility('test.testAddAddress_doAfterMethod_byClass_SKIP8_details')">doAfterMethod()</a>
               </td>
               <td nowrap="true">09:37:50</td>
               <td nowrap="true" align="right">0 ms
                  
               </td>
               <td nowrap="true">
                   
                  
               </td>
            </tr>
            <tr>
               <td colspan="4" class="detailsBox">
                  <div id="test.testAddAddress_doAfterMethod_byClass_SKIP8_details"
                       class="testMethodDetails">
                     <div>
                        <b>Name: </b>doAfterMethod
                     </div>
                     <div>
                        <b>Signature: </b>doAfterMethod()[pri:0, instance:test.testAddAddress@7c16905e]
                     </div>
                     <div>
                        <b>Start time: </b>09:37:50
                     </div>
                     <div>
                        <b>End time: </b>09:37:50
                     </div>
                     <div>
                        <b>Duration: </b>0 ms
                        
                     </div>
                  </div>
               </td>
            </tr>
            <tr></tr>
         </table>
         <br></br>
         <table class="testMethodsTable" cellpadding="0" cellspacing="0">
            <tr>
               <td colspan="4">
                  <h3 style="display: inline;">test.testAddShopping</h3>
               </td>
            </tr>
            <tr class="methodsTableHeader">
               <td width="100%">Name</td>
               <td nowrap="true">Started</td>
               <td nowrap="true">Duration</td>
               <td>Exception</td>
            </tr>
            <tr id="test.testAddShopping_doBeforeMethod_byClass_PASS1_row"
                class="testMethodStatusPASS testMethodStatusCONF">
               <td width="100%" class="firstMethodCell">
                  <a onclick="toggleDetailsVisibility('test.testAddShopping_doBeforeMethod_byClass_PASS1_details')">doBeforeMethod()</a>
               </td>
               <td nowrap="true">09:36:25</td>
               <td nowrap="true" align="right">53s
                  
               </td>
               <td nowrap="true">
                   
                  
               </td>
            </tr>
            <tr>
               <td colspan="4" class="detailsBox">
                  <div id="test.testAddShopping_doBeforeMethod_byClass_PASS1_details"
                       class="testMethodDetails">
                     <div>
                        <b>Name: </b>doBeforeMethod
                     </div>
                     <div>
                        <b>Signature: </b>doBeforeMethod()[pri:0, instance:test.testAddShopping@2a2d45ba]
                     </div>
                     <div>
                        <b>Start time: </b>09:36:25
                     </div>
                     <div>
                        <b>End time: </b>09:37:19
                     </div>
                     <div>
                        <b>Duration: </b>53s
                        
                     </div>
                  </div>
               </td>
            </tr>
            <tr></tr>
            <tr id="test.testAddShopping_testLogin_byClass_PASS2_row"
                class="testMethodStatusPASS">
               <td width="100%" class="firstMethodCell">
                  <a onclick="toggleDetailsVisibility('test.testAddShopping_testLogin_byClass_PASS2_details')">testLogin()</a>
               </td>
               <td nowrap="true">09:37:19</td>
               <td nowrap="true" align="right">24s
                  
               </td>
               <td nowrap="true">
                   
                  
               </td>
            </tr>
            <tr>
               <td colspan="4" class="detailsBox">
                  <div id="test.testAddShopping_testLogin_byClass_PASS2_details"
                       class="testMethodDetails">
                     <div>
                        <b>Name: </b>testLogin
                     </div>
                     <div>
                        <b>Signature: </b>testLogin()[pri:0, instance:test.testAddShopping@2a2d45ba]
                     </div>
                     <div>
                        <b>Start time: </b>09:37:19
                     </div>
                     <div>
                        <b>End time: </b>09:37:43
                     </div>
                     <div>
                        <b>Duration: </b>24s
                        
                     </div>
                  </div>
               </td>
            </tr>
            <tr></tr>
            <tr id="test.testAddShopping_doAfterMethod_byClass_SKIP3_row"
                class="testMethodStatusSKIP testMethodStatusCONF">
               <td width="100%" class="firstMethodCell">
                  <a onclick="toggleDetailsVisibility('test.testAddShopping_doAfterMethod_byClass_SKIP3_details')">doAfterMethod()</a>
               </td>
               <td nowrap="true">09:37:50</td>
               <td nowrap="true" align="right">0 ms
                  
               </td>
               <td nowrap="true">
                   
                  
               </td>
            </tr>
            <tr>
               <td colspan="4" class="detailsBox">
                  <div id="test.testAddShopping_doAfterMethod_byClass_SKIP3_details"
                       class="testMethodDetails">
                     <div>
                        <b>Name: </b>doAfterMethod
                     </div>
                     <div>
                        <b>Signature: </b>doAfterMethod()[pri:0, instance:test.testAddShopping@2a2d45ba]
                     </div>
                     <div>
                        <b>Start time: </b>09:37:50
                     </div>
                     <div>
                        <b>End time: </b>09:37:50
                     </div>
                     <div>
                        <b>Duration: </b>0 ms
                        
                     </div>
                  </div>
               </td>
            </tr>
            <tr></tr>
            <tr id="test.testAddShopping_testAddShopping_byClass_SKIP4_row"
                class="testMethodStatusSKIP">
               <td width="100%" class="firstMethodCell">
                  <a onclick="toggleDetailsVisibility('test.testAddShopping_testAddShopping_byClass_SKIP4_details')">testAddShopping()</a>
               </td>
               <td nowrap="true">09:37:50</td>
               <td nowrap="true" align="right">0 ms
                  
               </td>
               <td nowrap="true">
                   
                  
               </td>
            </tr>
            <tr>
               <td colspan="4" class="detailsBox">
                  <div id="test.testAddShopping_testAddShopping_byClass_SKIP4_details"
                       class="testMethodDetails">
                     <div>
                        <b>Name: </b>testAddShopping
                     </div>
                     <div>
                        <b>Signature: </b>testAddShopping()[pri:0, instance:test.testAddShopping@2a2d45ba]
                     </div>
                     <div>
                        <b>Start time: </b>09:37:50
                     </div>
                     <div>
                        <b>End time: </b>09:37:50
                     </div>
                     <div>
                        <b>Duration: </b>0 ms
                        
                     </div>
                     <div>
                        <b>Depends on methods:
                           
                        </b>
                        <div>
                               -
                           test.testAddShopping.testLogin
                        </div>
                     </div>
                  </div>
               </td>
            </tr>
            <tr></tr>
         </table>
         <br></br>
         <table class="testMethodsTable" cellpadding="0" cellspacing="0">
            <tr>
               <td colspan="4">
                  <h3 style="display: inline;">test.testDeleteAddress</h3>
               </td>
            </tr>
            <tr class="methodsTableHeader">
               <td width="100%">Name</td>
               <td nowrap="true">Started</td>
               <td nowrap="true">Duration</td>
               <td>Exception</td>
            </tr>
            <tr id="test.testDeleteAddress_doBeforeMethod_byClass_PASS1_row"
                class="testMethodStatusPASS testMethodStatusCONF">
               <td width="100%" class="firstMethodCell">
                  <a onclick="toggleDetailsVisibility('test.testDeleteAddress_doBeforeMethod_byClass_PASS1_details')">doBeforeMethod()</a>
               </td>
               <td nowrap="true">09:36:25</td>
               <td nowrap="true" align="right">53s
                  
               </td>
               <td nowrap="true">
                   
                  
               </td>
            </tr>
            <tr>
               <td colspan="4" class="detailsBox">
                  <div id="test.testDeleteAddress_doBeforeMethod_byClass_PASS1_details"
                       class="testMethodDetails">
                     <div>
                        <b>Name: </b>doBeforeMethod
                     </div>
                     <div>
                        <b>Signature: </b>doBeforeMethod()[pri:0, instance:test.testDeleteAddress@2a5ca609]
                     </div>
                     <div>
                        <b>Start time: </b>09:36:25
                     </div>
                     <div>
                        <b>End time: </b>09:37:19
                     </div>
                     <div>
                        <b>Duration: </b>53s
                        
                     </div>
                  </div>
               </td>
            </tr>
            <tr></tr>
            <tr id="test.testDeleteAddress_testLogin_byClass_PASS2_row"
                class="testMethodStatusPASS">
               <td width="100%" class="firstMethodCell">
                  <a onclick="toggleDetailsVisibility('test.testDeleteAddress_testLogin_byClass_PASS2_details')">testLogin()</a>
               </td>
               <td nowrap="true">09:37:19</td>
               <td nowrap="true" align="right">7s
                  
               </td>
               <td nowrap="true">
                   
                  
               </td>
            </tr>
            <tr>
               <td colspan="4" class="detailsBox">
                  <div id="test.testDeleteAddress_testLogin_byClass_PASS2_details"
                       class="testMethodDetails">
                     <div>
                        <b>Name: </b>testLogin
                     </div>
                     <div>
                        <b>Signature: </b>testLogin()[pri:0, instance:test.testDeleteAddress@2a5ca609]
                     </div>
                     <div>
                        <b>Start time: </b>09:37:19
                     </div>
                     <div>
                        <b>End time: </b>09:37:26
                     </div>
                     <div>
                        <b>Duration: </b>7s
                        
                     </div>
                  </div>
               </td>
            </tr>
            <tr></tr>
            <tr id="test.testDeleteAddress_testDeleteAddress_byClass_PASS3_row"
                class="testMethodStatusPASS">
               <td width="100%" class="firstMethodCell">
                  <a onclick="toggleDetailsVisibility('test.testDeleteAddress_testDeleteAddress_byClass_PASS3_details')">testDeleteAddress()</a>
               </td>
               <td nowrap="true">09:37:44</td>
               <td nowrap="true" align="right">424 ms
                  
               </td>
               <td nowrap="true">
                   
                  
               </td>
            </tr>
            <tr>
               <td colspan="4" class="detailsBox">
                  <div id="test.testDeleteAddress_testDeleteAddress_byClass_PASS3_details"
                       class="testMethodDetails">
                     <div>
                        <b>Name: </b>testDeleteAddress
                     </div>
                     <div>
                        <b>Signature: </b>testDeleteAddress()[pri:0, instance:test.testDeleteAddress@2a5ca609]
                     </div>
                     <div>
                        <b>Start time: </b>09:37:44
                     </div>
                     <div>
                        <b>End time: </b>09:37:44
                     </div>
                     <div>
                        <b>Duration: </b>424 ms
                        
                     </div>
                     <div>
                        <b>Depends on methods:
                           
                        </b>
                        <div>
                               -
                           test.testDeleteAddress.testLogin
                        </div>
                     </div>
                  </div>
               </td>
            </tr>
            <tr></tr>
            <tr id="test.testDeleteAddress_doAfterMethod_byClass_FAIL4_row"
                class="testMethodStatusFAIL testMethodStatusCONF">
               <td width="100%" class="firstMethodCell">
                  <a onclick="toggleDetailsVisibility('test.testDeleteAddress_doAfterMethod_byClass_FAIL4_details')">doAfterMethod()</a>
               </td>
               <td nowrap="true">09:37:44</td>
               <td nowrap="true" align="right">0 ms
                  
               </td>
               <td nowrap="true">
                  <a onclick="toggleDetailsVisibility('test.testDeleteAddress_doAfterMethod_byClass_FAIL4_exception')">org.openqa.selenium.SessionNotCreatedException: 
                     Tried to run command without establishing a connection
                     Build info: version: '3.6.0', revision: '6fbf3ec767', time: '2017-09-27T16:15:40.131Z'
                     System info: host: '火乐乐的电脑', ip: '169.254.52.63', os.name: 'Windows 10', os.arch: 'amd64', os.version: '10.0', java.version:
                     '1.8.0_144'
                     Driver info: org.openqa.selenium.firefox.FirefoxDriver
                     Capabilities [{moz:profile=C:\Users\火乐乐\AppData\Local\Temp\rust_mozprofile.X8d1CwRdK4kg, rotatable=false, timeouts={implicit=0,
                     pageLoad=300000, script=30000}, pageLoadStrategy=normal, platform=XP, specificationLevel=0, moz:accessibilityChecks=false,
                     acceptInsecureCerts=true, browserVersion=55.0.3, platformVersion=10.0, moz:processID=1976, browserName=firefox, javascriptEnabled=true,
                     platformName=XP}]
                     Session ID: 17450c28-fa7d-4ab6-a312-9d2ae39daedc
                     
                  </a>
                   
                  
               </td>
            </tr>
            <tr>
               <td colspan="4" class="detailsBox">
                  <div id="test.testDeleteAddress_doAfterMethod_byClass_FAIL4_details"
                       class="testMethodDetails">
                     <div>
                        <b>Name: </b>doAfterMethod
                     </div>
                     <div>
                        <b>Signature: </b>doAfterMethod()[pri:0, instance:test.testDeleteAddress@2a5ca609]
                     </div>
                     <div>
                        <b>Start time: </b>09:37:44
                     </div>
                     <div>
                        <b>End time: </b>09:37:44
                     </div>
                     <div>
                        <b>Duration: </b>0 ms
                        
                     </div>
                  </div>
               </td>
            </tr>
            <tr>
               <td colspan="4" class="detailsBox">
                  <div id="test.testDeleteAddress_doAfterMethod_byClass_FAIL4_exception"
                       class="testMethodDetails">
                     <pre style="padding: 5px; margin: 0;">org.openqa.selenium.SessionNotCreatedException: Tried to run command without establishing a connection
                        Build info: version: '3.6.0', revision: '6fbf3ec767', time: '2017-09-27T16:15:40.131Z'
                        System info: host: '火乐乐的电脑', ip: '169.254.52.63', os.name: 'Windows 10', os.arch: 'amd64', os.version: '10.0', java.version:
                        '1.8.0_144'
                        Driver info: org.openqa.selenium.firefox.FirefoxDriver
                        Capabilities [{moz:profile=C:\Users\火乐乐\AppData\Local\Temp\rust_mozprofile.X8d1CwRdK4kg, rotatable=false, timeouts={implicit=0,
                        pageLoad=300000, script=30000}, pageLoadStrategy=normal, platform=XP, specificationLevel=0, moz:accessibilityChecks=false,
                        acceptInsecureCerts=true, browserVersion=55.0.3, platformVersion=10.0, moz:processID=1976, browserName=firefox, javascriptEnabled=true,
                        platformName=XP}]
                        Session ID: 17450c28-fa7d-4ab6-a312-9d2ae39daedc
                        	at sun.reflect.NativeConstructorAccessorImpl.newInstance0(Native Method)
                        	at sun.reflect.NativeConstructorAccessorImpl.newInstance(Unknown Source)
                        	at sun.reflect.DelegatingConstructorAccessorImpl.newInstance(Unknown Source)
                        	at java.lang.reflect.Constructor.newInstance(Unknown Source)
                        	at org.openqa.selenium.remote.http.W3CHttpResponseCodec.createException(W3CHttpResponseCodec.java:185)
                        	at org.openqa.selenium.remote.http.W3CHttpResponseCodec.decode(W3CHttpResponseCodec.java:120)
                        	at org.openqa.selenium.remote.http.W3CHttpResponseCodec.decode(W3CHttpResponseCodec.java:49)
                        	at org.openqa.selenium.remote.HttpCommandExecutor.execute(HttpCommandExecutor.java:164)
                        	at org.openqa.selenium.remote.service.DriverCommandExecutor.execute(DriverCommandExecutor.java:83)
                        	at org.openqa.selenium.remote.RemoteWebDriver.execute(RemoteWebDriver.java:586)
                        	at org.openqa.selenium.remote.RemoteWebDriver.execute(RemoteWebDriver.java:643)
                        	at org.openqa.selenium.remote.RemoteWebDriver.quit(RemoteWebDriver.java:482)
                        	at com.webtest.core.BaseTest.doAfterMethod(BaseTest.java:151)
                        	at sun.reflect.NativeMethodAccessorImpl.invoke0(Native Method)
                        	at sun.reflect.NativeMethodAccessorImpl.invoke(Unknown Source)
                        	at sun.reflect.DelegatingMethodAccessorImpl.invoke(Unknown Source)
                        	at java.lang.reflect.Method.invoke(Unknown Source)
                        	at org.testng.internal.MethodInvocationHelper.invokeMethod(MethodInvocationHelper.java:85)
                        	at org.testng.internal.Invoker.invokeConfigurationMethod(Invoker.java:510)
                        	at org.testng.internal.Invoker.invokeConfigurations(Invoker.java:211)
                        	at org.testng.internal.Invoker.invokeConfigurations(Invoker.java:138)
                        	at org.testng.internal.TestMethodWorker.invokeAfterClassMethods(TestMethodWorker.java:220)
                        	at org.testng.internal.TestMethodWorker.run(TestMethodWorker.java:111)
                        	at java.util.concurrent.ThreadPoolExecutor.runWorker(Unknown Source)
                        	at java.util.concurrent.ThreadPoolExecutor$Worker.run(Unknown Source)
                        	at java.lang.Thread.run(Unknown Source)
                     </pre>
                  </div>
               </td>
            </tr>
         </table>
         <br></br>
         <table class="testMethodsTable" cellpadding="0" cellspacing="0">
            <tr>
               <td colspan="4">
                  <h3 style="display: inline;">test.testDeleteShopping</h3>
               </td>
            </tr>
            <tr class="methodsTableHeader">
               <td width="100%">Name</td>
               <td nowrap="true">Started</td>
               <td nowrap="true">Duration</td>
               <td>Exception</td>
            </tr>
            <tr id="test.testDeleteShopping_doBeforeMethod_byClass_PASS1_row"
                class="testMethodStatusPASS testMethodStatusCONF">
               <td width="100%" class="firstMethodCell">
                  <a onclick="toggleDetailsVisibility('test.testDeleteShopping_doBeforeMethod_byClass_PASS1_details')">doBeforeMethod()</a>
               </td>
               <td nowrap="true">09:36:25</td>
               <td nowrap="true" align="right">53s
                  
               </td>
               <td nowrap="true">
                   
                  
               </td>
            </tr>
            <tr>
               <td colspan="4" class="detailsBox">
                  <div id="test.testDeleteShopping_doBeforeMethod_byClass_PASS1_details"
                       class="testMethodDetails">
                     <div>
                        <b>Name: </b>doBeforeMethod
                     </div>
                     <div>
                        <b>Signature: </b>doBeforeMethod()[pri:0, instance:test.testDeleteShopping@20e2cbe0]
                     </div>
                     <div>
                        <b>Start time: </b>09:36:25
                     </div>
                     <div>
                        <b>End time: </b>09:37:19
                     </div>
                     <div>
                        <b>Duration: </b>53s
                        
                     </div>
                  </div>
               </td>
            </tr>
            <tr></tr>
            <tr id="test.testDeleteShopping_testLogin_byClass_PASS2_row"
                class="testMethodStatusPASS">
               <td width="100%" class="firstMethodCell">
                  <a onclick="toggleDetailsVisibility('test.testDeleteShopping_testLogin_byClass_PASS2_details')">testLogin()</a>
               </td>
               <td nowrap="true">09:37:19</td>
               <td nowrap="true" align="right">19s
                  
               </td>
               <td nowrap="true">
                   
                  
               </td>
            </tr>
            <tr>
               <td colspan="4" class="detailsBox">
                  <div id="test.testDeleteShopping_testLogin_byClass_PASS2_details"
                       class="testMethodDetails">
                     <div>
                        <b>Name: </b>testLogin
                     </div>
                     <div>
                        <b>Signature: </b>testLogin()[pri:0, instance:test.testDeleteShopping@20e2cbe0]
                     </div>
                     <div>
                        <b>Start time: </b>09:37:19
                     </div>
                     <div>
                        <b>End time: </b>09:37:39
                     </div>
                     <div>
                        <b>Duration: </b>19s
                        
                     </div>
                  </div>
               </td>
            </tr>
            <tr></tr>
            <tr id="test.testDeleteShopping_testDeleteShopping_byClass_SKIP3_row"
                class="testMethodStatusSKIP">
               <td width="100%" class="firstMethodCell">
                  <a onclick="toggleDetailsVisibility('test.testDeleteShopping_testDeleteShopping_byClass_SKIP3_details')">testDeleteShopping()</a>
               </td>
               <td nowrap="true">09:37:50</td>
               <td nowrap="true" align="right">0 ms
                  
               </td>
               <td nowrap="true">
                   
                  
               </td>
            </tr>
            <tr>
               <td colspan="4" class="detailsBox">
                  <div id="test.testDeleteShopping_testDeleteShopping_byClass_SKIP3_details"
                       class="testMethodDetails">
                     <div>
                        <b>Name: </b>testDeleteShopping
                     </div>
                     <div>
                        <b>Signature: </b>testDeleteShopping()[pri:0, instance:test.testDeleteShopping@20e2cbe0]
                     </div>
                     <div>
                        <b>Start time: </b>09:37:50
                     </div>
                     <div>
                        <b>End time: </b>09:37:50
                     </div>
                     <div>
                        <b>Duration: </b>0 ms
                        
                     </div>
                     <div>
                        <b>Depends on methods:
                           
                        </b>
                        <div>
                               -
                           test.testDeleteShopping.testLogin
                        </div>
                     </div>
                  </div>
               </td>
            </tr>
            <tr></tr>
            <tr id="test.testDeleteShopping_doAfterMethod_byClass_SKIP4_row"
                class="testMethodStatusSKIP testMethodStatusCONF">
               <td width="100%" class="firstMethodCell">
                  <a onclick="toggleDetailsVisibility('test.testDeleteShopping_doAfterMethod_byClass_SKIP4_details')">doAfterMethod()</a>
               </td>
               <td nowrap="true">09:37:50</td>
               <td nowrap="true" align="right">0 ms
                  
               </td>
               <td nowrap="true">
                   
                  
               </td>
            </tr>
            <tr>
               <td colspan="4" class="detailsBox">
                  <div id="test.testDeleteShopping_doAfterMethod_byClass_SKIP4_details"
                       class="testMethodDetails">
                     <div>
                        <b>Name: </b>doAfterMethod
                     </div>
                     <div>
                        <b>Signature: </b>doAfterMethod()[pri:0, instance:test.testDeleteShopping@20e2cbe0]
                     </div>
                     <div>
                        <b>Start time: </b>09:37:50
                     </div>
                     <div>
                        <b>End time: </b>09:37:50
                     </div>
                     <div>
                        <b>Duration: </b>0 ms
                        
                     </div>
                  </div>
               </td>
            </tr>
            <tr></tr>
         </table>
         <br></br>
         <table class="testMethodsTable" cellpadding="0" cellspacing="0">
            <tr>
               <td colspan="4">
                  <h3 style="display: inline;">test.testMassage</h3>
               </td>
            </tr>
            <tr class="methodsTableHeader">
               <td width="100%">Name</td>
               <td nowrap="true">Started</td>
               <td nowrap="true">Duration</td>
               <td>Exception</td>
            </tr>
            <tr id="test.testMassage_doBeforeMethod_byClass_PASS1_row"
                class="testMethodStatusPASS testMethodStatusCONF">
               <td width="100%" class="firstMethodCell">
                  <a onclick="toggleDetailsVisibility('test.testMassage_doBeforeMethod_byClass_PASS1_details')">doBeforeMethod()</a>
               </td>
               <td nowrap="true">09:37:26</td>
               <td nowrap="true" align="right">1m
                  20s
                  
               </td>
               <td nowrap="true">
                   
                  
               </td>
            </tr>
            <tr>
               <td colspan="4" class="detailsBox">
                  <div id="test.testMassage_doBeforeMethod_byClass_PASS1_details"
                       class="testMethodDetails">
                     <div>
                        <b>Name: </b>doBeforeMethod
                     </div>
                     <div>
                        <b>Signature: </b>doBeforeMethod()[pri:0, instance:test.testMassage@68be2bc2]
                     </div>
                     <div>
                        <b>Start time: </b>09:37:26
                     </div>
                     <div>
                        <b>End time: </b>09:38:47
                     </div>
                     <div>
                        <b>Duration: </b>1m
                        20s
                        
                     </div>
                  </div>
               </td>
            </tr>
            <tr></tr>
            <tr id="test.testMassage_testLogin_byClass_SKIP2_row" class="testMethodStatusSKIP">
               <td width="100%" class="firstMethodCell">
                  <a onclick="toggleDetailsVisibility('test.testMassage_testLogin_byClass_SKIP2_details')">testLogin()</a>
               </td>
               <td nowrap="true">09:38:47</td>
               <td nowrap="true" align="right">0 ms
                  
               </td>
               <td nowrap="true">
                   
                  
               </td>
            </tr>
            <tr>
               <td colspan="4" class="detailsBox">
                  <div id="test.testMassage_testLogin_byClass_SKIP2_details" class="testMethodDetails">
                     <div>
                        <b>Name: </b>testLogin
                     </div>
                     <div>
                        <b>Signature: </b>testLogin()[pri:0, instance:test.testMassage@68be2bc2]
                     </div>
                     <div>
                        <b>Start time: </b>09:38:47
                     </div>
                     <div>
                        <b>End time: </b>09:38:47
                     </div>
                     <div>
                        <b>Duration: </b>0 ms
                        
                     </div>
                  </div>
               </td>
            </tr>
            <tr></tr>
            <tr id="test.testMassage_testAddMessage_byClass_SKIP3_row"
                class="testMethodStatusSKIP">
               <td width="100%" class="firstMethodCell">
                  <a onclick="toggleDetailsVisibility('test.testMassage_testAddMessage_byClass_SKIP3_details')">testAddMessage()</a>
               </td>
               <td nowrap="true">09:38:47</td>
               <td nowrap="true" align="right">0 ms
                  
               </td>
               <td nowrap="true">
                  <a onclick="toggleDetailsVisibility('test.testMassage_testAddMessage_byClass_SKIP3_exception')">java.lang.Throwable: 
                     Method testMassage.testAddMessage(java.lang.String, java.lang.String, java.lang.String, java.lang.String, java.lang.String)[pri:0,
                     instance:test.testMassage@68be2bc2] depends on not successfully finished methods
                     
                  </a>
                   
                  
               </td>
            </tr>
            <tr>
               <td colspan="4" class="detailsBox">
                  <div id="test.testMassage_testAddMessage_byClass_SKIP3_details"
                       class="testMethodDetails">
                     <div>
                        <b>Name: </b>testAddMessage
                     </div>
                     <div>
                        <b>Signature: </b>testAddMessage(java.lang.String, java.lang.String, java.lang.String, java.lang.String, java.lang.String)[pri:0, instance:test.testMassage@68be2bc2]
                     </div>
                     <div>
                        <b>Start time: </b>09:38:47
                     </div>
                     <div>
                        <b>End time: </b>09:38:47
                     </div>
                     <div>
                        <b>Duration: </b>0 ms
                        
                     </div>
                     <div>
                        <b>Depends on methods:
                           
                        </b>
                        <div>
                               -
                           test.testMassage.testLogin
                        </div>
                     </div>
                  </div>
               </td>
            </tr>
            <tr>
               <td colspan="4" class="detailsBox">
                  <div id="test.testMassage_testAddMessage_byClass_SKIP3_exception"
                       class="testMethodDetails">
                     <pre style="padding: 5px; margin: 0;">java.lang.Throwable: Method testMassage.testAddMessage(java.lang.String, java.lang.String, java.lang.String, java.lang.String,
                        java.lang.String)[pri:0, instance:test.testMassage@68be2bc2] depends on not successfully finished methods
                        	at org.testng.internal.Invoker.invokeTestMethods(Invoker.java:1033)
                        	at org.testng.internal.TestMethodWorker.invokeTestMethods(TestMethodWorker.java:125)
                        	at org.testng.internal.TestMethodWorker.run(TestMethodWorker.java:108)
                        	at java.util.concurrent.ThreadPoolExecutor.runWorker(Unknown Source)
                        	at java.util.concurrent.ThreadPoolExecutor$Worker.run(Unknown Source)
                        	at java.lang.Thread.run(Unknown Source)
                     </pre>
                  </div>
               </td>
            </tr>
            <tr id="test.testMassage_doAfterMethod_byClass_SKIP4_row"
                class="testMethodStatusSKIP testMethodStatusCONF">
               <td width="100%" class="firstMethodCell">
                  <a onclick="toggleDetailsVisibility('test.testMassage_doAfterMethod_byClass_SKIP4_details')">doAfterMethod()</a>
               </td>
               <td nowrap="true">09:38:47</td>
               <td nowrap="true" align="right">0 ms
                  
               </td>
               <td nowrap="true">
                   
                  
               </td>
            </tr>
            <tr>
               <td colspan="4" class="detailsBox">
                  <div id="test.testMassage_doAfterMethod_byClass_SKIP4_details"
                       class="testMethodDetails">
                     <div>
                        <b>Name: </b>doAfterMethod
                     </div>
                     <div>
                        <b>Signature: </b>doAfterMethod()[pri:0, instance:test.testMassage@68be2bc2]
                     </div>
                     <div>
                        <b>Start time: </b>09:38:47
                     </div>
                     <div>
                        <b>End time: </b>09:38:47
                     </div>
                     <div>
                        <b>Duration: </b>0 ms
                        
                     </div>
                  </div>
               </td>
            </tr>
            <tr></tr>
         </table>
         <br></br>
         <table class="testMethodsTable" cellpadding="0" cellspacing="0">
            <tr>
               <td colspan="4">
                  <h3 style="display: inline;">test.testPayAll</h3>
               </td>
            </tr>
            <tr class="methodsTableHeader">
               <td width="100%">Name</td>
               <td nowrap="true">Started</td>
               <td nowrap="true">Duration</td>
               <td>Exception</td>
            </tr>
            <tr id="test.testPayAll_doBeforeMethod_byClass_FAIL1_row"
                class="testMethodStatusFAIL testMethodStatusCONF">
               <td width="100%" class="firstMethodCell">
                  <a onclick="toggleDetailsVisibility('test.testPayAll_doBeforeMethod_byClass_FAIL1_details')">doBeforeMethod()</a>
               </td>
               <td nowrap="true">09:37:39</td>
               <td nowrap="true" align="right">0 ms
                  
               </td>
               <td nowrap="true">
                  <a onclick="toggleDetailsVisibility('test.testPayAll_doBeforeMethod_byClass_FAIL1_exception')">org.openqa.selenium.WebDriverException: 
                     Process unexpectedly closed with status: 0
                     Build info: version: '3.6.0', revision: '6fbf3ec767', time: '2017-09-27T16:15:40.131Z'
                     System info: host: '火乐乐的电脑', ip: '169.254.52.63', os.name: 'Windows 10', os.arch: 'amd64', os.version: '10.0', java.version:
                     '1.8.0_144'
                     Driver info: driver.version: FirefoxDriver
                     remote stacktrace: stack backtrace:
                     0:           0x4821c4 - &lt;no info&gt;
                     1:           0x482933 - &lt;no info&gt;
                     2:           0x445159 - &lt;no info&gt;
                     3:           0x44c838 - &lt;no info&gt;
                     4:           0x43026a - &lt;no info&gt;
                     5:           0x40ba4e - &lt;no info&gt;
                     6:           0x4119b9 - &lt;no info&gt;
                     7:           0x6d2c89 - &lt;no info&gt;
                     8:           0x426006 - &lt;no info&gt;
                     9:           0x6cd490 - &lt;no info&gt;
                     10:     0x7ffa48bd8364 - BaseThreadInitThunk
                     
                  </a>
                   
                  
               </td>
            </tr>
            <tr>
               <td colspan="4" class="detailsBox">
                  <div id="test.testPayAll_doBeforeMethod_byClass_FAIL1_details"
                       class="testMethodDetails">
                     <div>
                        <b>Name: </b>doBeforeMethod
                     </div>
                     <div>
                        <b>Signature: </b>doBeforeMethod()[pri:0, instance:test.testPayAll@675d3402]
                     </div>
                     <div>
                        <b>Start time: </b>09:37:39
                     </div>
                     <div>
                        <b>End time: </b>09:37:39
                     </div>
                     <div>
                        <b>Duration: </b>0 ms
                        
                     </div>
                  </div>
               </td>
            </tr>
            <tr>
               <td colspan="4" class="detailsBox">
                  <div id="test.testPayAll_doBeforeMethod_byClass_FAIL1_exception"
                       class="testMethodDetails">
                     <pre style="padding: 5px; margin: 0;">org.openqa.selenium.WebDriverException: Process unexpectedly closed with status: 0
                        Build info: version: '3.6.0', revision: '6fbf3ec767', time: '2017-09-27T16:15:40.131Z'
                        System info: host: '火乐乐的电脑', ip: '169.254.52.63', os.name: 'Windows 10', os.arch: 'amd64', os.version: '10.0', java.version:
                        '1.8.0_144'
                        Driver info: driver.version: FirefoxDriver
                        remote stacktrace: stack backtrace:
                        0:           0x4821c4 - &lt;no info&gt;
                        1:           0x482933 - &lt;no info&gt;
                        2:           0x445159 - &lt;no info&gt;
                        3:           0x44c838 - &lt;no info&gt;
                        4:           0x43026a - &lt;no info&gt;
                        5:           0x40ba4e - &lt;no info&gt;
                        6:           0x4119b9 - &lt;no info&gt;
                        7:           0x6d2c89 - &lt;no info&gt;
                        8:           0x426006 - &lt;no info&gt;
                        9:           0x6cd490 - &lt;no info&gt;
                        10:     0x7ffa48bd8364 - BaseThreadInitThunk
                        	at sun.reflect.NativeConstructorAccessorImpl.newInstance0(Native Method)
                        	at sun.reflect.NativeConstructorAccessorImpl.newInstance(Unknown Source)
                        	at sun.reflect.DelegatingConstructorAccessorImpl.newInstance(Unknown Source)
                        	at java.lang.reflect.Constructor.newInstance(Unknown Source)
                        	at org.openqa.selenium.remote.W3CHandshakeResponse.lambda$new$0(W3CHandshakeResponse.java:57)
                        	at org.openqa.selenium.remote.W3CHandshakeResponse.lambda$getResponseFunction$2(W3CHandshakeResponse.java:104)
                        	at org.openqa.selenium.remote.ProtocolHandshake.lambda$createSession$24(ProtocolHandshake.java:359)
                        	at java.util.stream.ReferencePipeline$3$1.accept(Unknown Source)
                        	at java.util.Spliterators$ArraySpliterator.tryAdvance(Unknown Source)
                        	at java.util.stream.ReferencePipeline.forEachWithCancel(Unknown Source)
                        	at java.util.stream.AbstractPipeline.copyIntoWithCancel(Unknown Source)
                        	at java.util.stream.AbstractPipeline.copyInto(Unknown Source)
                        	at java.util.stream.AbstractPipeline.wrapAndCopyInto(Unknown Source)
                        	at java.util.stream.FindOps$FindOp.evaluateSequential(Unknown Source)
                        	at java.util.stream.AbstractPipeline.evaluate(Unknown Source)
                        	at java.util.stream.ReferencePipeline.findFirst(Unknown Source)
                        	at org.openqa.selenium.remote.ProtocolHandshake.createSession(ProtocolHandshake.java:362)
                        	at org.openqa.selenium.remote.ProtocolHandshake.createSession(ProtocolHandshake.java:136)
                        	at org.openqa.selenium.remote.HttpCommandExecutor.execute(HttpCommandExecutor.java:142)
                        	at org.openqa.selenium.remote.service.DriverCommandExecutor.execute(DriverCommandExecutor.java:83)
                        	at org.openqa.selenium.remote.RemoteWebDriver.execute(RemoteWebDriver.java:586)
                        	at org.openqa.selenium.remote.RemoteWebDriver.startSession(RemoteWebDriver.java:217)
                        	at org.openqa.selenium.remote.RemoteWebDriver.&lt;init&gt;(RemoteWebDriver.java:140)
                        	at org.openqa.selenium.firefox.FirefoxDriver.&lt;init&gt;(FirefoxDriver.java:120)
                        	at org.openqa.selenium.firefox.FirefoxDriver.&lt;init&gt;(FirefoxDriver.java:98)
                        	at com.webtest.core.BaseTest.newWebDriver(BaseTest.java:50)
                        	at com.webtest.core.BaseTest.doBeforeMethod(BaseTest.java:136)
                        	at sun.reflect.NativeMethodAccessorImpl.invoke0(Native Method)
                        	at sun.reflect.NativeMethodAccessorImpl.invoke(Unknown Source)
                        	at sun.reflect.DelegatingMethodAccessorImpl.invoke(Unknown Source)
                        	at java.lang.reflect.Method.invoke(Unknown Source)
                        	at org.testng.internal.MethodInvocationHelper.invokeMethod(MethodInvocationHelper.java:85)
                        	at org.testng.internal.Invoker.invokeConfigurationMethod(Invoker.java:510)
                        	at org.testng.internal.Invoker.invokeConfigurations(Invoker.java:211)
                        	at org.testng.internal.Invoker.invokeConfigurations(Invoker.java:138)
                        	at org.testng.internal.TestMethodWorker.invokeBeforeClassMethods(TestMethodWorker.java:170)
                        	at org.testng.internal.TestMethodWorker.run(TestMethodWorker.java:104)
                        	at java.util.concurrent.ThreadPoolExecutor.runWorker(Unknown Source)
                        	at java.util.concurrent.ThreadPoolExecutor$Worker.run(Unknown Source)
                        	at java.lang.Thread.run(Unknown Source)
                     </pre>
                  </div>
               </td>
            </tr>
            <tr id="test.testPayAll_testLogin_byClass_SKIP2_row" class="testMethodStatusSKIP">
               <td width="100%" class="firstMethodCell">
                  <a onclick="toggleDetailsVisibility('test.testPayAll_testLogin_byClass_SKIP2_details')">testLogin()</a>
               </td>
               <td nowrap="true">09:39:52</td>
               <td nowrap="true" align="right">2 ms
                  
               </td>
               <td nowrap="true">
                   
                  
               </td>
            </tr>
            <tr>
               <td colspan="4" class="detailsBox">
                  <div id="test.testPayAll_testLogin_byClass_SKIP2_details" class="testMethodDetails">
                     <div>
                        <b>Name: </b>testLogin
                     </div>
                     <div>
                        <b>Signature: </b>testLogin()[pri:0, instance:test.testPayAll@675d3402]
                     </div>
                     <div>
                        <b>Start time: </b>09:39:52
                     </div>
                     <div>
                        <b>End time: </b>09:39:52
                     </div>
                     <div>
                        <b>Duration: </b>2 ms
                        
                     </div>
                  </div>
               </td>
            </tr>
            <tr></tr>
            <tr id="test.testPayAll_testPayAll_byClass_SKIP3_row" class="testMethodStatusSKIP">
               <td width="100%" class="firstMethodCell">
                  <a onclick="toggleDetailsVisibility('test.testPayAll_testPayAll_byClass_SKIP3_details')">testPayAll()</a>
               </td>
               <td nowrap="true">09:39:52</td>
               <td nowrap="true" align="right">0 ms
                  
               </td>
               <td nowrap="true">
                  <a onclick="toggleDetailsVisibility('test.testPayAll_testPayAll_byClass_SKIP3_exception')">java.lang.Throwable: 
                     Method testPayAll.testPayAll()[pri:0, instance:test.testPayAll@675d3402] depends on not successfully finished methods
                     
                  </a>
                   
                  
               </td>
            </tr>
            <tr>
               <td colspan="4" class="detailsBox">
                  <div id="test.testPayAll_testPayAll_byClass_SKIP3_details" class="testMethodDetails">
                     <div>
                        <b>Name: </b>testPayAll
                     </div>
                     <div>
                        <b>Signature: </b>testPayAll()[pri:0, instance:test.testPayAll@675d3402]
                     </div>
                     <div>
                        <b>Start time: </b>09:39:52
                     </div>
                     <div>
                        <b>End time: </b>09:39:52
                     </div>
                     <div>
                        <b>Duration: </b>0 ms
                        
                     </div>
                     <div>
                        <b>Depends on methods:
                           
                        </b>
                        <div>
                               -
                           test.testPayAll.testLogin
                        </div>
                     </div>
                  </div>
               </td>
            </tr>
            <tr>
               <td colspan="4" class="detailsBox">
                  <div id="test.testPayAll_testPayAll_byClass_SKIP3_exception"
                       class="testMethodDetails">
                     <pre style="padding: 5px; margin: 0;">java.lang.Throwable: Method testPayAll.testPayAll()[pri:0, instance:test.testPayAll@675d3402] depends on not successfully
                        finished methods
                        	at org.testng.internal.Invoker.invokeTestMethods(Invoker.java:1033)
                        	at org.testng.internal.TestMethodWorker.invokeTestMethods(TestMethodWorker.java:125)
                        	at org.testng.internal.TestMethodWorker.run(TestMethodWorker.java:108)
                        	at java.util.concurrent.ThreadPoolExecutor.runWorker(Unknown Source)
                        	at java.util.concurrent.ThreadPoolExecutor$Worker.run(Unknown Source)
                        	at java.lang.Thread.run(Unknown Source)
                     </pre>
                  </div>
               </td>
            </tr>
            <tr id="test.testPayAll_doAfterMethod_byClass_SKIP4_row"
                class="testMethodStatusSKIP testMethodStatusCONF">
               <td width="100%" class="firstMethodCell">
                  <a onclick="toggleDetailsVisibility('test.testPayAll_doAfterMethod_byClass_SKIP4_details')">doAfterMethod()</a>
               </td>
               <td nowrap="true">09:39:52</td>
               <td nowrap="true" align="right">0 ms
                  
               </td>
               <td nowrap="true">
                   
                  
               </td>
            </tr>
            <tr>
               <td colspan="4" class="detailsBox">
                  <div id="test.testPayAll_doAfterMethod_byClass_SKIP4_details"
                       class="testMethodDetails">
                     <div>
                        <b>Name: </b>doAfterMethod
                     </div>
                     <div>
                        <b>Signature: </b>doAfterMethod()[pri:0, instance:test.testPayAll@675d3402]
                     </div>
                     <div>
                        <b>Start time: </b>09:39:52
                     </div>
                     <div>
                        <b>End time: </b>09:39:52
                     </div>
                     <div>
                        <b>Duration: </b>0 ms
                        
                     </div>
                  </div>
               </td>
            </tr>
            <tr></tr>
         </table>
         <br></br>
         <table class="testMethodsTable" cellpadding="0" cellspacing="0">
            <tr>
               <td colspan="4">
                  <h3 style="display: inline;">test.testPayNone</h3>
               </td>
            </tr>
            <tr class="methodsTableHeader">
               <td width="100%">Name</td>
               <td nowrap="true">Started</td>
               <td nowrap="true">Duration</td>
               <td>Exception</td>
            </tr>
            <tr id="test.testPayNone_doBeforeMethod_byClass_FAIL1_row"
                class="testMethodStatusFAIL testMethodStatusCONF">
               <td width="100%" class="firstMethodCell">
                  <a onclick="toggleDetailsVisibility('test.testPayNone_doBeforeMethod_byClass_FAIL1_details')">doBeforeMethod()</a>
               </td>
               <td nowrap="true">09:37:39</td>
               <td nowrap="true" align="right">0 ms
                  
               </td>
               <td nowrap="true">
                  <a onclick="toggleDetailsVisibility('test.testPayNone_doBeforeMethod_byClass_FAIL1_exception')">org.openqa.selenium.WebDriverException: 
                     Failed to decode response from marionette
                     Build info: version: '3.6.0', revision: '6fbf3ec767', time: '2017-09-27T16:15:40.131Z'
                     System info: host: '火乐乐的电脑', ip: '169.254.52.63', os.name: 'Windows 10', os.arch: 'amd64', os.version: '10.0', java.version:
                     '1.8.0_144'
                     Driver info: driver.version: FirefoxDriver
                     remote stacktrace: stack backtrace:
                     0:           0x4821c4 - &lt;no info&gt;
                     1:           0x482933 - &lt;no info&gt;
                     2:           0x445281 - &lt;no info&gt;
                     3:           0x43127e - &lt;no info&gt;
                     4:           0x40ba4e - &lt;no info&gt;
                     5:           0x4119b9 - &lt;no info&gt;
                     6:           0x6d2c89 - &lt;no info&gt;
                     7:           0x426006 - &lt;no info&gt;
                     8:           0x6cd490 - &lt;no info&gt;
                     9:     0x7ffa48bd8364 - BaseThreadInitThunk
                     
                  </a>
                   
                  
               </td>
            </tr>
            <tr>
               <td colspan="4" class="detailsBox">
                  <div id="test.testPayNone_doBeforeMethod_byClass_FAIL1_details"
                       class="testMethodDetails">
                     <div>
                        <b>Name: </b>doBeforeMethod
                     </div>
                     <div>
                        <b>Signature: </b>doBeforeMethod()[pri:0, instance:test.testPayNone@51565ec2]
                     </div>
                     <div>
                        <b>Start time: </b>09:37:39
                     </div>
                     <div>
                        <b>End time: </b>09:37:39
                     </div>
                     <div>
                        <b>Duration: </b>0 ms
                        
                     </div>
                  </div>
               </td>
            </tr>
            <tr>
               <td colspan="4" class="detailsBox">
                  <div id="test.testPayNone_doBeforeMethod_byClass_FAIL1_exception"
                       class="testMethodDetails">
                     <pre style="padding: 5px; margin: 0;">org.openqa.selenium.WebDriverException: Failed to decode response from marionette
                        Build info: version: '3.6.0', revision: '6fbf3ec767', time: '2017-09-27T16:15:40.131Z'
                        System info: host: '火乐乐的电脑', ip: '169.254.52.63', os.name: 'Windows 10', os.arch: 'amd64', os.version: '10.0', java.version:
                        '1.8.0_144'
                        Driver info: driver.version: FirefoxDriver
                        remote stacktrace: stack backtrace:
                        0:           0x4821c4 - &lt;no info&gt;
                        1:           0x482933 - &lt;no info&gt;
                        2:           0x445281 - &lt;no info&gt;
                        3:           0x43127e - &lt;no info&gt;
                        4:           0x40ba4e - &lt;no info&gt;
                        5:           0x4119b9 - &lt;no info&gt;
                        6:           0x6d2c89 - &lt;no info&gt;
                        7:           0x426006 - &lt;no info&gt;
                        8:           0x6cd490 - &lt;no info&gt;
                        9:     0x7ffa48bd8364 - BaseThreadInitThunk
                        	at sun.reflect.NativeConstructorAccessorImpl.newInstance0(Native Method)
                        	at sun.reflect.NativeConstructorAccessorImpl.newInstance(Unknown Source)
                        	at sun.reflect.DelegatingConstructorAccessorImpl.newInstance(Unknown Source)
                        	at java.lang.reflect.Constructor.newInstance(Unknown Source)
                        	at org.openqa.selenium.remote.W3CHandshakeResponse.lambda$new$0(W3CHandshakeResponse.java:57)
                        	at org.openqa.selenium.remote.W3CHandshakeResponse.lambda$getResponseFunction$2(W3CHandshakeResponse.java:104)
                        	at org.openqa.selenium.remote.ProtocolHandshake.lambda$createSession$24(ProtocolHandshake.java:359)
                        	at java.util.stream.ReferencePipeline$3$1.accept(Unknown Source)
                        	at java.util.Spliterators$ArraySpliterator.tryAdvance(Unknown Source)
                        	at java.util.stream.ReferencePipeline.forEachWithCancel(Unknown Source)
                        	at java.util.stream.AbstractPipeline.copyIntoWithCancel(Unknown Source)
                        	at java.util.stream.AbstractPipeline.copyInto(Unknown Source)
                        	at java.util.stream.AbstractPipeline.wrapAndCopyInto(Unknown Source)
                        	at java.util.stream.FindOps$FindOp.evaluateSequential(Unknown Source)
                        	at java.util.stream.AbstractPipeline.evaluate(Unknown Source)
                        	at java.util.stream.ReferencePipeline.findFirst(Unknown Source)
                        	at org.openqa.selenium.remote.ProtocolHandshake.createSession(ProtocolHandshake.java:362)
                        	at org.openqa.selenium.remote.ProtocolHandshake.createSession(ProtocolHandshake.java:136)
                        	at org.openqa.selenium.remote.HttpCommandExecutor.execute(HttpCommandExecutor.java:142)
                        	at org.openqa.selenium.remote.service.DriverCommandExecutor.execute(DriverCommandExecutor.java:83)
                        	at org.openqa.selenium.remote.RemoteWebDriver.execute(RemoteWebDriver.java:586)
                        	at org.openqa.selenium.remote.RemoteWebDriver.startSession(RemoteWebDriver.java:217)
                        	at org.openqa.selenium.remote.RemoteWebDriver.&lt;init&gt;(RemoteWebDriver.java:140)
                        	at org.openqa.selenium.firefox.FirefoxDriver.&lt;init&gt;(FirefoxDriver.java:120)
                        	at org.openqa.selenium.firefox.FirefoxDriver.&lt;init&gt;(FirefoxDriver.java:98)
                        	at com.webtest.core.BaseTest.newWebDriver(BaseTest.java:50)
                        	at com.webtest.core.BaseTest.doBeforeMethod(BaseTest.java:136)
                        	at sun.reflect.NativeMethodAccessorImpl.invoke0(Native Method)
                        	at sun.reflect.NativeMethodAccessorImpl.invoke(Unknown Source)
                        	at sun.reflect.DelegatingMethodAccessorImpl.invoke(Unknown Source)
                        	at java.lang.reflect.Method.invoke(Unknown Source)
                        	at org.testng.internal.MethodInvocationHelper.invokeMethod(MethodInvocationHelper.java:85)
                        	at org.testng.internal.Invoker.invokeConfigurationMethod(Invoker.java:510)
                        	at org.testng.internal.Invoker.invokeConfigurations(Invoker.java:211)
                        	at org.testng.internal.Invoker.invokeConfigurations(Invoker.java:138)
                        	at org.testng.internal.TestMethodWorker.invokeBeforeClassMethods(TestMethodWorker.java:170)
                        	at org.testng.internal.TestMethodWorker.run(TestMethodWorker.java:104)
                        	at java.util.concurrent.ThreadPoolExecutor.runWorker(Unknown Source)
                        	at java.util.concurrent.ThreadPoolExecutor$Worker.run(Unknown Source)
                        	at java.lang.Thread.run(Unknown Source)
                     </pre>
                  </div>
               </td>
            </tr>
            <tr id="test.testPayNone_testLogin_byClass_SKIP2_row" class="testMethodStatusSKIP">
               <td width="100%" class="firstMethodCell">
                  <a onclick="toggleDetailsVisibility('test.testPayNone_testLogin_byClass_SKIP2_details')">testLogin()</a>
               </td>
               <td nowrap="true">09:39:36</td>
               <td nowrap="true" align="right">2 ms
                  
               </td>
               <td nowrap="true">
                   
                  
               </td>
            </tr>
            <tr>
               <td colspan="4" class="detailsBox">
                  <div id="test.testPayNone_testLogin_byClass_SKIP2_details" class="testMethodDetails">
                     <div>
                        <b>Name: </b>testLogin
                     </div>
                     <div>
                        <b>Signature: </b>testLogin()[pri:0, instance:test.testPayNone@51565ec2]
                     </div>
                     <div>
                        <b>Start time: </b>09:39:36
                     </div>
                     <div>
                        <b>End time: </b>09:39:36
                     </div>
                     <div>
                        <b>Duration: </b>2 ms
                        
                     </div>
                  </div>
               </td>
            </tr>
            <tr></tr>
            <tr id="test.testPayNone_testPayNone_byClass_SKIP3_row"
                class="testMethodStatusSKIP">
               <td width="100%" class="firstMethodCell">
                  <a onclick="toggleDetailsVisibility('test.testPayNone_testPayNone_byClass_SKIP3_details')">testPayNone()</a>
               </td>
               <td nowrap="true">09:39:36</td>
               <td nowrap="true" align="right">0 ms
                  
               </td>
               <td nowrap="true">
                  <a onclick="toggleDetailsVisibility('test.testPayNone_testPayNone_byClass_SKIP3_exception')">java.lang.Throwable: 
                     Method testPayNone.testPayNone()[pri:0, instance:test.testPayNone@51565ec2] depends on not successfully finished methods
                     
                  </a>
                   
                  
               </td>
            </tr>
            <tr>
               <td colspan="4" class="detailsBox">
                  <div id="test.testPayNone_testPayNone_byClass_SKIP3_details"
                       class="testMethodDetails">
                     <div>
                        <b>Name: </b>testPayNone
                     </div>
                     <div>
                        <b>Signature: </b>testPayNone()[pri:0, instance:test.testPayNone@51565ec2]
                     </div>
                     <div>
                        <b>Start time: </b>09:39:36
                     </div>
                     <div>
                        <b>End time: </b>09:39:36
                     </div>
                     <div>
                        <b>Duration: </b>0 ms
                        
                     </div>
                     <div>
                        <b>Depends on methods:
                           
                        </b>
                        <div>
                               -
                           test.testPayNone.testLogin
                        </div>
                     </div>
                  </div>
               </td>
            </tr>
            <tr>
               <td colspan="4" class="detailsBox">
                  <div id="test.testPayNone_testPayNone_byClass_SKIP3_exception"
                       class="testMethodDetails">
                     <pre style="padding: 5px; margin: 0;">java.lang.Throwable: Method testPayNone.testPayNone()[pri:0, instance:test.testPayNone@51565ec2] depends on not successfully
                        finished methods
                        	at org.testng.internal.Invoker.invokeTestMethods(Invoker.java:1033)
                        	at org.testng.internal.TestMethodWorker.invokeTestMethods(TestMethodWorker.java:125)
                        	at org.testng.internal.TestMethodWorker.run(TestMethodWorker.java:108)
                        	at java.util.concurrent.ThreadPoolExecutor.runWorker(Unknown Source)
                        	at java.util.concurrent.ThreadPoolExecutor$Worker.run(Unknown Source)
                        	at java.lang.Thread.run(Unknown Source)
                     </pre>
                  </div>
               </td>
            </tr>
            <tr id="test.testPayNone_doAfterMethod_byClass_SKIP4_row"
                class="testMethodStatusSKIP testMethodStatusCONF">
               <td width="100%" class="firstMethodCell">
                  <a onclick="toggleDetailsVisibility('test.testPayNone_doAfterMethod_byClass_SKIP4_details')">doAfterMethod()</a>
               </td>
               <td nowrap="true">09:39:36</td>
               <td nowrap="true" align="right">0 ms
                  
               </td>
               <td nowrap="true">
                   
                  
               </td>
            </tr>
            <tr>
               <td colspan="4" class="detailsBox">
                  <div id="test.testPayNone_doAfterMethod_byClass_SKIP4_details"
                       class="testMethodDetails">
                     <div>
                        <b>Name: </b>doAfterMethod
                     </div>
                     <div>
                        <b>Signature: </b>doAfterMethod()[pri:0, instance:test.testPayNone@51565ec2]
                     </div>
                     <div>
                        <b>Start time: </b>09:39:36
                     </div>
                     <div>
                        <b>End time: </b>09:39:36
                     </div>
                     <div>
                        <b>Duration: </b>0 ms
                        
                     </div>
                  </div>
               </td>
            </tr>
            <tr></tr>
         </table>
         <br></br>
         <table class="testMethodsTable" cellpadding="0" cellspacing="0">
            <tr>
               <td colspan="4">
                  <h3 style="display: inline;">test.testPayOne</h3>
               </td>
            </tr>
            <tr class="methodsTableHeader">
               <td width="100%">Name</td>
               <td nowrap="true">Started</td>
               <td nowrap="true">Duration</td>
               <td>Exception</td>
            </tr>
            <tr id="test.testPayOne_doBeforeMethod_byClass_FAIL1_row"
                class="testMethodStatusFAIL testMethodStatusCONF">
               <td width="100%" class="firstMethodCell">
                  <a onclick="toggleDetailsVisibility('test.testPayOne_doBeforeMethod_byClass_FAIL1_details')">doBeforeMethod()</a>
               </td>
               <td nowrap="true">09:37:43</td>
               <td nowrap="true" align="right">0 ms
                  
               </td>
               <td nowrap="true">
                  <a onclick="toggleDetailsVisibility('test.testPayOne_doBeforeMethod_byClass_FAIL1_exception')">org.openqa.selenium.WebDriverException: 
                     Process unexpectedly closed with status: 0
                     Build info: version: '3.6.0', revision: '6fbf3ec767', time: '2017-09-27T16:15:40.131Z'
                     System info: host: '火乐乐的电脑', ip: '169.254.52.63', os.name: 'Windows 10', os.arch: 'amd64', os.version: '10.0', java.version:
                     '1.8.0_144'
                     Driver info: driver.version: FirefoxDriver
                     remote stacktrace: stack backtrace:
                     0:           0x4821c4 - &lt;no info&gt;
                     1:           0x482933 - &lt;no info&gt;
                     2:           0x445159 - &lt;no info&gt;
                     3:           0x44c838 - &lt;no info&gt;
                     4:           0x43026a - &lt;no info&gt;
                     5:           0x40ba4e - &lt;no info&gt;
                     6:           0x4119b9 - &lt;no info&gt;
                     7:           0x6d2c89 - &lt;no info&gt;
                     8:           0x426006 - &lt;no info&gt;
                     9:           0x6cd490 - &lt;no info&gt;
                     10:     0x7ffa48bd8364 - BaseThreadInitThunk
                     
                  </a>
                   
                  
               </td>
            </tr>
            <tr>
               <td colspan="4" class="detailsBox">
                  <div id="test.testPayOne_doBeforeMethod_byClass_FAIL1_details"
                       class="testMethodDetails">
                     <div>
                        <b>Name: </b>doBeforeMethod
                     </div>
                     <div>
                        <b>Signature: </b>doBeforeMethod()[pri:0, instance:test.testPayOne@482f8f11]
                     </div>
                     <div>
                        <b>Start time: </b>09:37:43
                     </div>
                     <div>
                        <b>End time: </b>09:37:43
                     </div>
                     <div>
                        <b>Duration: </b>0 ms
                        
                     </div>
                  </div>
               </td>
            </tr>
            <tr>
               <td colspan="4" class="detailsBox">
                  <div id="test.testPayOne_doBeforeMethod_byClass_FAIL1_exception"
                       class="testMethodDetails">
                     <pre style="padding: 5px; margin: 0;">org.openqa.selenium.WebDriverException: Process unexpectedly closed with status: 0
                        Build info: version: '3.6.0', revision: '6fbf3ec767', time: '2017-09-27T16:15:40.131Z'
                        System info: host: '火乐乐的电脑', ip: '169.254.52.63', os.name: 'Windows 10', os.arch: 'amd64', os.version: '10.0', java.version:
                        '1.8.0_144'
                        Driver info: driver.version: FirefoxDriver
                        remote stacktrace: stack backtrace:
                        0:           0x4821c4 - &lt;no info&gt;
                        1:           0x482933 - &lt;no info&gt;
                        2:           0x445159 - &lt;no info&gt;
                        3:           0x44c838 - &lt;no info&gt;
                        4:           0x43026a - &lt;no info&gt;
                        5:           0x40ba4e - &lt;no info&gt;
                        6:           0x4119b9 - &lt;no info&gt;
                        7:           0x6d2c89 - &lt;no info&gt;
                        8:           0x426006 - &lt;no info&gt;
                        9:           0x6cd490 - &lt;no info&gt;
                        10:     0x7ffa48bd8364 - BaseThreadInitThunk
                        	at sun.reflect.NativeConstructorAccessorImpl.newInstance0(Native Method)
                        	at sun.reflect.NativeConstructorAccessorImpl.newInstance(Unknown Source)
                        	at sun.reflect.DelegatingConstructorAccessorImpl.newInstance(Unknown Source)
                        	at java.lang.reflect.Constructor.newInstance(Unknown Source)
                        	at org.openqa.selenium.remote.W3CHandshakeResponse.lambda$new$0(W3CHandshakeResponse.java:57)
                        	at org.openqa.selenium.remote.W3CHandshakeResponse.lambda$getResponseFunction$2(W3CHandshakeResponse.java:104)
                        	at org.openqa.selenium.remote.ProtocolHandshake.lambda$createSession$24(ProtocolHandshake.java:359)
                        	at java.util.stream.ReferencePipeline$3$1.accept(Unknown Source)
                        	at java.util.Spliterators$ArraySpliterator.tryAdvance(Unknown Source)
                        	at java.util.stream.ReferencePipeline.forEachWithCancel(Unknown Source)
                        	at java.util.stream.AbstractPipeline.copyIntoWithCancel(Unknown Source)
                        	at java.util.stream.AbstractPipeline.copyInto(Unknown Source)
                        	at java.util.stream.AbstractPipeline.wrapAndCopyInto(Unknown Source)
                        	at java.util.stream.FindOps$FindOp.evaluateSequential(Unknown Source)
                        	at java.util.stream.AbstractPipeline.evaluate(Unknown Source)
                        	at java.util.stream.ReferencePipeline.findFirst(Unknown Source)
                        	at org.openqa.selenium.remote.ProtocolHandshake.createSession(ProtocolHandshake.java:362)
                        	at org.openqa.selenium.remote.ProtocolHandshake.createSession(ProtocolHandshake.java:136)
                        	at org.openqa.selenium.remote.HttpCommandExecutor.execute(HttpCommandExecutor.java:142)
                        	at org.openqa.selenium.remote.service.DriverCommandExecutor.execute(DriverCommandExecutor.java:83)
                        	at org.openqa.selenium.remote.RemoteWebDriver.execute(RemoteWebDriver.java:586)
                        	at org.openqa.selenium.remote.RemoteWebDriver.startSession(RemoteWebDriver.java:217)
                        	at org.openqa.selenium.remote.RemoteWebDriver.&lt;init&gt;(RemoteWebDriver.java:140)
                        	at org.openqa.selenium.firefox.FirefoxDriver.&lt;init&gt;(FirefoxDriver.java:120)
                        	at org.openqa.selenium.firefox.FirefoxDriver.&lt;init&gt;(FirefoxDriver.java:98)
                        	at com.webtest.core.BaseTest.newWebDriver(BaseTest.java:50)
                        	at com.webtest.core.BaseTest.doBeforeMethod(BaseTest.java:136)
                        	at sun.reflect.NativeMethodAccessorImpl.invoke0(Native Method)
                        	at sun.reflect.NativeMethodAccessorImpl.invoke(Unknown Source)
                        	at sun.reflect.DelegatingMethodAccessorImpl.invoke(Unknown Source)
                        	at java.lang.reflect.Method.invoke(Unknown Source)
                        	at org.testng.internal.MethodInvocationHelper.invokeMethod(MethodInvocationHelper.java:85)
                        	at org.testng.internal.Invoker.invokeConfigurationMethod(Invoker.java:510)
                        	at org.testng.internal.Invoker.invokeConfigurations(Invoker.java:211)
                        	at org.testng.internal.Invoker.invokeConfigurations(Invoker.java:138)
                        	at org.testng.internal.TestMethodWorker.invokeBeforeClassMethods(TestMethodWorker.java:170)
                        	at org.testng.internal.TestMethodWorker.run(TestMethodWorker.java:104)
                        	at java.util.concurrent.ThreadPoolExecutor.runWorker(Unknown Source)
                        	at java.util.concurrent.ThreadPoolExecutor$Worker.run(Unknown Source)
                        	at java.lang.Thread.run(Unknown Source)
                     </pre>
                  </div>
               </td>
            </tr>
            <tr id="test.testPayOne_testLogin_byClass_SKIP2_row" class="testMethodStatusSKIP">
               <td width="100%" class="firstMethodCell">
                  <a onclick="toggleDetailsVisibility('test.testPayOne_testLogin_byClass_SKIP2_details')">testLogin()</a>
               </td>
               <td nowrap="true">09:39:53</td>
               <td nowrap="true" align="right">0 ms
                  
               </td>
               <td nowrap="true">
                   
                  
               </td>
            </tr>
            <tr>
               <td colspan="4" class="detailsBox">
                  <div id="test.testPayOne_testLogin_byClass_SKIP2_details" class="testMethodDetails">
                     <div>
                        <b>Name: </b>testLogin
                     </div>
                     <div>
                        <b>Signature: </b>testLogin()[pri:0, instance:test.testPayOne@482f8f11]
                     </div>
                     <div>
                        <b>Start time: </b>09:39:53
                     </div>
                     <div>
                        <b>End time: </b>09:39:53
                     </div>
                     <div>
                        <b>Duration: </b>0 ms
                        
                     </div>
                  </div>
               </td>
            </tr>
            <tr></tr>
            <tr id="test.testPayOne_testPayOne_byClass_SKIP3_row" class="testMethodStatusSKIP">
               <td width="100%" class="firstMethodCell">
                  <a onclick="toggleDetailsVisibility('test.testPayOne_testPayOne_byClass_SKIP3_details')">testPayOne()</a>
               </td>
               <td nowrap="true">09:39:53</td>
               <td nowrap="true" align="right">0 ms
                  
               </td>
               <td nowrap="true">
                  <a onclick="toggleDetailsVisibility('test.testPayOne_testPayOne_byClass_SKIP3_exception')">java.lang.Throwable: 
                     Method testPayOne.testPayOne()[pri:0, instance:test.testPayOne@482f8f11] depends on not successfully finished methods
                     
                  </a>
                   
                  
               </td>
            </tr>
            <tr>
               <td colspan="4" class="detailsBox">
                  <div id="test.testPayOne_testPayOne_byClass_SKIP3_details" class="testMethodDetails">
                     <div>
                        <b>Name: </b>testPayOne
                     </div>
                     <div>
                        <b>Signature: </b>testPayOne()[pri:0, instance:test.testPayOne@482f8f11]
                     </div>
                     <div>
                        <b>Start time: </b>09:39:53
                     </div>
                     <div>
                        <b>End time: </b>09:39:53
                     </div>
                     <div>
                        <b>Duration: </b>0 ms
                        
                     </div>
                     <div>
                        <b>Depends on methods:
                           
                        </b>
                        <div>
                               -
                           test.testPayOne.testLogin
                        </div>
                     </div>
                  </div>
               </td>
            </tr>
            <tr>
               <td colspan="4" class="detailsBox">
                  <div id="test.testPayOne_testPayOne_byClass_SKIP3_exception"
                       class="testMethodDetails">
                     <pre style="padding: 5px; margin: 0;">java.lang.Throwable: Method testPayOne.testPayOne()[pri:0, instance:test.testPayOne@482f8f11] depends on not successfully
                        finished methods
                        	at org.testng.internal.Invoker.invokeTestMethods(Invoker.java:1033)
                        	at org.testng.internal.TestMethodWorker.invokeTestMethods(TestMethodWorker.java:125)
                        	at org.testng.internal.TestMethodWorker.run(TestMethodWorker.java:108)
                        	at java.util.concurrent.ThreadPoolExecutor.runWorker(Unknown Source)
                        	at java.util.concurrent.ThreadPoolExecutor$Worker.run(Unknown Source)
                        	at java.lang.Thread.run(Unknown Source)
                     </pre>
                  </div>
               </td>
            </tr>
            <tr id="test.testPayOne_doAfterMethod_byClass_SKIP4_row"
                class="testMethodStatusSKIP testMethodStatusCONF">
               <td width="100%" class="firstMethodCell">
                  <a onclick="toggleDetailsVisibility('test.testPayOne_doAfterMethod_byClass_SKIP4_details')">doAfterMethod()</a>
               </td>
               <td nowrap="true">09:39:53</td>
               <td nowrap="true" align="right">0 ms
                  
               </td>
               <td nowrap="true">
                   
                  
               </td>
            </tr>
            <tr>
               <td colspan="4" class="detailsBox">
                  <div id="test.testPayOne_doAfterMethod_byClass_SKIP4_details"
                       class="testMethodDetails">
                     <div>
                        <b>Name: </b>doAfterMethod
                     </div>
                     <div>
                        <b>Signature: </b>doAfterMethod()[pri:0, instance:test.testPayOne@482f8f11]
                     </div>
                     <div>
                        <b>Start time: </b>09:39:53
                     </div>
                     <div>
                        <b>End time: </b>09:39:53
                     </div>
                     <div>
                        <b>Duration: </b>0 ms
                        
                     </div>
                  </div>
               </td>
            </tr>
            <tr></tr>
         </table>
         <br></br>
      </div>
      <div style="margin-top: 15px; color: gray; text-align: center; font-size: 9px;">
         Generated with
         
         <a href="http://code.google.com/p/testng-xslt/" style="color: #8888aa;"
            target="_blank">
            TestNG XSLT
            
         </a>
      </div>
   </body>
</html>