<?xml version="1.0" encoding="UTF-8"?>
<testng-results skipped="1" failed="0" total="10" passed="9">
  <reporter-output>
  </reporter-output>
  <suite name="Default suite" duration-ms="44842" started-at="2017-11-22T02:54:33Z" finished-at="2017-11-22T02:55:18Z">
    <groups>
    </groups>
    <test name="Default test" duration-ms="44842" started-at="2017-11-22T02:54:33Z" finished-at="2017-11-22T02:55:18Z">
      <class name="test.Zhuce">
        <test-method status="PASS" signature="addListener(org.testng.ITestContext)[pri:0, instance:test.Zhuce@5c7fa833]" name="addListener" is-config="true" duration-ms="16" started-at="2017-11-22T10:54:33Z" finished-at="2017-11-22T10:54:33Z">
          <params>
            <param index="0">
              <value>
                <![CDATA[org.testng.TestRunner@6821ea29]]>
              </value>
            </param>
          </params>
          <reporter-output>
          </reporter-output>
        </test-method> <!-- addListener -->
        <test-method status="PASS" signature="doBeforeMethod()[pri:0, instance:test.Zhuce@5c7fa833]" name="doBeforeMethod" is-config="true" duration-ms="10007" started-at="2017-11-22T10:54:33Z" finished-at="2017-11-22T10:54:43Z">
          <reporter-output>
          </reporter-output>
        </test-method> <!-- doBeforeMethod -->
        <test-method status="PASS" signature="testLogin()[pri:0, instance:test.Zhuce@5c7fa833]" name="testLogin" duration-ms="9887" started-at="2017-11-22T10:54:43Z" finished-at="2017-11-22T10:54:53Z">
          <reporter-output>
          </reporter-output>
        </test-method> <!-- testLogin -->
        <test-method status="PASS" signature="testAddMessage(java.lang.String, java.lang.String, java.lang.String, java.lang.String, java.lang.String)[pri:0, instance:test.Zhuce@5c7fa833]" name="testAddMessage" duration-ms="3191" started-at="2017-11-22T10:54:53Z" data-provider="s1" depends-on-methods="test.Zhuce.testLogin" finished-at="2017-11-22T10:54:56Z">
          <params>
            <param index="0">
              <value>
                <![CDATA[马佳烁1]]>
              </value>
            </param>
            <param index="1">
              <value>
                <![CDATA[1234@qq.com]]>
              </value>
            </param>
            <param index="2">
              <value>
                <![CDATA[majiashuo]]>
              </value>
            </param>
            <param index="3">
              <value>
                <![CDATA[123456]]>
              </value>
            </param>
            <param index="4">
              <value>
                <![CDATA[123456]]>
              </value>
            </param>
          </params>
          <reporter-output>
          </reporter-output>
        </test-method> <!-- testAddMessage -->
        <test-method status="PASS" signature="testAddMessage(java.lang.String, java.lang.String, java.lang.String, java.lang.String, java.lang.String)[pri:0, instance:test.Zhuce@5c7fa833]" name="testAddMessage" duration-ms="3045" started-at="2017-11-22T10:54:56Z" data-provider="s1" depends-on-methods="test.Zhuce.testLogin" finished-at="2017-11-22T10:54:59Z">
          <params>
            <param index="0">
              <value>
                <![CDATA[马佳烁，]]>
              </value>
            </param>
            <param index="1">
              <value>
                <![CDATA[1234@qq.com]]>
              </value>
            </param>
            <param index="2">
              <value>
                <![CDATA[majiashuo]]>
              </value>
            </param>
            <param index="3">
              <value>
                <![CDATA[123456]]>
              </value>
            </param>
            <param index="4">
              <value>
                <![CDATA[123456]]>
              </value>
            </param>
          </params>
          <reporter-output>
          </reporter-output>
        </test-method> <!-- testAddMessage -->
        <test-method status="PASS" signature="testAddMessage(java.lang.String, java.lang.String, java.lang.String, java.lang.String, java.lang.String)[pri:0, instance:test.Zhuce@5c7fa833]" name="testAddMessage" duration-ms="3043" started-at="2017-11-22T10:54:59Z" data-provider="s1" depends-on-methods="test.Zhuce.testLogin" finished-at="2017-11-22T10:55:02Z">
          <params>
            <param index="0">
              <value>
                <![CDATA[马佳烁123.]]>
              </value>
            </param>
            <param index="1">
              <value>
                <![CDATA[1234@qq.com]]>
              </value>
            </param>
            <param index="2">
              <value>
                <![CDATA[majiashuo]]>
              </value>
            </param>
            <param index="3">
              <value>
                <![CDATA[123456]]>
              </value>
            </param>
            <param index="4">
              <value>
                <![CDATA[123456]]>
              </value>
            </param>
          </params>
          <reporter-output>
          </reporter-output>
        </test-method> <!-- testAddMessage -->
        <test-method status="PASS" signature="testAddMessage(java.lang.String, java.lang.String, java.lang.String, java.lang.String, java.lang.String)[pri:0, instance:test.Zhuce@5c7fa833]" name="testAddMessage" duration-ms="3056" started-at="2017-11-22T10:55:02Z" data-provider="s1" depends-on-methods="test.Zhuce.testLogin" finished-at="2017-11-22T10:55:05Z">
          <params>
            <param index="0">
              <value>
                <![CDATA[majiashuo]]>
              </value>
            </param>
            <param index="1">
              <value>
                <![CDATA[1234@qq.com]]>
              </value>
            </param>
            <param index="2">
              <value>
                <![CDATA[majiashuo]]>
              </value>
            </param>
            <param index="3">
              <value>
                <![CDATA[123456]]>
              </value>
            </param>
            <param index="4">
              <value>
                <![CDATA[123456]]>
              </value>
            </param>
          </params>
          <reporter-output>
          </reporter-output>
        </test-method> <!-- testAddMessage -->
        <test-method status="PASS" signature="testAddMessage(java.lang.String, java.lang.String, java.lang.String, java.lang.String, java.lang.String)[pri:0, instance:test.Zhuce@5c7fa833]" name="testAddMessage" duration-ms="3042" started-at="2017-11-22T10:55:05Z" data-provider="s1" depends-on-methods="test.Zhuce.testLogin" finished-at="2017-11-22T10:55:08Z">
          <params>
            <param index="0">
              <value>
                <![CDATA[ ]]>
              </value>
            </param>
            <param index="1">
              <value>
                <![CDATA[1234@qq.com]]>
              </value>
            </param>
            <param index="2">
              <value>
                <![CDATA[majiashuo123]]>
              </value>
            </param>
            <param index="3">
              <value>
                <![CDATA[123456]]>
              </value>
            </param>
            <param index="4">
              <value>
                <![CDATA[123456]]>
              </value>
            </param>
          </params>
          <reporter-output>
          </reporter-output>
        </test-method> <!-- testAddMessage -->
        <test-method status="PASS" signature="testAddMessage(java.lang.String, java.lang.String, java.lang.String, java.lang.String, java.lang.String)[pri:0, instance:test.Zhuce@5c7fa833]" name="testAddMessage" duration-ms="3039" started-at="2017-11-22T10:55:08Z" data-provider="s1" depends-on-methods="test.Zhuce.testLogin" finished-at="2017-11-22T10:55:11Z">
          <params>
            <param index="0">
              <value>
                <![CDATA[majiashuo]]>
              </value>
            </param>
            <param index="1">
              <value>
                <![CDATA[1234@qq.com]]>
              </value>
            </param>
            <param index="2">
              <value>
                <![CDATA[ ]]>
              </value>
            </param>
            <param index="3">
              <value>
                <![CDATA[123456]]>
              </value>
            </param>
            <param index="4">
              <value>
                <![CDATA[123456]]>
              </value>
            </param>
          </params>
          <reporter-output>
          </reporter-output>
        </test-method> <!-- testAddMessage -->
        <test-method status="PASS" signature="testAddMessage(java.lang.String, java.lang.String, java.lang.String, java.lang.String, java.lang.String)[pri:0, instance:test.Zhuce@5c7fa833]" name="testAddMessage" duration-ms="3048" started-at="2017-11-22T10:55:11Z" data-provider="s1" depends-on-methods="test.Zhuce.testLogin" finished-at="2017-11-22T10:55:14Z">
          <params>
            <param index="0">
              <value>
                <![CDATA[majiashuo]]>
              </value>
            </param>
            <param index="1">
              <value>
                <![CDATA[1234@qq.com]]>
              </value>
            </param>
            <param index="2">
              <value>
                <![CDATA[m]]>
              </value>
            </param>
            <param index="3">
              <value>
                <![CDATA[12345]]>
              </value>
            </param>
            <param index="4">
              <value>
                <![CDATA[123]]>
              </value>
            </param>
          </params>
          <reporter-output>
          </reporter-output>
        </test-method> <!-- testAddMessage -->
        <test-method status="PASS" signature="testAddMessage(java.lang.String, java.lang.String, java.lang.String, java.lang.String, java.lang.String)[pri:0, instance:test.Zhuce@5c7fa833]" name="testAddMessage" duration-ms="3042" started-at="2017-11-22T10:55:14Z" data-provider="s1" depends-on-methods="test.Zhuce.testLogin" finished-at="2017-11-22T10:55:17Z">
          <params>
            <param index="0">
              <value>
                <![CDATA[majiashuo]]>
              </value>
            </param>
            <param index="1">
              <value>
                <![CDATA[1234@qq.com]]>
              </value>
            </param>
            <param index="2">
              <value>
                <![CDATA[majiashuo]]>
              </value>
            </param>
            <param index="3">
              <value>
                <![CDATA[mxjmjs..]]>
              </value>
            </param>
            <param index="4">
              <value>
                <![CDATA[mxjmjs..]]>
              </value>
            </param>
          </params>
          <reporter-output>
          </reporter-output>
        </test-method> <!-- testAddMessage -->
        <test-method status="SKIP" signature="testAddAddress(java.lang.String, java.lang.String, java.lang.String, java.lang.String, java.lang.String, java.lang.String, java.lang.String)[pri:0, instance:test.Zhuce@5c7fa833]" name="testAddAddress" duration-ms="0" started-at="2017-11-22T10:55:17Z" depends-on-methods="test.Zhuce.testAddMessage" finished-at="2017-11-22T10:55:17Z">
          <exception class="org.testng.TestNGException">
            <message>
              <![CDATA[
Method testAddAddress requires 7 parameters but 0 were supplied in the @Test annotation.]]>
            </message>
            <full-stacktrace>
              <![CDATA[org.testng.TestNGException: 
Method testAddAddress requires 7 parameters but 0 were supplied in the @Test annotation.
	at org.testng.internal.Parameters.checkParameterTypes(Parameters.java:191)
	at org.testng.internal.Parameters.createParameters(Parameters.java:127)
	at org.testng.internal.Parameters.createParameters(Parameters.java:376)
	at org.testng.internal.Parameters.handleParameters(Parameters.java:451)
	at org.testng.internal.Invoker.handleParameters(Invoker.java:1270)
	at org.testng.internal.Invoker.createParameters(Invoker.java:985)
	at org.testng.internal.Invoker.invokeTestMethods(Invoker.java:1075)
	at org.testng.internal.TestMethodWorker.invokeTestMethods(TestMethodWorker.java:125)
	at org.testng.internal.TestMethodWorker.run(TestMethodWorker.java:108)
	at org.testng.TestRunner.privateRun(TestRunner.java:774)
	at org.testng.TestRunner.run(TestRunner.java:624)
	at org.testng.SuiteRunner.runTest(SuiteRunner.java:359)
	at org.testng.SuiteRunner.runSequentially(SuiteRunner.java:354)
	at org.testng.SuiteRunner.privateRun(SuiteRunner.java:312)
	at org.testng.SuiteRunner.run(SuiteRunner.java:261)
	at org.testng.SuiteRunnerWorker.runSuite(SuiteRunnerWorker.java:52)
	at org.testng.SuiteRunnerWorker.run(SuiteRunnerWorker.java:86)
	at org.testng.TestNG.runSuitesSequentially(TestNG.java:1215)
	at org.testng.TestNG.runSuitesLocally(TestNG.java:1140)
	at org.testng.TestNG.run(TestNG.java:1048)
	at org.testng.remote.AbstractRemoteTestNG.run(AbstractRemoteTestNG.java:114)
	at org.testng.remote.RemoteTestNG.initAndRun(RemoteTestNG.java:251)
	at org.testng.remote.RemoteTestNG.main(RemoteTestNG.java:77)
]]>
            </full-stacktrace>
          </exception> <!-- org.testng.TestNGException -->
          <reporter-output>
          </reporter-output>
        </test-method> <!-- testAddAddress -->
        <test-method status="FAIL" signature="doAfterMethod()[pri:0, instance:test.Zhuce@5c7fa833]" name="doAfterMethod" is-config="true" duration-ms="0" started-at="2017-11-22T10:55:17Z" finished-at="2017-11-22T10:55:17Z">
          <exception class="org.openqa.selenium.SessionNotCreatedException">
            <message>
              <![CDATA[Tried to run command without establishing a connection
Build info: version: '3.6.0', revision: '6fbf3ec767', time: '2017-09-27T16:15:40.131Z'
System info: host: '火乐乐的电脑', ip: '169.254.52.63', os.name: 'Windows 10', os.arch: 'amd64', os.version: '10.0', java.version: '1.8.0_144'
Driver info: org.openqa.selenium.firefox.FirefoxDriver
Capabilities [{moz:profile=C:\Users\火乐乐\AppData\Local\Temp\rust_mozprofile.tOTe6rbopqG3, rotatable=false, timeouts={implicit=0, pageLoad=300000, script=30000}, pageLoadStrategy=normal, platform=XP, specificationLevel=0, moz:accessibilityChecks=false, acceptInsecureCerts=true, browserVersion=55.0.3, platformVersion=10.0, moz:processID=6572, browserName=firefox, javascriptEnabled=true, platformName=XP}]
Session ID: 957bbfc4-d781-411d-bfc7-d072bfc7c21b]]>
            </message>
            <full-stacktrace>
              <![CDATA[org.openqa.selenium.SessionNotCreatedException: Tried to run command without establishing a connection
Build info: version: '3.6.0', revision: '6fbf3ec767', time: '2017-09-27T16:15:40.131Z'
System info: host: '火乐乐的电脑', ip: '169.254.52.63', os.name: 'Windows 10', os.arch: 'amd64', os.version: '10.0', java.version: '1.8.0_144'
Driver info: org.openqa.selenium.firefox.FirefoxDriver
Capabilities [{moz:profile=C:\Users\火乐乐\AppData\Local\Temp\rust_mozprofile.tOTe6rbopqG3, rotatable=false, timeouts={implicit=0, pageLoad=300000, script=30000}, pageLoadStrategy=normal, platform=XP, specificationLevel=0, moz:accessibilityChecks=false, acceptInsecureCerts=true, browserVersion=55.0.3, platformVersion=10.0, moz:processID=6572, browserName=firefox, javascriptEnabled=true, platformName=XP}]
Session ID: 957bbfc4-d781-411d-bfc7-d072bfc7c21b
	at sun.reflect.GeneratedConstructorAccessor16.newInstance(Unknown Source)
	at sun.reflect.DelegatingConstructorAccessorImpl.newInstance(Unknown Source)
	at java.lang.reflect.Constructor.newInstance(Unknown Source)
	at org.openqa.selenium.remote.http.W3CHttpResponseCodec.createException(W3CHttpResponseCodec.java:185)
	at org.openqa.selenium.remote.http.W3CHttpResponseCodec.decode(W3CHttpResponseCodec.java:120)
	at org.openqa.selenium.remote.http.W3CHttpResponseCodec.decode(W3CHttpResponseCodec.java:49)
	at org.openqa.selenium.remote.HttpCommandExecutor.execute(HttpCommandExecutor.java:164)
	at org.openqa.selenium.remote.service.DriverCommandExecutor.execute(DriverCommandExecutor.java:83)
	at org.openqa.selenium.remote.RemoteWebDriver.execute(RemoteWebDriver.java:586)
	at org.openqa.selenium.remote.RemoteWebDriver.execute(RemoteWebDriver.java:643)
	at org.openqa.selenium.remote.RemoteWebDriver.quit(RemoteWebDriver.java:482)
	at com.webtest.core.BaseTest.doAfterMethod(BaseTest.java:149)
	at sun.reflect.NativeMethodAccessorImpl.invoke0(Native Method)
	at sun.reflect.NativeMethodAccessorImpl.invoke(Unknown Source)
	at sun.reflect.DelegatingMethodAccessorImpl.invoke(Unknown Source)
	at java.lang.reflect.Method.invoke(Unknown Source)
	at org.testng.internal.MethodInvocationHelper.invokeMethod(MethodInvocationHelper.java:85)
	at org.testng.internal.Invoker.invokeConfigurationMethod(Invoker.java:510)
	at org.testng.internal.Invoker.invokeConfigurations(Invoker.java:211)
	at org.testng.internal.Invoker.invokeConfigurations(Invoker.java:138)
	at org.testng.TestRunner.afterRun(TestRunner.java:1023)
	at org.testng.TestRunner.run(TestRunner.java:628)
	at org.testng.SuiteRunner.runTest(SuiteRunner.java:359)
	at org.testng.SuiteRunner.runSequentially(SuiteRunner.java:354)
	at org.testng.SuiteRunner.privateRun(SuiteRunner.java:312)
	at org.testng.SuiteRunner.run(SuiteRunner.java:261)
	at org.testng.SuiteRunnerWorker.runSuite(SuiteRunnerWorker.java:52)
	at org.testng.SuiteRunnerWorker.run(SuiteRunnerWorker.java:86)
	at org.testng.TestNG.runSuitesSequentially(TestNG.java:1215)
	at org.testng.TestNG.runSuitesLocally(TestNG.java:1140)
	at org.testng.TestNG.run(TestNG.java:1048)
	at org.testng.remote.AbstractRemoteTestNG.run(AbstractRemoteTestNG.java:114)
	at org.testng.remote.RemoteTestNG.initAndRun(RemoteTestNG.java:251)
	at org.testng.remote.RemoteTestNG.main(RemoteTestNG.java:77)
]]>
            </full-stacktrace>
          </exception> <!-- org.openqa.selenium.SessionNotCreatedException -->
          <reporter-output>
          </reporter-output>
        </test-method> <!-- doAfterMethod -->
      </class> <!-- test.Zhuce -->
    </test> <!-- Default test -->
  </suite> <!-- Default suite -->
</testng-results>
