<?xml version="1.0" encoding="UTF-8"?>
<!-- Generated by org.testng.reporters.JUnitReportReporter -->
<testsuite hostname="火乐乐的电脑" name="test.Zhuce" tests="10" failures="0" timestamp="22 Nov 2017 02:55:18 GMT" time="34.393" errors="1">
  <testcase name="testAddAddress" time="0.000" classname="test.Zhuce">
    <error type="org.testng.TestNGException" message="
Method testAddAddress requires 7 parameters but 0 were supplied in the @Test annotation.">
      <![CDATA[org.testng.TestNGException: 
Method testAddAddress requires 7 parameters but 0 were supplied in the @Test annotation.
	at org.testng.internal.Parameters.checkParameterTypes(Parameters.java:191)
	at org.testng.internal.Parameters.createParameters(Parameters.java:127)
	at org.testng.internal.Parameters.createParameters(Parameters.java:376)
	at org.testng.internal.Parameters.handleParameters(Parameters.java:451)
	at org.testng.internal.Invoker.handleParameters(Invoker.java:1270)
	at org.testng.internal.Invoker.createParameters(Invoker.java:985)
	at org.testng.internal.Invoker.invokeTestMethods(Invoker.java:1075)
	at org.testng.internal.TestMethodWorker.invokeTestMethods(TestMethodWorker.java:125)
	at org.testng.internal.TestMethodWorker.run(TestMethodWorker.java:108)
	at org.testng.TestRunner.privateRun(TestRunner.java:774)
	at org.testng.TestRunner.run(TestRunner.java:624)
	at org.testng.SuiteRunner.runTest(SuiteRunner.java:359)
	at org.testng.SuiteRunner.runSequentially(SuiteRunner.java:354)
	at org.testng.SuiteRunner.privateRun(SuiteRunner.java:312)
	at org.testng.SuiteRunner.run(SuiteRunner.java:261)
	at org.testng.SuiteRunnerWorker.runSuite(SuiteRunnerWorker.java:52)
	at org.testng.SuiteRunnerWorker.run(SuiteRunnerWorker.java:86)
	at org.testng.TestNG.runSuitesSequentially(TestNG.java:1215)
	at org.testng.TestNG.runSuitesLocally(TestNG.java:1140)
	at org.testng.TestNG.run(TestNG.java:1048)
	at org.testng.remote.AbstractRemoteTestNG.run(AbstractRemoteTestNG.java:114)
	at org.testng.remote.RemoteTestNG.initAndRun(RemoteTestNG.java:251)
	at org.testng.remote.RemoteTestNG.main(RemoteTestNG.java:77)
]]>
    </error>
  </testcase> <!-- testAddAddress -->
  <testcase name="testAddMessage" time="3.043" classname="test.Zhuce"/>
  <testcase name="testAddMessage" time="3.042" classname="test.Zhuce"/>
  <testcase name="testAddMessage" time="3.191" classname="test.Zhuce"/>
  <testcase name="testAddMessage" time="3.045" classname="test.Zhuce"/>
  <testcase name="testAddMessage" time="3.042" classname="test.Zhuce"/>
  <testcase name="testLogin" time="9.887" classname="test.Zhuce"/>
  <testcase name="testAddMessage" time="3.048" classname="test.Zhuce"/>
  <testcase name="testAddMessage" time="3.056" classname="test.Zhuce"/>
  <testcase name="testAddMessage" time="3.039" classname="test.Zhuce"/>
</testsuite> <!-- test.Zhuce -->
